<?xml version="1.0" encoding="UTF-8"?>
<coverage generated="1679665026576" clover="3.2.0">
  <project timestamp="1679665026576" name="All files">
    <metrics statements="523" coveredstatements="475" conditionals="132" coveredconditionals="124" methods="39" coveredmethods="30" elements="694" coveredelements="629" complexity="0" loc="523" ncloc="523" packages="1" files="5" classes="5"/>
    <file name="Interfaces.ts" path="/Users/luca.soda/Projects/strapi-handler/strapi-handler/lib/Interfaces.ts">
      <metrics statements="41" coveredstatements="41" conditionals="3" coveredconditionals="3" methods="0" coveredmethods="0"/>
      <line num="1" count="1" type="cond" truecount="1" falsecount="0"/>
      <line num="2" count="1" type="stmt"/>
      <line num="3" count="1" type="stmt"/>
      <line num="4" count="1" type="stmt"/>
      <line num="5" count="1" type="stmt"/>
      <line num="6" count="1" type="stmt"/>
      <line num="7" count="1" type="stmt"/>
      <line num="8" count="1" type="stmt"/>
      <line num="9" count="1" type="stmt"/>
      <line num="10" count="1" type="stmt"/>
      <line num="11" count="1" type="stmt"/>
      <line num="12" count="1" type="stmt"/>
      <line num="13" count="1" type="stmt"/>
      <line num="14" count="1" type="stmt"/>
      <line num="15" count="1" type="stmt"/>
      <line num="16" count="1" type="stmt"/>
      <line num="17" count="1" type="stmt"/>
      <line num="18" count="1" type="stmt"/>
      <line num="19" count="1" type="stmt"/>
      <line num="20" count="1" type="stmt"/>
      <line num="21" count="1" type="stmt"/>
      <line num="22" count="1" type="cond" truecount="1" falsecount="0"/>
      <line num="23" count="1" type="stmt"/>
      <line num="24" count="1" type="stmt"/>
      <line num="25" count="1" type="stmt"/>
      <line num="26" count="1" type="stmt"/>
      <line num="27" count="1" type="stmt"/>
      <line num="28" count="1" type="stmt"/>
      <line num="29" count="1" type="cond" truecount="1" falsecount="0"/>
      <line num="30" count="1" type="stmt"/>
      <line num="31" count="1" type="stmt"/>
      <line num="32" count="1" type="stmt"/>
      <line num="33" count="1" type="stmt"/>
      <line num="34" count="1" type="stmt"/>
      <line num="35" count="1" type="stmt"/>
      <line num="36" count="1" type="stmt"/>
      <line num="37" count="1" type="stmt"/>
      <line num="38" count="1" type="stmt"/>
      <line num="39" count="1" type="stmt"/>
      <line num="40" count="1" type="stmt"/>
      <line num="41" count="1" type="stmt"/>
    </file>
    <file name="StrapiChain.ts" path="/Users/luca.soda/Projects/strapi-handler/strapi-handler/lib/StrapiChain.ts">
      <metrics statements="73" coveredstatements="73" conditionals="26" coveredconditionals="26" methods="4" coveredmethods="4"/>
      <line num="1" count="1" type="stmt"/>
      <line num="2" count="1" type="stmt"/>
      <line num="3" count="1" type="stmt"/>
      <line num="4" count="1" type="stmt"/>
      <line num="5" count="1" type="stmt"/>
      <line num="6" count="1" type="stmt"/>
      <line num="7" count="1" type="stmt"/>
      <line num="8" count="1" type="cond" truecount="1" falsecount="0"/>
      <line num="9" count="63" type="cond" truecount="1" falsecount="0"/>
      <line num="10" count="63" type="stmt"/>
      <line num="11" count="63" type="cond" truecount="4" falsecount="0"/>
      <line num="12" count="63" type="stmt"/>
      <line num="13" count="63" type="stmt"/>
      <line num="14" count="1" type="stmt"/>
      <line num="15" count="1" type="cond" truecount="1" falsecount="0"/>
      <line num="16" count="40" type="stmt"/>
      <line num="17" count="40" type="cond" truecount="3" falsecount="0"/>
      <line num="18" count="1" type="stmt"/>
      <line num="19" count="1" type="stmt"/>
      <line num="20" count="40" type="stmt"/>
      <line num="21" count="40" type="stmt"/>
      <line num="22" count="40" type="stmt"/>
      <line num="23" count="40" type="stmt"/>
      <line num="24" count="40" type="stmt"/>
      <line num="25" count="40" type="stmt"/>
      <line num="26" count="40" type="stmt"/>
      <line num="27" count="1" type="stmt"/>
      <line num="28" count="1" type="cond" truecount="1" falsecount="0"/>
      <line num="29" count="2" type="stmt"/>
      <line num="30" count="2" type="cond" truecount="2" falsecount="0"/>
      <line num="31" count="2" type="stmt"/>
      <line num="32" count="2" type="stmt"/>
      <line num="33" count="2" type="stmt"/>
      <line num="34" count="2" type="stmt"/>
      <line num="35" count="2" type="stmt"/>
      <line num="36" count="2" type="stmt"/>
      <line num="37" count="2" type="stmt"/>
      <line num="38" count="2" type="stmt"/>
      <line num="39" count="2" type="stmt"/>
      <line num="40" count="2" type="stmt"/>
      <line num="41" count="2" type="stmt"/>
      <line num="42" count="2" type="stmt"/>
      <line num="43" count="2" type="stmt"/>
      <line num="44" count="1" type="stmt"/>
      <line num="45" count="1" type="cond" truecount="1" falsecount="0"/>
      <line num="46" count="19" type="stmt"/>
      <line num="47" count="19" type="cond" truecount="3" falsecount="0"/>
      <line num="48" count="3" type="stmt"/>
      <line num="49" count="3" type="stmt"/>
      <line num="50" count="19" type="cond" truecount="2" falsecount="0"/>
      <line num="51" count="3" type="stmt"/>
      <line num="52" count="3" type="stmt"/>
      <line num="53" count="19" type="cond" truecount="2" falsecount="0"/>
      <line num="54" count="6" type="cond" truecount="1" falsecount="0"/>
      <line num="55" count="5" type="stmt"/>
      <line num="56" count="5" type="stmt"/>
      <line num="57" count="1" type="cond" truecount="1" falsecount="0"/>
      <line num="58" count="1" type="stmt"/>
      <line num="59" count="1" type="cond" truecount="1" falsecount="0"/>
      <line num="60" count="5" type="cond" truecount="1" falsecount="0"/>
      <line num="61" count="2" type="stmt"/>
      <line num="62" count="2" type="stmt"/>
      <line num="63" count="1" type="stmt"/>
      <line num="64" count="1" type="stmt"/>
      <line num="65" count="1" type="stmt"/>
      <line num="66" count="6" type="stmt"/>
      <line num="67" count="10" type="cond" truecount="1" falsecount="0"/>
      <line num="68" count="10" type="stmt"/>
      <line num="69" count="10" type="stmt"/>
      <line num="70" count="19" type="stmt"/>
      <line num="71" count="1" type="stmt"/>
      <line num="72" count="1" type="stmt"/>
      <line num="73" count="1" type="stmt"/>
    </file>
    <file name="StrapiFindAll.ts" path="/Users/luca.soda/Projects/strapi-handler/strapi-handler/lib/StrapiFindAll.ts">
      <metrics statements="185" coveredstatements="139" conditionals="32" coveredconditionals="27" methods="16" coveredmethods="7"/>
      <line num="1" count="1" type="stmt"/>
      <line num="2" count="1" type="stmt"/>
      <line num="3" count="1" type="stmt"/>
      <line num="4" count="1" type="stmt"/>
      <line num="5" count="1" type="stmt"/>
      <line num="6" count="1" type="stmt"/>
      <line num="7" count="1" type="stmt"/>
      <line num="8" count="1" type="stmt"/>
      <line num="9" count="1" type="stmt"/>
      <line num="10" count="1" type="stmt"/>
      <line num="11" count="1" type="stmt"/>
      <line num="12" count="1" type="stmt"/>
      <line num="13" count="1" type="stmt"/>
      <line num="14" count="1" type="stmt"/>
      <line num="15" count="1" type="stmt"/>
      <line num="16" count="1" type="stmt"/>
      <line num="17" count="1" type="stmt"/>
      <line num="18" count="1" type="cond" truecount="1" falsecount="0"/>
      <line num="19" count="31" type="cond" truecount="2" falsecount="0"/>
      <line num="20" count="31" type="stmt"/>
      <line num="21" count="1" type="stmt"/>
      <line num="22" count="1" type="cond" truecount="1" falsecount="0"/>
      <line num="23" count="1" type="stmt"/>
      <line num="24" count="1" type="stmt"/>
      <line num="25" count="1" type="stmt"/>
      <line num="26" count="1" type="stmt"/>
      <line num="27" count="1" type="cond" truecount="1" falsecount="0"/>
      <line num="28" count="1" type="stmt"/>
      <line num="29" count="1" type="stmt"/>
      <line num="30" count="1" type="stmt"/>
      <line num="31" count="1" type="stmt"/>
      <line num="32" count="1" type="stmt"/>
      <line num="33" count="0" type="stmt"/>
      <line num="34" count="0" type="stmt"/>
      <line num="35" count="0" type="stmt"/>
      <line num="36" count="0" type="stmt"/>
      <line num="37" count="0" type="stmt"/>
      <line num="38" count="0" type="stmt"/>
      <line num="39" count="1" type="stmt"/>
      <line num="40" count="1" type="stmt"/>
      <line num="41" count="0" type="stmt"/>
      <line num="42" count="0" type="stmt"/>
      <line num="43" count="0" type="stmt"/>
      <line num="44" count="1" type="stmt"/>
      <line num="45" count="1" type="stmt"/>
      <line num="46" count="0" type="stmt"/>
      <line num="47" count="0" type="stmt"/>
      <line num="48" count="0" type="stmt"/>
      <line num="49" count="1" type="stmt"/>
      <line num="50" count="1" type="stmt"/>
      <line num="51" count="0" type="stmt"/>
      <line num="52" count="0" type="stmt"/>
      <line num="53" count="0" type="stmt"/>
      <line num="54" count="1" type="stmt"/>
      <line num="55" count="1" type="stmt"/>
      <line num="56" count="0" type="stmt"/>
      <line num="57" count="0" type="stmt"/>
      <line num="58" count="0" type="stmt"/>
      <line num="59" count="1" type="stmt"/>
      <line num="60" count="1" type="stmt"/>
      <line num="61" count="0" type="stmt"/>
      <line num="62" count="0" type="stmt"/>
      <line num="63" count="0" type="stmt"/>
      <line num="64" count="1" type="stmt"/>
      <line num="65" count="1" type="cond" truecount="1" falsecount="0"/>
      <line num="66" count="10" type="stmt"/>
      <line num="67" count="10" type="stmt"/>
      <line num="68" count="10" type="stmt"/>
      <line num="69" count="10" type="stmt"/>
      <line num="70" count="10" type="stmt"/>
      <line num="71" count="10" type="cond" truecount="2" falsecount="0"/>
      <line num="72" count="10" type="cond" truecount="2" falsecount="0"/>
      <line num="73" count="10" type="stmt"/>
      <line num="74" count="10" type="stmt"/>
      <line num="75" count="10" type="stmt"/>
      <line num="76" count="1" type="stmt"/>
      <line num="77" count="1" type="stmt"/>
      <line num="78" count="0" type="stmt"/>
      <line num="79" count="0" type="stmt"/>
      <line num="80" count="0" type="stmt"/>
      <line num="81" count="1" type="stmt"/>
      <line num="82" count="1" type="stmt"/>
      <line num="83" count="0" type="stmt"/>
      <line num="84" count="0" type="stmt"/>
      <line num="85" count="0" type="stmt"/>
      <line num="86" count="1" type="stmt"/>
      <line num="87" count="1" type="stmt"/>
      <line num="88" count="0" type="stmt"/>
      <line num="89" count="0" type="stmt"/>
      <line num="90" count="0" type="stmt"/>
      <line num="91" count="1" type="stmt"/>
      <line num="92" count="1" type="cond" truecount="1" falsecount="0"/>
      <line num="93" count="1" type="cond" truecount="0" falsecount="1"/>
      <line num="94" count="0" type="stmt"/>
      <line num="95" count="0" type="stmt"/>
      <line num="96" count="1" type="stmt"/>
      <line num="97" count="1" type="stmt"/>
      <line num="98" count="1" type="stmt"/>
      <line num="99" count="1" type="stmt"/>
      <line num="100" count="1" type="stmt"/>
      <line num="101" count="1" type="cond" truecount="1" falsecount="0"/>
      <line num="102" count="3" type="cond" truecount="0" falsecount="1"/>
      <line num="103" count="0" type="stmt"/>
      <line num="104" count="0" type="stmt"/>
      <line num="105" count="3" type="stmt"/>
      <line num="106" count="3" type="stmt"/>
      <line num="107" count="3" type="stmt"/>
      <line num="108" count="3" type="stmt"/>
      <line num="109" count="1" type="stmt"/>
      <line num="110" count="1" type="cond" truecount="1" falsecount="0"/>
      <line num="111" count="29" type="cond" truecount="0" falsecount="1"/>
      <line num="112" count="0" type="stmt"/>
      <line num="113" count="0" type="stmt"/>
      <line num="114" count="29" type="stmt"/>
      <line num="115" count="29" type="cond" truecount="1" falsecount="0"/>
      <line num="116" count="10" type="stmt"/>
      <line num="117" count="10" type="cond" truecount="1" falsecount="0"/>
      <line num="118" count="29" type="stmt"/>
      <line num="119" count="29" type="cond" truecount="1" falsecount="0"/>
      <line num="120" count="28" type="cond" truecount="1" falsecount="0"/>
      <line num="121" count="8" type="stmt"/>
      <line num="122" count="8" type="stmt"/>
      <line num="123" count="8" type="stmt"/>
      <line num="124" count="28" type="stmt"/>
      <line num="125" count="28" type="stmt"/>
      <line num="126" count="29" type="stmt"/>
      <line num="127" count="29" type="cond" truecount="1" falsecount="0"/>
      <line num="128" count="10" type="stmt"/>
      <line num="129" count="10" type="cond" truecount="1" falsecount="0"/>
      <line num="130" count="29" type="stmt"/>
      <line num="131" count="29" type="cond" truecount="1" falsecount="0"/>
      <line num="132" count="27" type="cond" truecount="1" falsecount="0"/>
      <line num="133" count="6" type="stmt"/>
      <line num="134" count="6" type="stmt"/>
      <line num="135" count="6" type="stmt"/>
      <line num="136" count="27" type="stmt"/>
      <line num="137" count="27" type="stmt"/>
      <line num="138" count="29" type="cond" truecount="1" falsecount="0"/>
      <line num="139" count="10" type="stmt"/>
      <line num="140" count="10" type="stmt"/>
      <line num="141" count="10" type="cond" truecount="1" falsecount="0"/>
      <line num="142" count="4" type="stmt"/>
      <line num="143" count="4" type="stmt"/>
      <line num="144" count="10" type="cond" truecount="1" falsecount="0"/>
      <line num="145" count="2" type="stmt"/>
      <line num="146" count="2" type="stmt"/>
      <line num="147" count="10" type="cond" truecount="1" falsecount="0"/>
      <line num="148" count="1" type="stmt"/>
      <line num="149" count="1" type="stmt"/>
      <line num="150" count="9" type="cond" truecount="1" falsecount="0"/>
      <line num="151" count="9" type="stmt"/>
      <line num="152" count="9" type="stmt"/>
      <line num="153" count="29" type="stmt"/>
      <line num="154" count="29" type="stmt"/>
      <line num="155" count="29" type="stmt"/>
      <line num="156" count="29" type="stmt"/>
      <line num="157" count="29" type="stmt"/>
      <line num="158" count="29" type="stmt"/>
      <line num="159" count="29" type="cond" truecount="1" falsecount="0"/>
      <line num="160" count="53" type="stmt"/>
      <line num="161" count="53" type="cond" truecount="0" falsecount="1"/>
      <line num="162" count="0" type="stmt"/>
      <line num="163" count="0" type="stmt"/>
      <line num="164" count="53" type="cond" truecount="0" falsecount="1"/>
      <line num="165" count="0" type="stmt"/>
      <line num="166" count="0" type="stmt"/>
      <line num="167" count="0" type="stmt"/>
      <line num="168" count="0" type="stmt"/>
      <line num="169" count="0" type="stmt"/>
      <line num="170" count="0" type="stmt"/>
      <line num="171" count="53" type="stmt"/>
      <line num="172" count="0" type="stmt"/>
      <line num="173" count="0" type="stmt"/>
      <line num="174" count="53" type="stmt"/>
      <line num="175" count="53" type="stmt"/>
      <line num="176" count="29" type="stmt"/>
      <line num="177" count="29" type="stmt"/>
      <line num="178" count="29" type="stmt"/>
      <line num="179" count="29" type="stmt"/>
      <line num="180" count="29" type="stmt"/>
      <line num="181" count="29" type="stmt"/>
      <line num="182" count="1" type="stmt"/>
      <line num="183" count="1" type="stmt"/>
      <line num="184" count="1" type="stmt"/>
      <line num="185" count="1" type="stmt"/>
    </file>
    <file name="StrapiFindOne.ts" path="/Users/luca.soda/Projects/strapi-handler/strapi-handler/lib/StrapiFindOne.ts">
      <metrics statements="161" coveredstatements="161" conditionals="44" coveredconditionals="44" methods="13" coveredmethods="13"/>
      <line num="1" count="1" type="stmt"/>
      <line num="2" count="1" type="stmt"/>
      <line num="3" count="1" type="stmt"/>
      <line num="4" count="1" type="stmt"/>
      <line num="5" count="1" type="stmt"/>
      <line num="6" count="1" type="stmt"/>
      <line num="7" count="1" type="stmt"/>
      <line num="8" count="1" type="stmt"/>
      <line num="9" count="1" type="stmt"/>
      <line num="10" count="1" type="stmt"/>
      <line num="11" count="1" type="stmt"/>
      <line num="12" count="1" type="stmt"/>
      <line num="13" count="1" type="stmt"/>
      <line num="14" count="1" type="stmt"/>
      <line num="15" count="1" type="stmt"/>
      <line num="16" count="1" type="cond" truecount="1" falsecount="0"/>
      <line num="17" count="65" type="cond" truecount="2" falsecount="0"/>
      <line num="18" count="65" type="stmt"/>
      <line num="19" count="1" type="stmt"/>
      <line num="20" count="1" type="cond" truecount="1" falsecount="0"/>
      <line num="21" count="63" type="stmt"/>
      <line num="22" count="63" type="stmt"/>
      <line num="23" count="63" type="stmt"/>
      <line num="24" count="1" type="stmt"/>
      <line num="25" count="1" type="cond" truecount="1" falsecount="0"/>
      <line num="26" count="63" type="stmt"/>
      <line num="27" count="63" type="stmt"/>
      <line num="28" count="63" type="stmt"/>
      <line num="29" count="1" type="stmt"/>
      <line num="30" count="1" type="cond" truecount="1" falsecount="0"/>
      <line num="31" count="63" type="stmt"/>
      <line num="32" count="63" type="cond" truecount="2" falsecount="0"/>
      <line num="33" count="63" type="stmt"/>
      <line num="34" count="1" type="stmt"/>
      <line num="35" count="1" type="cond" truecount="1" falsecount="0"/>
      <line num="36" count="1" type="stmt"/>
      <line num="37" count="1" type="stmt"/>
      <line num="38" count="1" type="stmt"/>
      <line num="39" count="1" type="stmt"/>
      <line num="40" count="1" type="cond" truecount="1" falsecount="0"/>
      <line num="41" count="54" type="stmt"/>
      <line num="42" count="54" type="stmt"/>
      <line num="43" count="54" type="stmt"/>
      <line num="44" count="54" type="stmt"/>
      <line num="45" count="54" type="stmt"/>
      <line num="46" count="54" type="cond" truecount="2" falsecount="0"/>
      <line num="47" count="54" type="cond" truecount="2" falsecount="0"/>
      <line num="48" count="54" type="stmt"/>
      <line num="49" count="54" type="stmt"/>
      <line num="50" count="54" type="stmt"/>
      <line num="51" count="1" type="stmt"/>
      <line num="52" count="1" type="cond" truecount="1" falsecount="0"/>
      <line num="53" count="1" type="stmt"/>
      <line num="54" count="1" type="stmt"/>
      <line num="55" count="1" type="stmt"/>
      <line num="56" count="1" type="stmt"/>
      <line num="57" count="1" type="cond" truecount="1" falsecount="0"/>
      <line num="58" count="1" type="stmt"/>
      <line num="59" count="1" type="stmt"/>
      <line num="60" count="1" type="stmt"/>
      <line num="61" count="1" type="stmt"/>
      <line num="62" count="1" type="cond" truecount="1" falsecount="0"/>
      <line num="63" count="1" type="stmt"/>
      <line num="64" count="1" type="stmt"/>
      <line num="65" count="1" type="stmt"/>
      <line num="66" count="1" type="stmt"/>
      <line num="67" count="1" type="cond" truecount="1" falsecount="0"/>
      <line num="68" count="3" type="stmt"/>
      <line num="69" count="3" type="stmt"/>
      <line num="70" count="3" type="stmt"/>
      <line num="71" count="1" type="stmt"/>
      <line num="72" count="1" type="cond" truecount="1" falsecount="0"/>
      <line num="73" count="4" type="cond" truecount="1" falsecount="0"/>
      <line num="74" count="1" type="stmt"/>
      <line num="75" count="1" type="stmt"/>
      <line num="76" count="3" type="cond" truecount="1" falsecount="0"/>
      <line num="77" count="3" type="stmt"/>
      <line num="78" count="3" type="stmt"/>
      <line num="79" count="3" type="stmt"/>
      <line num="80" count="1" type="stmt"/>
      <line num="81" count="1" type="cond" truecount="1" falsecount="0"/>
      <line num="82" count="4" type="cond" truecount="1" falsecount="0"/>
      <line num="83" count="1" type="stmt"/>
      <line num="84" count="1" type="stmt"/>
      <line num="85" count="3" type="cond" truecount="1" falsecount="0"/>
      <line num="86" count="3" type="stmt"/>
      <line num="87" count="3" type="stmt"/>
      <line num="88" count="3" type="stmt"/>
      <line num="89" count="1" type="stmt"/>
      <line num="90" count="1" type="cond" truecount="1" falsecount="0"/>
      <line num="91" count="63" type="stmt"/>
      <line num="92" count="63" type="stmt"/>
      <line num="93" count="63" type="stmt"/>
      <line num="94" count="63" type="cond" truecount="1" falsecount="0"/>
      <line num="95" count="52" type="stmt"/>
      <line num="96" count="52" type="cond" truecount="1" falsecount="0"/>
      <line num="97" count="63" type="stmt"/>
      <line num="98" count="63" type="cond" truecount="1" falsecount="0"/>
      <line num="99" count="62" type="cond" truecount="1" falsecount="0"/>
      <line num="100" count="50" type="stmt"/>
      <line num="101" count="50" type="stmt"/>
      <line num="102" count="50" type="stmt"/>
      <line num="103" count="62" type="stmt"/>
      <line num="104" count="62" type="stmt"/>
      <line num="105" count="63" type="stmt"/>
      <line num="106" count="63" type="cond" truecount="1" falsecount="0"/>
      <line num="107" count="52" type="stmt"/>
      <line num="108" count="52" type="cond" truecount="1" falsecount="0"/>
      <line num="109" count="63" type="stmt"/>
      <line num="110" count="63" type="cond" truecount="1" falsecount="0"/>
      <line num="111" count="62" type="cond" truecount="1" falsecount="0"/>
      <line num="112" count="50" type="stmt"/>
      <line num="113" count="50" type="stmt"/>
      <line num="114" count="50" type="stmt"/>
      <line num="115" count="62" type="stmt"/>
      <line num="116" count="62" type="stmt"/>
      <line num="117" count="63" type="cond" truecount="1" falsecount="0"/>
      <line num="118" count="52" type="stmt"/>
      <line num="119" count="52" type="stmt"/>
      <line num="120" count="52" type="cond" truecount="1" falsecount="0"/>
      <line num="121" count="2" type="stmt"/>
      <line num="122" count="2" type="stmt"/>
      <line num="123" count="52" type="cond" truecount="1" falsecount="0"/>
      <line num="124" count="2" type="stmt"/>
      <line num="125" count="2" type="stmt"/>
      <line num="126" count="52" type="cond" truecount="1" falsecount="0"/>
      <line num="127" count="1" type="stmt"/>
      <line num="128" count="1" type="stmt"/>
      <line num="129" count="51" type="cond" truecount="1" falsecount="0"/>
      <line num="130" count="51" type="stmt"/>
      <line num="131" count="51" type="stmt"/>
      <line num="132" count="63" type="stmt"/>
      <line num="133" count="63" type="stmt"/>
      <line num="134" count="63" type="stmt"/>
      <line num="135" count="63" type="stmt"/>
      <line num="136" count="63" type="stmt"/>
      <line num="137" count="63" type="stmt"/>
      <line num="138" count="63" type="cond" truecount="1" falsecount="0"/>
      <line num="139" count="59" type="stmt"/>
      <line num="140" count="59" type="cond" truecount="1" falsecount="0"/>
      <line num="141" count="1" type="stmt"/>
      <line num="142" count="1" type="stmt"/>
      <line num="143" count="59" type="cond" truecount="1" falsecount="0"/>
      <line num="144" count="3" type="cond" truecount="1" falsecount="0"/>
      <line num="145" count="13" type="cond" truecount="1" falsecount="0"/>
      <line num="146" count="10" type="stmt"/>
      <line num="147" count="10" type="stmt"/>
      <line num="148" count="3" type="stmt"/>
      <line num="149" count="3" type="stmt"/>
      <line num="150" count="59" type="cond" truecount="1" falsecount="0"/>
      <line num="151" count="1" type="stmt"/>
      <line num="152" count="1" type="stmt"/>
      <line num="153" count="59" type="stmt"/>
      <line num="154" count="59" type="stmt"/>
      <line num="155" count="63" type="stmt"/>
      <line num="156" count="63" type="stmt"/>
      <line num="157" count="63" type="stmt"/>
      <line num="158" count="1" type="stmt"/>
      <line num="159" count="1" type="stmt"/>
      <line num="160" count="1" type="stmt"/>
      <line num="161" count="1" type="stmt"/>
    </file>
    <file name="StrapiHandler.ts" path="/Users/luca.soda/Projects/strapi-handler/strapi-handler/lib/StrapiHandler.ts">
      <metrics statements="63" coveredstatements="61" conditionals="27" coveredconditionals="24" methods="6" coveredmethods="6"/>
      <line num="1" count="1" type="stmt"/>
      <line num="2" count="1" type="stmt"/>
      <line num="3" count="1" type="stmt"/>
      <line num="4" count="1" type="stmt"/>
      <line num="5" count="1" type="stmt"/>
      <line num="6" count="1" type="cond" truecount="1" falsecount="0"/>
      <line num="7" count="1" type="stmt"/>
      <line num="8" count="1" type="cond" truecount="1" falsecount="0"/>
      <line num="9" count="31" type="stmt"/>
      <line num="10" count="31" type="stmt"/>
      <line num="11" count="1" type="stmt"/>
      <line num="12" count="1" type="cond" truecount="1" falsecount="0"/>
      <line num="13" count="65" type="stmt"/>
      <line num="14" count="65" type="stmt"/>
      <line num="15" count="1" type="stmt"/>
      <line num="16" count="1" type="cond" truecount="1" falsecount="0"/>
      <line num="17" count="40" type="cond" truecount="0" falsecount="1"/>
      <line num="18" count="40" type="stmt"/>
      <line num="19" count="40" type="stmt"/>
      <line num="20" count="40" type="stmt"/>
      <line num="21" count="40" type="stmt"/>
      <line num="22" count="40" type="stmt"/>
      <line num="23" count="40" type="stmt"/>
      <line num="24" count="40" type="stmt"/>
      <line num="25" count="40" type="stmt"/>
      <line num="26" count="40" type="stmt"/>
      <line num="27" count="40" type="stmt"/>
      <line num="28" count="1" type="stmt"/>
      <line num="29" count="1" type="stmt"/>
      <line num="30" count="1" type="cond" truecount="1" falsecount="0"/>
      <line num="31" count="184" type="cond" truecount="5" falsecount="1"/>
      <line num="32" count="184" type="stmt"/>
      <line num="33" count="1" type="stmt"/>
      <line num="34" count="1" type="cond" truecount="1" falsecount="0"/>
      <line num="35" count="184" type="cond" truecount="1" falsecount="0"/>
      <line num="36" count="158" type="cond" truecount="1" falsecount="0"/>
      <line num="37" count="82" type="stmt"/>
      <line num="38" count="82" type="stmt"/>
      <line num="39" count="158" type="cond" truecount="1" falsecount="0"/>
      <line num="40" count="194" type="stmt"/>
      <line num="41" count="194" type="stmt"/>
      <line num="42" count="158" type="stmt"/>
      <line num="43" count="158" type="cond" truecount="1" falsecount="0"/>
      <line num="44" count="194" type="stmt"/>
      <line num="45" count="194" type="stmt"/>
      <line num="46" count="194" type="cond" truecount="1" falsecount="0"/>
      <line num="47" count="964" type="cond" truecount="4" falsecount="0"/>
      <line num="48" count="2" type="stmt"/>
      <line num="49" count="2" type="stmt"/>
      <line num="50" count="964" type="cond" truecount="3" falsecount="1"/>
      <line num="51" count="0" type="stmt"/>
      <line num="52" count="0" type="stmt"/>
      <line num="53" count="964" type="stmt"/>
      <line num="54" count="194" type="stmt"/>
      <line num="55" count="158" type="stmt"/>
      <line num="56" count="158" type="stmt"/>
      <line num="57" count="26" type="cond" truecount="1" falsecount="0"/>
      <line num="58" count="26" type="stmt"/>
      <line num="59" count="26" type="stmt"/>
      <line num="60" count="184" type="stmt"/>
      <line num="61" count="1" type="stmt"/>
      <line num="62" count="1" type="stmt"/>
      <line num="63" count="1" type="stmt"/>
    </file>
  </project>
</coverage>
