<?xml version="1.0" encoding="UTF-8"?>
<coverage generated="1679769555072" clover="3.2.0">
  <project timestamp="1679769555072" name="All files">
    <metrics statements="570" coveredstatements="570" conditionals="163" coveredconditionals="161" methods="46" coveredmethods="46" elements="779" coveredelements="777" complexity="0" loc="570" ncloc="570" packages="1" files="5" classes="5"/>
    <file name="Interfaces.ts" path="/Users/luca.soda/Projects/strapi-handler/strapi-handler/lib/Interfaces.ts">
      <metrics statements="41" coveredstatements="41" conditionals="3" coveredconditionals="3" methods="0" coveredmethods="0"/>
      <line num="1" count="1" type="cond" truecount="1" falsecount="0"/>
      <line num="2" count="1" type="stmt"/>
      <line num="3" count="1" type="stmt"/>
      <line num="4" count="1" type="stmt"/>
      <line num="5" count="1" type="stmt"/>
      <line num="6" count="1" type="stmt"/>
      <line num="7" count="1" type="stmt"/>
      <line num="8" count="1" type="stmt"/>
      <line num="9" count="1" type="stmt"/>
      <line num="10" count="1" type="stmt"/>
      <line num="11" count="1" type="stmt"/>
      <line num="12" count="1" type="stmt"/>
      <line num="13" count="1" type="stmt"/>
      <line num="14" count="1" type="stmt"/>
      <line num="15" count="1" type="stmt"/>
      <line num="16" count="1" type="stmt"/>
      <line num="17" count="1" type="stmt"/>
      <line num="18" count="1" type="stmt"/>
      <line num="19" count="1" type="stmt"/>
      <line num="20" count="1" type="stmt"/>
      <line num="21" count="1" type="stmt"/>
      <line num="22" count="1" type="cond" truecount="1" falsecount="0"/>
      <line num="23" count="1" type="stmt"/>
      <line num="24" count="1" type="stmt"/>
      <line num="25" count="1" type="stmt"/>
      <line num="26" count="1" type="stmt"/>
      <line num="27" count="1" type="stmt"/>
      <line num="28" count="1" type="stmt"/>
      <line num="29" count="1" type="cond" truecount="1" falsecount="0"/>
      <line num="30" count="1" type="stmt"/>
      <line num="31" count="1" type="stmt"/>
      <line num="32" count="1" type="stmt"/>
      <line num="33" count="1" type="stmt"/>
      <line num="34" count="1" type="stmt"/>
      <line num="35" count="1" type="stmt"/>
      <line num="36" count="1" type="stmt"/>
      <line num="37" count="1" type="stmt"/>
      <line num="38" count="1" type="stmt"/>
      <line num="39" count="1" type="stmt"/>
      <line num="40" count="1" type="stmt"/>
      <line num="41" count="1" type="stmt"/>
    </file>
    <file name="StrapiChain.ts" path="/Users/luca.soda/Projects/strapi-handler/strapi-handler/lib/StrapiChain.ts">
      <metrics statements="60" coveredstatements="60" conditionals="22" coveredconditionals="22" methods="4" coveredmethods="4"/>
      <line num="1" count="1" type="stmt"/>
      <line num="2" count="1" type="stmt"/>
      <line num="3" count="1" type="stmt"/>
      <line num="4" count="1" type="stmt"/>
      <line num="5" count="1" type="stmt"/>
      <line num="6" count="1" type="stmt"/>
      <line num="7" count="1" type="stmt"/>
      <line num="8" count="1" type="cond" truecount="1" falsecount="0"/>
      <line num="9" count="616" type="cond" truecount="1" falsecount="0"/>
      <line num="10" count="616" type="stmt"/>
      <line num="11" count="616" type="cond" truecount="4" falsecount="0"/>
      <line num="12" count="616" type="stmt"/>
      <line num="13" count="616" type="stmt"/>
      <line num="14" count="1" type="stmt"/>
      <line num="15" count="1" type="cond" truecount="1" falsecount="0"/>
      <line num="16" count="484" type="stmt"/>
      <line num="17" count="484" type="cond" truecount="3" falsecount="0"/>
      <line num="18" count="1" type="stmt"/>
      <line num="19" count="1" type="stmt"/>
      <line num="20" count="484" type="stmt"/>
      <line num="21" count="484" type="stmt"/>
      <line num="22" count="484" type="stmt"/>
      <line num="23" count="484" type="stmt"/>
      <line num="24" count="484" type="stmt"/>
      <line num="25" count="484" type="stmt"/>
      <line num="26" count="484" type="stmt"/>
      <line num="27" count="1" type="stmt"/>
      <line num="28" count="1" type="cond" truecount="1" falsecount="0"/>
      <line num="29" count="5" type="stmt"/>
      <line num="30" count="5" type="cond" truecount="3" falsecount="0"/>
      <line num="31" count="1" type="stmt"/>
      <line num="32" count="1" type="stmt"/>
      <line num="33" count="5" type="stmt"/>
      <line num="34" count="5" type="stmt"/>
      <line num="35" count="5" type="stmt"/>
      <line num="36" count="5" type="stmt"/>
      <line num="37" count="5" type="stmt"/>
      <line num="38" count="5" type="stmt"/>
      <line num="39" count="5" type="stmt"/>
      <line num="40" count="5" type="stmt"/>
      <line num="41" count="5" type="stmt"/>
      <line num="42" count="5" type="stmt"/>
      <line num="43" count="5" type="stmt"/>
      <line num="44" count="1" type="stmt"/>
      <line num="45" count="1" type="cond" truecount="1" falsecount="0"/>
      <line num="46" count="127" type="stmt"/>
      <line num="47" count="127" type="cond" truecount="3" falsecount="0"/>
      <line num="48" count="73" type="stmt"/>
      <line num="49" count="73" type="stmt"/>
      <line num="50" count="127" type="cond" truecount="2" falsecount="0"/>
      <line num="51" count="1" type="stmt"/>
      <line num="52" count="1" type="stmt"/>
      <line num="53" count="127" type="cond" truecount="2" falsecount="0"/>
      <line num="54" count="18" type="stmt"/>
      <line num="55" count="18" type="stmt"/>
      <line num="56" count="127" type="stmt"/>
      <line num="57" count="127" type="stmt"/>
      <line num="58" count="1" type="stmt"/>
      <line num="59" count="1" type="stmt"/>
      <line num="60" count="1" type="stmt"/>
    </file>
    <file name="StrapiFindAll.ts" path="/Users/luca.soda/Projects/strapi-handler/strapi-handler/lib/StrapiFindAll.ts">
      <metrics statements="203" coveredstatements="203" conditionals="58" coveredconditionals="58" methods="17" coveredmethods="17"/>
      <line num="1" count="1" type="stmt"/>
      <line num="2" count="1" type="stmt"/>
      <line num="3" count="1" type="stmt"/>
      <line num="4" count="1" type="stmt"/>
      <line num="5" count="1" type="stmt"/>
      <line num="6" count="1" type="stmt"/>
      <line num="7" count="1" type="stmt"/>
      <line num="8" count="1" type="stmt"/>
      <line num="9" count="1" type="stmt"/>
      <line num="10" count="1" type="stmt"/>
      <line num="11" count="1" type="stmt"/>
      <line num="12" count="1" type="stmt"/>
      <line num="13" count="1" type="stmt"/>
      <line num="14" count="1" type="stmt"/>
      <line num="15" count="1" type="stmt"/>
      <line num="16" count="1" type="stmt"/>
      <line num="17" count="1" type="cond" truecount="1" falsecount="0"/>
      <line num="18" count="124" type="cond" truecount="2" falsecount="0"/>
      <line num="19" count="124" type="stmt"/>
      <line num="20" count="1" type="stmt"/>
      <line num="21" count="1" type="cond" truecount="1" falsecount="0"/>
      <line num="22" count="2" type="stmt"/>
      <line num="23" count="2" type="stmt"/>
      <line num="24" count="2" type="stmt"/>
      <line num="25" count="1" type="stmt"/>
      <line num="26" count="1" type="cond" truecount="1" falsecount="0"/>
      <line num="27" count="3" type="stmt"/>
      <line num="28" count="3" type="stmt"/>
      <line num="29" count="3" type="stmt"/>
      <line num="30" count="1" type="stmt"/>
      <line num="31" count="1" type="cond" truecount="1" falsecount="0"/>
      <line num="32" count="4" type="stmt"/>
      <line num="33" count="4" type="stmt"/>
      <line num="34" count="4" type="cond" truecount="2" falsecount="0"/>
      <line num="35" count="4" type="stmt"/>
      <line num="36" count="4" type="stmt"/>
      <line num="37" count="4" type="stmt"/>
      <line num="38" count="1" type="stmt"/>
      <line num="39" count="1" type="cond" truecount="1" falsecount="0"/>
      <line num="40" count="2" type="stmt"/>
      <line num="41" count="2" type="stmt"/>
      <line num="42" count="2" type="stmt"/>
      <line num="43" count="1" type="stmt"/>
      <line num="44" count="1" type="cond" truecount="1" falsecount="0"/>
      <line num="45" count="1" type="cond" truecount="1" falsecount="0"/>
      <line num="46" count="1" type="stmt"/>
      <line num="47" count="1" type="stmt"/>
      <line num="48" count="1" type="stmt"/>
      <line num="49" count="1" type="cond" truecount="1" falsecount="0"/>
      <line num="50" count="2" type="stmt"/>
      <line num="51" count="2" type="stmt"/>
      <line num="52" count="2" type="stmt"/>
      <line num="53" count="1" type="stmt"/>
      <line num="54" count="1" type="cond" truecount="1" falsecount="0"/>
      <line num="55" count="2" type="stmt"/>
      <line num="56" count="2" type="stmt"/>
      <line num="57" count="2" type="stmt"/>
      <line num="58" count="1" type="stmt"/>
      <line num="59" count="1" type="cond" truecount="1" falsecount="0"/>
      <line num="60" count="1" type="stmt"/>
      <line num="61" count="1" type="stmt"/>
      <line num="62" count="1" type="stmt"/>
      <line num="63" count="1" type="stmt"/>
      <line num="64" count="1" type="cond" truecount="1" falsecount="0"/>
      <line num="65" count="24" type="stmt"/>
      <line num="66" count="24" type="stmt"/>
      <line num="67" count="24" type="stmt"/>
      <line num="68" count="24" type="stmt"/>
      <line num="69" count="24" type="stmt"/>
      <line num="70" count="24" type="cond" truecount="2" falsecount="0"/>
      <line num="71" count="24" type="cond" truecount="2" falsecount="0"/>
      <line num="72" count="24" type="stmt"/>
      <line num="73" count="24" type="stmt"/>
      <line num="74" count="24" type="stmt"/>
      <line num="75" count="1" type="stmt"/>
      <line num="76" count="1" type="cond" truecount="1" falsecount="0"/>
      <line num="77" count="1" type="stmt"/>
      <line num="78" count="1" type="stmt"/>
      <line num="79" count="1" type="stmt"/>
      <line num="80" count="1" type="stmt"/>
      <line num="81" count="1" type="cond" truecount="1" falsecount="0"/>
      <line num="82" count="88" type="stmt"/>
      <line num="83" count="88" type="stmt"/>
      <line num="84" count="88" type="stmt"/>
      <line num="85" count="88" type="cond" truecount="1" falsecount="0"/>
      <line num="86" count="88" type="stmt"/>
      <line num="87" count="88" type="stmt"/>
      <line num="88" count="88" type="stmt"/>
      <line num="89" count="1" type="stmt"/>
      <line num="90" count="1" type="cond" truecount="1" falsecount="0"/>
      <line num="91" count="1" type="stmt"/>
      <line num="92" count="1" type="stmt"/>
      <line num="93" count="1" type="stmt"/>
      <line num="94" count="1" type="stmt"/>
      <line num="95" count="1" type="cond" truecount="1" falsecount="0"/>
      <line num="96" count="3" type="cond" truecount="1" falsecount="0"/>
      <line num="97" count="1" type="stmt"/>
      <line num="98" count="1" type="stmt"/>
      <line num="99" count="2" type="cond" truecount="1" falsecount="0"/>
      <line num="100" count="2" type="stmt"/>
      <line num="101" count="2" type="stmt"/>
      <line num="102" count="2" type="stmt"/>
      <line num="103" count="1" type="stmt"/>
      <line num="104" count="1" type="cond" truecount="1" falsecount="0"/>
      <line num="105" count="3" type="cond" truecount="1" falsecount="0"/>
      <line num="106" count="1" type="stmt"/>
      <line num="107" count="1" type="stmt"/>
      <line num="108" count="2" type="cond" truecount="1" falsecount="0"/>
      <line num="109" count="2" type="stmt"/>
      <line num="110" count="2" type="stmt"/>
      <line num="111" count="2" type="stmt"/>
      <line num="112" count="1" type="stmt"/>
      <line num="113" count="1" type="cond" truecount="1" falsecount="0"/>
      <line num="114" count="33" type="stmt"/>
      <line num="115" count="33" type="stmt"/>
      <line num="116" count="1" type="stmt"/>
      <line num="117" count="1" type="cond" truecount="1" falsecount="0"/>
      <line num="118" count="121" type="stmt"/>
      <line num="119" count="121" type="cond" truecount="1" falsecount="0"/>
      <line num="120" count="22" type="stmt"/>
      <line num="121" count="22" type="cond" truecount="1" falsecount="0"/>
      <line num="122" count="121" type="stmt"/>
      <line num="123" count="121" type="cond" truecount="1" falsecount="0"/>
      <line num="124" count="120" type="cond" truecount="1" falsecount="0"/>
      <line num="125" count="20" type="stmt"/>
      <line num="126" count="20" type="stmt"/>
      <line num="127" count="20" type="stmt"/>
      <line num="128" count="120" type="stmt"/>
      <line num="129" count="120" type="stmt"/>
      <line num="130" count="121" type="stmt"/>
      <line num="131" count="121" type="cond" truecount="1" falsecount="0"/>
      <line num="132" count="22" type="stmt"/>
      <line num="133" count="22" type="cond" truecount="1" falsecount="0"/>
      <line num="134" count="121" type="stmt"/>
      <line num="135" count="121" type="cond" truecount="1" falsecount="0"/>
      <line num="136" count="120" type="cond" truecount="1" falsecount="0"/>
      <line num="137" count="20" type="stmt"/>
      <line num="138" count="20" type="stmt"/>
      <line num="139" count="20" type="stmt"/>
      <line num="140" count="120" type="stmt"/>
      <line num="141" count="120" type="stmt"/>
      <line num="142" count="121" type="cond" truecount="1" falsecount="0"/>
      <line num="143" count="22" type="stmt"/>
      <line num="144" count="22" type="stmt"/>
      <line num="145" count="22" type="cond" truecount="1" falsecount="0"/>
      <line num="146" count="2" type="stmt"/>
      <line num="147" count="2" type="stmt"/>
      <line num="148" count="22" type="cond" truecount="1" falsecount="0"/>
      <line num="149" count="2" type="stmt"/>
      <line num="150" count="2" type="stmt"/>
      <line num="151" count="22" type="cond" truecount="1" falsecount="0"/>
      <line num="152" count="1" type="stmt"/>
      <line num="153" count="1" type="stmt"/>
      <line num="154" count="21" type="cond" truecount="2" falsecount="0"/>
      <line num="155" count="1" type="stmt"/>
      <line num="156" count="1" type="stmt"/>
      <line num="157" count="20" type="cond" truecount="2" falsecount="0"/>
      <line num="158" count="1" type="stmt"/>
      <line num="159" count="1" type="stmt"/>
      <line num="160" count="19" type="cond" truecount="3" falsecount="0"/>
      <line num="161" count="2" type="stmt"/>
      <line num="162" count="2" type="stmt"/>
      <line num="163" count="2" type="cond" truecount="1" falsecount="0"/>
      <line num="164" count="5" type="stmt"/>
      <line num="165" count="5" type="stmt"/>
      <line num="166" count="2" type="stmt"/>
      <line num="167" count="2" type="stmt"/>
      <line num="168" count="17" type="cond" truecount="1" falsecount="0"/>
      <line num="169" count="17" type="stmt"/>
      <line num="170" count="17" type="stmt"/>
      <line num="171" count="121" type="stmt"/>
      <line num="172" count="121" type="stmt"/>
      <line num="173" count="121" type="stmt"/>
      <line num="174" count="121" type="stmt"/>
      <line num="175" count="121" type="stmt"/>
      <line num="176" count="121" type="stmt"/>
      <line num="177" count="121" type="cond" truecount="1" falsecount="0"/>
      <line num="178" count="683" type="stmt"/>
      <line num="179" count="683" type="cond" truecount="1" falsecount="0"/>
      <line num="180" count="2" type="stmt"/>
      <line num="181" count="2" type="stmt"/>
      <line num="182" count="683" type="cond" truecount="1" falsecount="0"/>
      <line num="183" count="558" type="cond" truecount="1" falsecount="0"/>
      <line num="184" count="3304" type="cond" truecount="1" falsecount="0"/>
      <line num="185" count="2746" type="stmt"/>
      <line num="186" count="2746" type="stmt"/>
      <line num="187" count="558" type="stmt"/>
      <line num="188" count="558" type="stmt"/>
      <line num="189" count="683" type="cond" truecount="1" falsecount="0"/>
      <line num="190" count="2" type="stmt"/>
      <line num="191" count="2" type="stmt"/>
      <line num="192" count="683" type="stmt"/>
      <line num="193" count="683" type="stmt"/>
      <line num="194" count="121" type="stmt"/>
      <line num="195" count="121" type="stmt"/>
      <line num="196" count="121" type="stmt"/>
      <line num="197" count="121" type="stmt"/>
      <line num="198" count="121" type="stmt"/>
      <line num="199" count="121" type="stmt"/>
      <line num="200" count="1" type="stmt"/>
      <line num="201" count="1" type="stmt"/>
      <line num="202" count="1" type="stmt"/>
      <line num="203" count="1" type="stmt"/>
    </file>
    <file name="StrapiFindOne.ts" path="/Users/luca.soda/Projects/strapi-handler/strapi-handler/lib/StrapiFindOne.ts">
      <metrics statements="198" coveredstatements="198" conditionals="55" coveredconditionals="55" methods="18" coveredmethods="18"/>
      <line num="1" count="1" type="stmt"/>
      <line num="2" count="1" type="stmt"/>
      <line num="3" count="1" type="stmt"/>
      <line num="4" count="1" type="stmt"/>
      <line num="5" count="1" type="stmt"/>
      <line num="6" count="1" type="stmt"/>
      <line num="7" count="1" type="stmt"/>
      <line num="8" count="1" type="stmt"/>
      <line num="9" count="1" type="stmt"/>
      <line num="10" count="1" type="stmt"/>
      <line num="11" count="1" type="stmt"/>
      <line num="12" count="1" type="stmt"/>
      <line num="13" count="1" type="stmt"/>
      <line num="14" count="1" type="stmt"/>
      <line num="15" count="1" type="stmt"/>
      <line num="16" count="1" type="stmt"/>
      <line num="17" count="1" type="cond" truecount="1" falsecount="0"/>
      <line num="18" count="619" type="cond" truecount="2" falsecount="0"/>
      <line num="19" count="619" type="stmt"/>
      <line num="20" count="1" type="stmt"/>
      <line num="21" count="1" type="cond" truecount="1" falsecount="0"/>
      <line num="22" count="616" type="stmt"/>
      <line num="23" count="616" type="stmt"/>
      <line num="24" count="616" type="stmt"/>
      <line num="25" count="1" type="stmt"/>
      <line num="26" count="1" type="cond" truecount="1" falsecount="0"/>
      <line num="27" count="616" type="stmt"/>
      <line num="28" count="616" type="stmt"/>
      <line num="29" count="616" type="stmt"/>
      <line num="30" count="1" type="stmt"/>
      <line num="31" count="1" type="cond" truecount="1" falsecount="0"/>
      <line num="32" count="616" type="stmt"/>
      <line num="33" count="616" type="stmt"/>
      <line num="34" count="616" type="stmt"/>
      <line num="35" count="1" type="stmt"/>
      <line num="36" count="1" type="cond" truecount="1" falsecount="0"/>
      <line num="37" count="1" type="stmt"/>
      <line num="38" count="1" type="stmt"/>
      <line num="39" count="1" type="stmt"/>
      <line num="40" count="1" type="stmt"/>
      <line num="41" count="1" type="cond" truecount="1" falsecount="0"/>
      <line num="42" count="520" type="stmt"/>
      <line num="43" count="520" type="stmt"/>
      <line num="44" count="520" type="stmt"/>
      <line num="45" count="520" type="stmt"/>
      <line num="46" count="520" type="stmt"/>
      <line num="47" count="520" type="cond" truecount="2" falsecount="0"/>
      <line num="48" count="520" type="cond" truecount="2" falsecount="0"/>
      <line num="49" count="520" type="stmt"/>
      <line num="50" count="520" type="stmt"/>
      <line num="51" count="520" type="stmt"/>
      <line num="52" count="1" type="stmt"/>
      <line num="53" count="1" type="cond" truecount="1" falsecount="0"/>
      <line num="54" count="9" type="stmt"/>
      <line num="55" count="9" type="stmt"/>
      <line num="56" count="9" type="stmt"/>
      <line num="57" count="1" type="stmt"/>
      <line num="58" count="1" type="cond" truecount="1" falsecount="0"/>
      <line num="59" count="1" type="stmt"/>
      <line num="60" count="1" type="stmt"/>
      <line num="61" count="1" type="stmt"/>
      <line num="62" count="1" type="stmt"/>
      <line num="63" count="1" type="cond" truecount="1" falsecount="0"/>
      <line num="64" count="93" type="stmt"/>
      <line num="65" count="93" type="stmt"/>
      <line num="66" count="93" type="stmt"/>
      <line num="67" count="1" type="stmt"/>
      <line num="68" count="1" type="cond" truecount="1" falsecount="0"/>
      <line num="69" count="1" type="cond" truecount="1" falsecount="0"/>
      <line num="70" count="1" type="stmt"/>
      <line num="71" count="1" type="stmt"/>
      <line num="72" count="1" type="stmt"/>
      <line num="73" count="1" type="cond" truecount="1" falsecount="0"/>
      <line num="74" count="90" type="stmt"/>
      <line num="75" count="90" type="stmt"/>
      <line num="76" count="1" type="stmt"/>
      <line num="77" count="1" type="cond" truecount="1" falsecount="0"/>
      <line num="78" count="91" type="stmt"/>
      <line num="79" count="91" type="stmt"/>
      <line num="80" count="91" type="stmt"/>
      <line num="81" count="1" type="stmt"/>
      <line num="82" count="1" type="cond" truecount="1" falsecount="0"/>
      <line num="83" count="36" type="stmt"/>
      <line num="84" count="36" type="stmt"/>
      <line num="85" count="1" type="stmt"/>
      <line num="86" count="1" type="cond" truecount="1" falsecount="0"/>
      <line num="87" count="5" type="stmt"/>
      <line num="88" count="5" type="stmt"/>
      <line num="89" count="1" type="stmt"/>
      <line num="90" count="1" type="cond" truecount="1" falsecount="0"/>
      <line num="91" count="484" type="stmt"/>
      <line num="92" count="484" type="stmt"/>
      <line num="93" count="1" type="stmt"/>
      <line num="94" count="1" type="cond" truecount="1" falsecount="0"/>
      <line num="95" count="3" type="cond" truecount="1" falsecount="0"/>
      <line num="96" count="1" type="stmt"/>
      <line num="97" count="1" type="stmt"/>
      <line num="98" count="2" type="cond" truecount="1" falsecount="0"/>
      <line num="99" count="2" type="stmt"/>
      <line num="100" count="2" type="stmt"/>
      <line num="101" count="2" type="stmt"/>
      <line num="102" count="1" type="stmt"/>
      <line num="103" count="1" type="cond" truecount="1" falsecount="0"/>
      <line num="104" count="3" type="cond" truecount="1" falsecount="0"/>
      <line num="105" count="1" type="stmt"/>
      <line num="106" count="1" type="stmt"/>
      <line num="107" count="2" type="cond" truecount="1" falsecount="0"/>
      <line num="108" count="2" type="stmt"/>
      <line num="109" count="2" type="stmt"/>
      <line num="110" count="2" type="stmt"/>
      <line num="111" count="1" type="stmt"/>
      <line num="112" count="1" type="cond" truecount="1" falsecount="0"/>
      <line num="113" count="616" type="stmt"/>
      <line num="114" count="616" type="stmt"/>
      <line num="115" count="616" type="stmt"/>
      <line num="116" count="616" type="stmt"/>
      <line num="117" count="616" type="stmt"/>
      <line num="118" count="616" type="cond" truecount="1" falsecount="0"/>
      <line num="119" count="91" type="stmt"/>
      <line num="120" count="91" type="stmt"/>
      <line num="121" count="91" type="stmt"/>
      <line num="122" count="616" type="stmt"/>
      <line num="123" count="616" type="stmt"/>
      <line num="124" count="616" type="cond" truecount="1" falsecount="0"/>
      <line num="125" count="518" type="stmt"/>
      <line num="126" count="518" type="cond" truecount="1" falsecount="0"/>
      <line num="127" count="616" type="stmt"/>
      <line num="128" count="616" type="cond" truecount="1" falsecount="0"/>
      <line num="129" count="615" type="cond" truecount="1" falsecount="0"/>
      <line num="130" count="516" type="stmt"/>
      <line num="131" count="516" type="stmt"/>
      <line num="132" count="516" type="stmt"/>
      <line num="133" count="615" type="stmt"/>
      <line num="134" count="615" type="stmt"/>
      <line num="135" count="616" type="stmt"/>
      <line num="136" count="616" type="cond" truecount="1" falsecount="0"/>
      <line num="137" count="518" type="stmt"/>
      <line num="138" count="518" type="cond" truecount="1" falsecount="0"/>
      <line num="139" count="616" type="stmt"/>
      <line num="140" count="616" type="cond" truecount="1" falsecount="0"/>
      <line num="141" count="615" type="cond" truecount="1" falsecount="0"/>
      <line num="142" count="516" type="stmt"/>
      <line num="143" count="516" type="stmt"/>
      <line num="144" count="516" type="stmt"/>
      <line num="145" count="615" type="stmt"/>
      <line num="146" count="615" type="stmt"/>
      <line num="147" count="616" type="cond" truecount="1" falsecount="0"/>
      <line num="148" count="518" type="stmt"/>
      <line num="149" count="518" type="stmt"/>
      <line num="150" count="518" type="cond" truecount="1" falsecount="0"/>
      <line num="151" count="2" type="stmt"/>
      <line num="152" count="2" type="stmt"/>
      <line num="153" count="518" type="cond" truecount="1" falsecount="0"/>
      <line num="154" count="2" type="stmt"/>
      <line num="155" count="2" type="stmt"/>
      <line num="156" count="518" type="cond" truecount="1" falsecount="0"/>
      <line num="157" count="1" type="stmt"/>
      <line num="158" count="1" type="stmt"/>
      <line num="159" count="517" type="cond" truecount="2" falsecount="0"/>
      <line num="160" count="1" type="stmt"/>
      <line num="161" count="1" type="stmt"/>
      <line num="162" count="516" type="cond" truecount="2" falsecount="0"/>
      <line num="163" count="1" type="stmt"/>
      <line num="164" count="1" type="stmt"/>
      <line num="165" count="515" type="cond" truecount="3" falsecount="0"/>
      <line num="166" count="2" type="stmt"/>
      <line num="167" count="2" type="stmt"/>
      <line num="168" count="2" type="cond" truecount="1" falsecount="0"/>
      <line num="169" count="5" type="stmt"/>
      <line num="170" count="5" type="stmt"/>
      <line num="171" count="2" type="stmt"/>
      <line num="172" count="2" type="stmt"/>
      <line num="173" count="513" type="cond" truecount="1" falsecount="0"/>
      <line num="174" count="513" type="stmt"/>
      <line num="175" count="513" type="stmt"/>
      <line num="176" count="616" type="stmt"/>
      <line num="177" count="616" type="stmt"/>
      <line num="178" count="616" type="stmt"/>
      <line num="179" count="616" type="stmt"/>
      <line num="180" count="616" type="stmt"/>
      <line num="181" count="616" type="stmt"/>
      <line num="182" count="616" type="cond" truecount="1" falsecount="0"/>
      <line num="183" count="541" type="stmt"/>
      <line num="184" count="541" type="cond" truecount="2" falsecount="0"/>
      <line num="185" count="1" type="stmt"/>
      <line num="186" count="1" type="stmt"/>
      <line num="187" count="541" type="cond" truecount="1" falsecount="0"/>
      <line num="188" count="1" type="stmt"/>
      <line num="189" count="1" type="stmt"/>
      <line num="190" count="541" type="stmt"/>
      <line num="191" count="541" type="stmt"/>
      <line num="192" count="616" type="stmt"/>
      <line num="193" count="616" type="stmt"/>
      <line num="194" count="616" type="stmt"/>
      <line num="195" count="1" type="stmt"/>
      <line num="196" count="1" type="stmt"/>
      <line num="197" count="1" type="stmt"/>
      <line num="198" count="1" type="stmt"/>
    </file>
    <file name="StrapiHandler.ts" path="/Users/luca.soda/Projects/strapi-handler/strapi-handler/lib/StrapiHandler.ts">
      <metrics statements="68" coveredstatements="68" conditionals="25" coveredconditionals="23" methods="7" coveredmethods="7"/>
      <line num="1" count="1" type="stmt"/>
      <line num="2" count="1" type="stmt"/>
      <line num="3" count="1" type="stmt"/>
      <line num="4" count="1" type="stmt"/>
      <line num="5" count="1" type="stmt"/>
      <line num="6" count="1" type="cond" truecount="1" falsecount="0"/>
      <line num="7" count="1" type="stmt"/>
      <line num="8" count="1" type="cond" truecount="1" falsecount="0"/>
      <line num="9" count="124" type="stmt"/>
      <line num="10" count="124" type="stmt"/>
      <line num="11" count="1" type="stmt"/>
      <line num="12" count="1" type="cond" truecount="1" falsecount="0"/>
      <line num="13" count="619" type="stmt"/>
      <line num="14" count="619" type="stmt"/>
      <line num="15" count="1" type="stmt"/>
      <line num="16" count="1" type="cond" truecount="1" falsecount="0"/>
      <line num="17" count="213" type="cond" truecount="0" falsecount="1"/>
      <line num="18" count="213" type="stmt"/>
      <line num="19" count="213" type="stmt"/>
      <line num="20" count="213" type="stmt"/>
      <line num="21" count="213" type="stmt"/>
      <line num="22" count="213" type="stmt"/>
      <line num="23" count="213" type="stmt"/>
      <line num="24" count="213" type="stmt"/>
      <line num="25" count="213" type="stmt"/>
      <line num="26" count="213" type="stmt"/>
      <line num="27" count="213" type="stmt"/>
      <line num="28" count="1" type="stmt"/>
      <line num="29" count="1" type="cond" truecount="1" falsecount="0"/>
      <line num="30" count="6" type="stmt"/>
      <line num="31" count="6" type="cond" truecount="1" falsecount="0"/>
      <line num="32" count="22" type="stmt"/>
      <line num="33" count="22" type="stmt"/>
      <line num="34" count="6" type="stmt"/>
      <line num="35" count="6" type="stmt"/>
      <line num="36" count="1" type="stmt"/>
      <line num="37" count="1" type="stmt"/>
      <line num="38" count="1" type="cond" truecount="1" falsecount="0"/>
      <line num="39" count="1457" type="cond" truecount="5" falsecount="1"/>
      <line num="40" count="1457" type="stmt"/>
      <line num="41" count="1" type="stmt"/>
      <line num="42" count="1" type="cond" truecount="1" falsecount="0"/>
      <line num="43" count="1457" type="cond" truecount="1" falsecount="0"/>
      <line num="44" count="1338" type="cond" truecount="1" falsecount="0"/>
      <line num="45" count="710" type="stmt"/>
      <line num="46" count="710" type="stmt"/>
      <line num="47" count="1338" type="cond" truecount="1" falsecount="0"/>
      <line num="48" count="1954" type="stmt"/>
      <line num="49" count="1954" type="stmt"/>
      <line num="50" count="1338" type="stmt"/>
      <line num="51" count="1338" type="cond" truecount="1" falsecount="0"/>
      <line num="52" count="1954" type="stmt"/>
      <line num="53" count="1954" type="stmt"/>
      <line num="54" count="1954" type="cond" truecount="1" falsecount="0"/>
      <line num="55" count="11425" type="cond" truecount="4" falsecount="0"/>
      <line num="56" count="20" type="stmt"/>
      <line num="57" count="20" type="stmt"/>
      <line num="58" count="11425" type="stmt"/>
      <line num="59" count="1954" type="stmt"/>
      <line num="60" count="1338" type="stmt"/>
      <line num="61" count="1338" type="stmt"/>
      <line num="62" count="119" type="cond" truecount="1" falsecount="0"/>
      <line num="63" count="119" type="stmt"/>
      <line num="64" count="119" type="stmt"/>
      <line num="65" count="1457" type="stmt"/>
      <line num="66" count="1" type="stmt"/>
      <line num="67" count="1" type="stmt"/>
      <line num="68" count="1" type="stmt"/>
    </file>
  </project>
</coverage>
