{"/Users/luca.soda/Projects/strapi-handler/strapi-handler/lib/Interfaces.ts": {"path":"/Users/luca.soda/Projects/strapi-handler/strapi-handler/lib/Interfaces.ts","all":false,"statementMap":{"0":{"start":{"line":1,"column":0},"end":{"line":1,"column":28}},"1":{"start":{"line":2,"column":0},"end":{"line":2,"column":21}},"2":{"start":{"line":3,"column":0},"end":{"line":3,"column":40}},"3":{"start":{"line":4,"column":0},"end":{"line":4,"column":25}},"4":{"start":{"line":5,"column":0},"end":{"line":5,"column":22}},"5":{"start":{"line":6,"column":0},"end":{"line":6,"column":35}},"6":{"start":{"line":7,"column":0},"end":{"line":7,"column":25}},"7":{"start":{"line":8,"column":0},"end":{"line":8,"column":38}},"8":{"start":{"line":9,"column":0},"end":{"line":9,"column":15}},"9":{"start":{"line":10,"column":0},"end":{"line":10,"column":22}},"10":{"start":{"line":11,"column":0},"end":{"line":11,"column":27}},"11":{"start":{"line":12,"column":0},"end":{"line":12,"column":34}},"12":{"start":{"line":13,"column":0},"end":{"line":13,"column":45}},"13":{"start":{"line":14,"column":0},"end":{"line":14,"column":52}},"14":{"start":{"line":15,"column":0},"end":{"line":15,"column":22}},"15":{"start":{"line":16,"column":0},"end":{"line":16,"column":29}},"16":{"start":{"line":17,"column":0},"end":{"line":17,"column":28}},"17":{"start":{"line":18,"column":0},"end":{"line":18,"column":32}},"18":{"start":{"line":19,"column":0},"end":{"line":19,"column":50}},"19":{"start":{"line":20,"column":0},"end":{"line":20,"column":1}},"20":{"start":{"line":21,"column":0},"end":{"line":21,"column":0}},"21":{"start":{"line":22,"column":0},"end":{"line":22,"column":29}},"22":{"start":{"line":23,"column":0},"end":{"line":23,"column":16}},"23":{"start":{"line":24,"column":0},"end":{"line":24,"column":14}},"24":{"start":{"line":25,"column":0},"end":{"line":25,"column":18}},"25":{"start":{"line":26,"column":0},"end":{"line":26,"column":17}},"26":{"start":{"line":27,"column":0},"end":{"line":27,"column":1}},"27":{"start":{"line":28,"column":0},"end":{"line":28,"column":0}},"28":{"start":{"line":29,"column":0},"end":{"line":29,"column":27}},"29":{"start":{"line":30,"column":0},"end":{"line":30,"column":8}},"30":{"start":{"line":31,"column":0},"end":{"line":31,"column":8}},"31":{"start":{"line":32,"column":0},"end":{"line":32,"column":1}},"32":{"start":{"line":33,"column":0},"end":{"line":33,"column":0}},"33":{"start":{"line":34,"column":0},"end":{"line":34,"column":25}},"34":{"start":{"line":35,"column":0},"end":{"line":35,"column":18}},"35":{"start":{"line":36,"column":0},"end":{"line":36,"column":15}},"36":{"start":{"line":37,"column":0},"end":{"line":37,"column":23}},"37":{"start":{"line":38,"column":0},"end":{"line":38,"column":29}},"38":{"start":{"line":39,"column":0},"end":{"line":39,"column":22}},"39":{"start":{"line":40,"column":0},"end":{"line":40,"column":20}},"40":{"start":{"line":41,"column":0},"end":{"line":41,"column":1}}},"s":{"0":1,"1":1,"2":1,"3":1,"4":1,"5":1,"6":1,"7":1,"8":1,"9":1,"10":1,"11":1,"12":1,"13":1,"14":1,"15":1,"16":1,"17":1,"18":1,"19":1,"20":1,"21":1,"22":1,"23":1,"24":1,"25":1,"26":1,"27":1,"28":1,"29":1,"30":1,"31":1,"32":1,"33":1,"34":1,"35":1,"36":1,"37":1,"38":1,"39":1,"40":1},"branchMap":{"0":{"type":"branch","line":1,"loc":{"start":{"line":1,"column":0},"end":{"line":20,"column":1}},"locations":[{"start":{"line":1,"column":0},"end":{"line":20,"column":1}}]},"1":{"type":"branch","line":22,"loc":{"start":{"line":22,"column":0},"end":{"line":27,"column":1}},"locations":[{"start":{"line":22,"column":0},"end":{"line":27,"column":1}}]},"2":{"type":"branch","line":29,"loc":{"start":{"line":29,"column":0},"end":{"line":32,"column":1}},"locations":[{"start":{"line":29,"column":0},"end":{"line":32,"column":1}}]}},"b":{"0":[1],"1":[1],"2":[1]},"fnMap":{},"f":{}}
,"/Users/luca.soda/Projects/strapi-handler/strapi-handler/lib/StrapiChain.ts": {"path":"/Users/luca.soda/Projects/strapi-handler/strapi-handler/lib/StrapiChain.ts","all":false,"statementMap":{"0":{"start":{"line":1,"column":0},"end":{"line":1,"column":26}},"1":{"start":{"line":2,"column":0},"end":{"line":2,"column":46}},"2":{"start":{"line":3,"column":0},"end":{"line":3,"column":0}},"3":{"start":{"line":4,"column":0},"end":{"line":4,"column":19}},"4":{"start":{"line":5,"column":0},"end":{"line":5,"column":21}},"5":{"start":{"line":6,"column":0},"end":{"line":6,"column":19}},"6":{"start":{"line":7,"column":0},"end":{"line":7,"column":0}},"7":{"start":{"line":8,"column":0},"end":{"line":8,"column":131}},"8":{"start":{"line":9,"column":0},"end":{"line":9,"column":33}},"9":{"start":{"line":10,"column":0},"end":{"line":10,"column":28}},"10":{"start":{"line":11,"column":0},"end":{"line":11,"column":107}},"11":{"start":{"line":12,"column":0},"end":{"line":12,"column":10}},"12":{"start":{"line":13,"column":0},"end":{"line":13,"column":5}},"13":{"start":{"line":14,"column":0},"end":{"line":14,"column":0}},"14":{"start":{"line":15,"column":0},"end":{"line":15,"column":49}},"15":{"start":{"line":16,"column":0},"end":{"line":16,"column":24}},"16":{"start":{"line":17,"column":0},"end":{"line":17,"column":36}},"17":{"start":{"line":18,"column":0},"end":{"line":18,"column":24}},"18":{"start":{"line":19,"column":0},"end":{"line":19,"column":9}},"19":{"start":{"line":20,"column":0},"end":{"line":20,"column":55}},"20":{"start":{"line":21,"column":0},"end":{"line":21,"column":22}},"21":{"start":{"line":22,"column":0},"end":{"line":22,"column":56}},"22":{"start":{"line":23,"column":0},"end":{"line":23,"column":13}},"23":{"start":{"line":24,"column":0},"end":{"line":24,"column":10}},"24":{"start":{"line":25,"column":0},"end":{"line":25,"column":41}},"25":{"start":{"line":26,"column":0},"end":{"line":26,"column":5}},"26":{"start":{"line":27,"column":0},"end":{"line":27,"column":0}},"27":{"start":{"line":28,"column":0},"end":{"line":28,"column":54}},"28":{"start":{"line":29,"column":0},"end":{"line":29,"column":24}},"29":{"start":{"line":30,"column":0},"end":{"line":30,"column":36}},"30":{"start":{"line":31,"column":0},"end":{"line":31,"column":29}},"31":{"start":{"line":32,"column":0},"end":{"line":32,"column":9}},"32":{"start":{"line":33,"column":0},"end":{"line":33,"column":52}},"33":{"start":{"line":34,"column":0},"end":{"line":34,"column":19}},"34":{"start":{"line":35,"column":0},"end":{"line":35,"column":22}},"35":{"start":{"line":36,"column":0},"end":{"line":36,"column":13}},"36":{"start":{"line":37,"column":0},"end":{"line":37,"column":12}},"37":{"start":{"line":38,"column":0},"end":{"line":38,"column":22}},"38":{"start":{"line":39,"column":0},"end":{"line":39,"column":56}},"39":{"start":{"line":40,"column":0},"end":{"line":40,"column":13}},"40":{"start":{"line":41,"column":0},"end":{"line":41,"column":11}},"41":{"start":{"line":42,"column":0},"end":{"line":42,"column":41}},"42":{"start":{"line":43,"column":0},"end":{"line":43,"column":5}},"43":{"start":{"line":44,"column":0},"end":{"line":44,"column":0}},"44":{"start":{"line":45,"column":0},"end":{"line":45,"column":71}},"45":{"start":{"line":46,"column":0},"end":{"line":46,"column":24}},"46":{"start":{"line":47,"column":0},"end":{"line":47,"column":36}},"47":{"start":{"line":48,"column":0},"end":{"line":48,"column":24}},"48":{"start":{"line":49,"column":0},"end":{"line":49,"column":9}},"49":{"start":{"line":50,"column":0},"end":{"line":50,"column":27}},"50":{"start":{"line":51,"column":0},"end":{"line":51,"column":43}},"51":{"start":{"line":52,"column":0},"end":{"line":52,"column":39}},"52":{"start":{"line":53,"column":0},"end":{"line":53,"column":13}},"53":{"start":{"line":54,"column":0},"end":{"line":54,"column":18}},"54":{"start":{"line":55,"column":0},"end":{"line":55,"column":36}},"55":{"start":{"line":56,"column":0},"end":{"line":56,"column":57}},"56":{"start":{"line":57,"column":0},"end":{"line":57,"column":46}},"57":{"start":{"line":58,"column":0},"end":{"line":58,"column":50}},"58":{"start":{"line":59,"column":0},"end":{"line":59,"column":21}},"59":{"start":{"line":60,"column":0},"end":{"line":60,"column":19}},"60":{"start":{"line":61,"column":0},"end":{"line":61,"column":27}},"61":{"start":{"line":62,"column":0},"end":{"line":62,"column":13}},"62":{"start":{"line":63,"column":0},"end":{"line":63,"column":9}},"63":{"start":{"line":64,"column":0},"end":{"line":64,"column":14}},"64":{"start":{"line":65,"column":0},"end":{"line":65,"column":42}},"65":{"start":{"line":66,"column":0},"end":{"line":66,"column":9}},"66":{"start":{"line":67,"column":0},"end":{"line":67,"column":5}},"67":{"start":{"line":68,"column":0},"end":{"line":68,"column":1}},"68":{"start":{"line":69,"column":0},"end":{"line":69,"column":0}},"69":{"start":{"line":70,"column":0},"end":{"line":70,"column":27}}},"s":{"0":1,"1":1,"2":1,"3":1,"4":1,"5":1,"6":1,"7":1,"8":19,"9":19,"10":19,"11":19,"12":19,"13":1,"14":1,"15":4,"16":4,"17":1,"18":1,"19":4,"20":4,"21":4,"22":4,"23":4,"24":4,"25":4,"26":1,"27":1,"28":2,"29":2,"30":2,"31":2,"32":2,"33":2,"34":2,"35":2,"36":2,"37":2,"38":2,"39":2,"40":2,"41":2,"42":2,"43":1,"44":1,"45":11,"46":11,"47":2,"48":2,"49":11,"50":2,"51":1,"52":1,"53":1,"54":1,"55":1,"56":5,"57":2,"58":2,"59":1,"60":1,"61":1,"62":2,"63":7,"64":7,"65":7,"66":11,"67":1,"68":1,"69":1},"branchMap":{"0":{"type":"branch","line":8,"loc":{"start":{"line":8,"column":4},"end":{"line":13,"column":5}},"locations":[{"start":{"line":8,"column":4},"end":{"line":13,"column":5}}]},"1":{"type":"branch","line":9,"loc":{"start":{"line":9,"column":18},"end":{"line":12,"column":9}},"locations":[{"start":{"line":9,"column":18},"end":{"line":12,"column":9}}]},"2":{"type":"branch","line":11,"loc":{"start":{"line":11,"column":50},"end":{"line":11,"column":61}},"locations":[{"start":{"line":11,"column":50},"end":{"line":11,"column":61}}]},"3":{"type":"branch","line":11,"loc":{"start":{"line":11,"column":62},"end":{"line":11,"column":79}},"locations":[{"start":{"line":11,"column":62},"end":{"line":11,"column":79}}]},"4":{"type":"branch","line":11,"loc":{"start":{"line":11,"column":100},"end":{"line":11,"column":102}},"locations":[{"start":{"line":11,"column":100},"end":{"line":11,"column":102}}]},"5":{"type":"branch","line":11,"loc":{"start":{"line":11,"column":100},"end":{"line":11,"column":104}},"locations":[{"start":{"line":11,"column":100},"end":{"line":11,"column":104}}]},"6":{"type":"branch","line":15,"loc":{"start":{"line":15,"column":17},"end":{"line":26,"column":5}},"locations":[{"start":{"line":15,"column":17},"end":{"line":26,"column":5}}]},"7":{"type":"branch","line":17,"loc":{"start":{"line":17,"column":21},"end":{"line":17,"column":23}},"locations":[{"start":{"line":17,"column":21},"end":{"line":17,"column":23}}]},"8":{"type":"branch","line":17,"loc":{"start":{"line":17,"column":21},"end":{"line":17,"column":25}},"locations":[{"start":{"line":17,"column":21},"end":{"line":17,"column":25}}]},"9":{"type":"branch","line":17,"loc":{"start":{"line":17,"column":35},"end":{"line":19,"column":9}},"locations":[{"start":{"line":17,"column":35},"end":{"line":19,"column":9}}]},"10":{"type":"branch","line":28,"loc":{"start":{"line":28,"column":17},"end":{"line":43,"column":5}},"locations":[{"start":{"line":28,"column":17},"end":{"line":43,"column":5}}]},"11":{"type":"branch","line":30,"loc":{"start":{"line":30,"column":21},"end":{"line":30,"column":23}},"locations":[{"start":{"line":30,"column":21},"end":{"line":30,"column":23}}]},"12":{"type":"branch","line":30,"loc":{"start":{"line":30,"column":21},"end":{"line":30,"column":25}},"locations":[{"start":{"line":30,"column":21},"end":{"line":30,"column":25}}]},"13":{"type":"branch","line":45,"loc":{"start":{"line":45,"column":17},"end":{"line":67,"column":5}},"locations":[{"start":{"line":45,"column":17},"end":{"line":67,"column":5}}]},"14":{"type":"branch","line":47,"loc":{"start":{"line":47,"column":21},"end":{"line":47,"column":23}},"locations":[{"start":{"line":47,"column":21},"end":{"line":47,"column":23}}]},"15":{"type":"branch","line":47,"loc":{"start":{"line":47,"column":21},"end":{"line":47,"column":25}},"locations":[{"start":{"line":47,"column":21},"end":{"line":47,"column":25}}]},"16":{"type":"branch","line":47,"loc":{"start":{"line":47,"column":35},"end":{"line":49,"column":9}},"locations":[{"start":{"line":47,"column":35},"end":{"line":49,"column":9}}]},"17":{"type":"branch","line":50,"loc":{"start":{"line":50,"column":-1},"end":{"line":50,"column":26}},"locations":[{"start":{"line":50,"column":-1},"end":{"line":50,"column":26}}]},"18":{"type":"branch","line":50,"loc":{"start":{"line":50,"column":26},"end":{"line":63,"column":9}},"locations":[{"start":{"line":50,"column":26},"end":{"line":63,"column":9}}]},"19":{"type":"branch","line":51,"loc":{"start":{"line":51,"column":42},"end":{"line":62,"column":13}},"locations":[{"start":{"line":51,"column":42},"end":{"line":62,"column":13}}]},"20":{"type":"branch","line":64,"loc":{"start":{"line":64,"column":-1},"end":{"line":66,"column":9}},"locations":[{"start":{"line":64,"column":-1},"end":{"line":66,"column":9}}]},"21":{"type":"branch","line":56,"loc":{"start":{"line":56,"column":47},"end":{"line":60,"column":17}},"locations":[{"start":{"line":56,"column":47},"end":{"line":60,"column":17}}]},"22":{"type":"branch","line":57,"loc":{"start":{"line":57,"column":45},"end":{"line":59,"column":21}},"locations":[{"start":{"line":57,"column":45},"end":{"line":59,"column":21}}]}},"b":{"0":[19],"1":[19],"2":[1],"3":[18],"4":[4],"5":[15],"6":[4],"7":[1],"8":[3],"9":[1],"10":[2],"11":[1],"12":[1],"13":[11],"14":[2],"15":[9],"16":[2],"17":[9],"18":[2],"19":[1],"20":[7],"21":[5],"22":[2]},"fnMap":{"0":{"name":"StrapiChain","decl":{"start":{"line":8,"column":4},"end":{"line":13,"column":5}},"loc":{"start":{"line":8,"column":4},"end":{"line":13,"column":5}},"line":8},"1":{"name":"delete","decl":{"start":{"line":15,"column":17},"end":{"line":26,"column":5}},"loc":{"start":{"line":15,"column":17},"end":{"line":26,"column":5}},"line":15},"2":{"name":"put","decl":{"start":{"line":28,"column":17},"end":{"line":43,"column":5}},"loc":{"start":{"line":28,"column":17},"end":{"line":43,"column":5}},"line":28},"3":{"name":"show","decl":{"start":{"line":45,"column":17},"end":{"line":67,"column":5}},"loc":{"start":{"line":45,"column":17},"end":{"line":67,"column":5}},"line":45}},"f":{"0":19,"1":4,"2":2,"3":11}}
,"/Users/luca.soda/Projects/strapi-handler/strapi-handler/lib/StrapiFindAll.ts": {"path":"/Users/luca.soda/Projects/strapi-handler/strapi-handler/lib/StrapiFindAll.ts","all":false,"statementMap":{"0":{"start":{"line":1,"column":0},"end":{"line":1,"column":46}},"1":{"start":{"line":2,"column":0},"end":{"line":2,"column":26}},"2":{"start":{"line":3,"column":0},"end":{"line":3,"column":86}},"3":{"start":{"line":4,"column":0},"end":{"line":4,"column":0}},"4":{"start":{"line":5,"column":0},"end":{"line":5,"column":0}},"5":{"start":{"line":6,"column":0},"end":{"line":6,"column":21}},"6":{"start":{"line":7,"column":0},"end":{"line":7,"column":24}},"7":{"start":{"line":8,"column":0},"end":{"line":8,"column":28}},"8":{"start":{"line":9,"column":0},"end":{"line":9,"column":30}},"9":{"start":{"line":10,"column":0},"end":{"line":10,"column":37}},"10":{"start":{"line":11,"column":0},"end":{"line":11,"column":34}},"11":{"start":{"line":12,"column":0},"end":{"line":12,"column":51}},"12":{"start":{"line":13,"column":0},"end":{"line":13,"column":22}},"13":{"start":{"line":14,"column":0},"end":{"line":14,"column":31}},"14":{"start":{"line":15,"column":0},"end":{"line":15,"column":32}},"15":{"start":{"line":16,"column":0},"end":{"line":16,"column":62}},"16":{"start":{"line":17,"column":0},"end":{"line":17,"column":0}},"17":{"start":{"line":18,"column":0},"end":{"line":18,"column":86}},"18":{"start":{"line":19,"column":0},"end":{"line":19,"column":93}},"19":{"start":{"line":20,"column":0},"end":{"line":20,"column":5}},"20":{"start":{"line":21,"column":0},"end":{"line":21,"column":0}},"21":{"start":{"line":22,"column":0},"end":{"line":22,"column":46}},"22":{"start":{"line":23,"column":0},"end":{"line":23,"column":48}},"23":{"start":{"line":24,"column":0},"end":{"line":24,"column":20}},"24":{"start":{"line":25,"column":0},"end":{"line":25,"column":5}},"25":{"start":{"line":26,"column":0},"end":{"line":26,"column":0}},"26":{"start":{"line":27,"column":0},"end":{"line":27,"column":51}},"27":{"start":{"line":28,"column":0},"end":{"line":28,"column":41}},"28":{"start":{"line":29,"column":0},"end":{"line":29,"column":20}},"29":{"start":{"line":30,"column":0},"end":{"line":30,"column":5}},"30":{"start":{"line":31,"column":0},"end":{"line":31,"column":0}},"31":{"start":{"line":32,"column":0},"end":{"line":32,"column":78}},"32":{"start":{"line":33,"column":0},"end":{"line":33,"column":60}},"33":{"start":{"line":34,"column":0},"end":{"line":34,"column":36}},"34":{"start":{"line":35,"column":0},"end":{"line":35,"column":78}},"35":{"start":{"line":36,"column":0},"end":{"line":36,"column":9}},"36":{"start":{"line":37,"column":0},"end":{"line":37,"column":20}},"37":{"start":{"line":38,"column":0},"end":{"line":38,"column":5}},"38":{"start":{"line":39,"column":0},"end":{"line":39,"column":0}},"39":{"start":{"line":40,"column":0},"end":{"line":40,"column":48}},"40":{"start":{"line":41,"column":0},"end":{"line":41,"column":64}},"41":{"start":{"line":42,"column":0},"end":{"line":42,"column":20}},"42":{"start":{"line":43,"column":0},"end":{"line":43,"column":5}},"43":{"start":{"line":44,"column":0},"end":{"line":44,"column":0}},"44":{"start":{"line":45,"column":0},"end":{"line":45,"column":54}},"45":{"start":{"line":46,"column":0},"end":{"line":46,"column":55}},"46":{"start":{"line":47,"column":0},"end":{"line":47,"column":20}},"47":{"start":{"line":48,"column":0},"end":{"line":48,"column":5}},"48":{"start":{"line":49,"column":0},"end":{"line":49,"column":0}},"49":{"start":{"line":50,"column":0},"end":{"line":50,"column":54}},"50":{"start":{"line":51,"column":0},"end":{"line":51,"column":50}},"51":{"start":{"line":52,"column":0},"end":{"line":52,"column":20}},"52":{"start":{"line":53,"column":0},"end":{"line":53,"column":5}},"53":{"start":{"line":54,"column":0},"end":{"line":54,"column":0}},"54":{"start":{"line":55,"column":0},"end":{"line":55,"column":54}},"55":{"start":{"line":56,"column":0},"end":{"line":56,"column":50}},"56":{"start":{"line":57,"column":0},"end":{"line":57,"column":20}},"57":{"start":{"line":58,"column":0},"end":{"line":58,"column":5}},"58":{"start":{"line":59,"column":0},"end":{"line":59,"column":0}},"59":{"start":{"line":60,"column":0},"end":{"line":60,"column":59}},"60":{"start":{"line":61,"column":0},"end":{"line":61,"column":60}},"61":{"start":{"line":62,"column":0},"end":{"line":62,"column":20}},"62":{"start":{"line":63,"column":0},"end":{"line":63,"column":5}},"63":{"start":{"line":64,"column":0},"end":{"line":64,"column":0}},"64":{"start":{"line":65,"column":0},"end":{"line":65,"column":94}},"65":{"start":{"line":66,"column":0},"end":{"line":66,"column":27}},"66":{"start":{"line":67,"column":0},"end":{"line":67,"column":18}},"67":{"start":{"line":68,"column":0},"end":{"line":68,"column":21}},"68":{"start":{"line":69,"column":0},"end":{"line":69,"column":18}},"69":{"start":{"line":70,"column":0},"end":{"line":70,"column":27}},"70":{"start":{"line":71,"column":0},"end":{"line":71,"column":84}},"71":{"start":{"line":72,"column":0},"end":{"line":72,"column":82}},"72":{"start":{"line":73,"column":0},"end":{"line":73,"column":11}},"73":{"start":{"line":74,"column":0},"end":{"line":74,"column":20}},"74":{"start":{"line":75,"column":0},"end":{"line":75,"column":5}},"75":{"start":{"line":76,"column":0},"end":{"line":76,"column":0}},"76":{"start":{"line":77,"column":0},"end":{"line":77,"column":21}},"77":{"start":{"line":78,"column":0},"end":{"line":78,"column":31}},"78":{"start":{"line":79,"column":0},"end":{"line":79,"column":19}},"79":{"start":{"line":80,"column":0},"end":{"line":80,"column":5}},"80":{"start":{"line":81,"column":0},"end":{"line":81,"column":0}},"81":{"start":{"line":82,"column":0},"end":{"line":82,"column":25}},"82":{"start":{"line":83,"column":0},"end":{"line":83,"column":32}},"83":{"start":{"line":84,"column":0},"end":{"line":84,"column":20}},"84":{"start":{"line":85,"column":0},"end":{"line":85,"column":5}},"85":{"start":{"line":86,"column":0},"end":{"line":86,"column":0}},"86":{"start":{"line":87,"column":0},"end":{"line":87,"column":50}},"87":{"start":{"line":88,"column":0},"end":{"line":88,"column":45}},"88":{"start":{"line":89,"column":0},"end":{"line":89,"column":20}},"89":{"start":{"line":90,"column":0},"end":{"line":90,"column":5}},"90":{"start":{"line":91,"column":0},"end":{"line":91,"column":0}},"91":{"start":{"line":92,"column":0},"end":{"line":92,"column":106}},"92":{"start":{"line":93,"column":0},"end":{"line":93,"column":58}},"93":{"start":{"line":94,"column":0},"end":{"line":94,"column":89}},"94":{"start":{"line":95,"column":0},"end":{"line":95,"column":9}},"95":{"start":{"line":96,"column":0},"end":{"line":96,"column":51}},"96":{"start":{"line":97,"column":0},"end":{"line":97,"column":36}},"97":{"start":{"line":98,"column":0},"end":{"line":98,"column":67}},"98":{"start":{"line":99,"column":0},"end":{"line":99,"column":5}},"99":{"start":{"line":100,"column":0},"end":{"line":100,"column":0}},"100":{"start":{"line":101,"column":0},"end":{"line":101,"column":105}},"101":{"start":{"line":102,"column":0},"end":{"line":102,"column":59}},"102":{"start":{"line":103,"column":0},"end":{"line":103,"column":89}},"103":{"start":{"line":104,"column":0},"end":{"line":104,"column":9}},"104":{"start":{"line":105,"column":0},"end":{"line":105,"column":50}},"105":{"start":{"line":106,"column":0},"end":{"line":106,"column":36}},"106":{"start":{"line":107,"column":0},"end":{"line":107,"column":67}},"107":{"start":{"line":108,"column":0},"end":{"line":108,"column":5}},"108":{"start":{"line":109,"column":0},"end":{"line":109,"column":0}},"109":{"start":{"line":110,"column":0},"end":{"line":110,"column":63}},"110":{"start":{"line":111,"column":0},"end":{"line":111,"column":33}},"111":{"start":{"line":112,"column":0},"end":{"line":112,"column":63}},"112":{"start":{"line":113,"column":0},"end":{"line":113,"column":9}},"113":{"start":{"line":114,"column":0},"end":{"line":114,"column":29}},"114":{"start":{"line":115,"column":0},"end":{"line":115,"column":38}},"115":{"start":{"line":116,"column":0},"end":{"line":116,"column":34}},"116":{"start":{"line":117,"column":0},"end":{"line":117,"column":32}},"117":{"start":{"line":118,"column":0},"end":{"line":118,"column":11}},"118":{"start":{"line":119,"column":0},"end":{"line":119,"column":24}},"119":{"start":{"line":120,"column":0},"end":{"line":120,"column":53}},"120":{"start":{"line":121,"column":0},"end":{"line":121,"column":38}},"121":{"start":{"line":122,"column":0},"end":{"line":122,"column":36}},"122":{"start":{"line":123,"column":0},"end":{"line":123,"column":27}},"123":{"start":{"line":124,"column":0},"end":{"line":124,"column":15}},"124":{"start":{"line":125,"column":0},"end":{"line":125,"column":9}},"125":{"start":{"line":126,"column":0},"end":{"line":126,"column":28}},"126":{"start":{"line":127,"column":0},"end":{"line":127,"column":38}},"127":{"start":{"line":128,"column":0},"end":{"line":128,"column":33}},"128":{"start":{"line":129,"column":0},"end":{"line":129,"column":31}},"129":{"start":{"line":130,"column":0},"end":{"line":130,"column":11}},"130":{"start":{"line":131,"column":0},"end":{"line":131,"column":23}},"131":{"start":{"line":132,"column":0},"end":{"line":132,"column":53}},"132":{"start":{"line":133,"column":0},"end":{"line":133,"column":38}},"133":{"start":{"line":134,"column":0},"end":{"line":134,"column":35}},"134":{"start":{"line":135,"column":0},"end":{"line":135,"column":27}},"135":{"start":{"line":136,"column":0},"end":{"line":136,"column":14}},"136":{"start":{"line":137,"column":0},"end":{"line":137,"column":9}},"137":{"start":{"line":138,"column":0},"end":{"line":138,"column":88}},"138":{"start":{"line":139,"column":0},"end":{"line":139,"column":95}},"139":{"start":{"line":140,"column":0},"end":{"line":140,"column":36}},"140":{"start":{"line":141,"column":0},"end":{"line":141,"column":34}},"141":{"start":{"line":142,"column":0},"end":{"line":142,"column":54}},"142":{"start":{"line":143,"column":0},"end":{"line":143,"column":13}},"143":{"start":{"line":144,"column":0},"end":{"line":144,"column":35}},"144":{"start":{"line":145,"column":0},"end":{"line":145,"column":56}},"145":{"start":{"line":146,"column":0},"end":{"line":146,"column":13}},"146":{"start":{"line":147,"column":0},"end":{"line":147,"column":57}},"147":{"start":{"line":148,"column":0},"end":{"line":148,"column":156}},"148":{"start":{"line":149,"column":0},"end":{"line":149,"column":13}},"149":{"start":{"line":150,"column":0},"end":{"line":150,"column":18}},"150":{"start":{"line":151,"column":0},"end":{"line":151,"column":89}},"151":{"start":{"line":152,"column":0},"end":{"line":152,"column":13}},"152":{"start":{"line":153,"column":0},"end":{"line":153,"column":15}},"153":{"start":{"line":154,"column":0},"end":{"line":154,"column":66}},"154":{"start":{"line":155,"column":0},"end":{"line":155,"column":22}},"155":{"start":{"line":156,"column":0},"end":{"line":156,"column":56}},"156":{"start":{"line":157,"column":0},"end":{"line":157,"column":13}},"157":{"start":{"line":158,"column":0},"end":{"line":158,"column":11}},"158":{"start":{"line":159,"column":0},"end":{"line":159,"column":59}},"159":{"start":{"line":160,"column":0},"end":{"line":160,"column":34}},"160":{"start":{"line":161,"column":0},"end":{"line":161,"column":34}},"161":{"start":{"line":162,"column":0},"end":{"line":162,"column":30}},"162":{"start":{"line":163,"column":0},"end":{"line":163,"column":13}},"163":{"start":{"line":164,"column":0},"end":{"line":164,"column":35}},"164":{"start":{"line":165,"column":0},"end":{"line":165,"column":50}},"165":{"start":{"line":166,"column":0},"end":{"line":166,"column":39}},"166":{"start":{"line":167,"column":0},"end":{"line":167,"column":40}},"167":{"start":{"line":168,"column":0},"end":{"line":168,"column":21}},"168":{"start":{"line":169,"column":0},"end":{"line":169,"column":18}},"169":{"start":{"line":170,"column":0},"end":{"line":170,"column":13}},"170":{"start":{"line":171,"column":0},"end":{"line":171,"column":46}},"171":{"start":{"line":172,"column":0},"end":{"line":172,"column":55}},"172":{"start":{"line":173,"column":0},"end":{"line":173,"column":41}},"173":{"start":{"line":174,"column":0},"end":{"line":174,"column":14}},"174":{"start":{"line":175,"column":0},"end":{"line":175,"column":23}},"175":{"start":{"line":176,"column":0},"end":{"line":176,"column":10}},"176":{"start":{"line":177,"column":0},"end":{"line":177,"column":16}},"177":{"start":{"line":178,"column":0},"end":{"line":178,"column":25}},"178":{"start":{"line":179,"column":0},"end":{"line":179,"column":16}},"179":{"start":{"line":180,"column":0},"end":{"line":180,"column":9}},"180":{"start":{"line":181,"column":0},"end":{"line":181,"column":5}},"181":{"start":{"line":182,"column":0},"end":{"line":182,"column":1}},"182":{"start":{"line":183,"column":0},"end":{"line":183,"column":0}},"183":{"start":{"line":184,"column":0},"end":{"line":184,"column":0}},"184":{"start":{"line":185,"column":0},"end":{"line":185,"column":29}}},"s":{"0":1,"1":1,"2":1,"3":1,"4":1,"5":1,"6":1,"7":1,"8":1,"9":1,"10":1,"11":1,"12":1,"13":1,"14":1,"15":1,"16":1,"17":1,"18":11,"19":11,"20":1,"21":1,"22":0,"23":0,"24":0,"25":1,"26":1,"27":0,"28":0,"29":0,"30":1,"31":1,"32":0,"33":0,"34":0,"35":0,"36":0,"37":0,"38":1,"39":1,"40":0,"41":0,"42":0,"43":1,"44":1,"45":0,"46":0,"47":0,"48":1,"49":1,"50":0,"51":0,"52":0,"53":1,"54":1,"55":0,"56":0,"57":0,"58":1,"59":1,"60":0,"61":0,"62":0,"63":1,"64":1,"65":9,"66":9,"67":9,"68":9,"69":9,"70":9,"71":9,"72":9,"73":9,"74":9,"75":1,"76":1,"77":0,"78":0,"79":0,"80":1,"81":1,"82":0,"83":0,"84":0,"85":1,"86":1,"87":0,"88":0,"89":0,"90":1,"91":1,"92":1,"93":0,"94":0,"95":1,"96":1,"97":1,"98":1,"99":1,"100":1,"101":3,"102":0,"103":0,"104":3,"105":3,"106":3,"107":3,"108":1,"109":1,"110":9,"111":0,"112":0,"113":9,"114":9,"115":9,"116":9,"117":9,"118":9,"119":8,"120":7,"121":7,"122":7,"123":8,"124":8,"125":9,"126":9,"127":9,"128":9,"129":9,"130":9,"131":7,"132":5,"133":5,"134":5,"135":7,"136":7,"137":9,"138":9,"139":9,"140":9,"141":4,"142":4,"143":9,"144":2,"145":2,"146":9,"147":0,"148":0,"149":9,"150":9,"151":9,"152":9,"153":9,"154":9,"155":9,"156":9,"157":9,"158":9,"159":13,"160":13,"161":0,"162":0,"163":13,"164":0,"165":0,"166":0,"167":0,"168":0,"169":0,"170":13,"171":0,"172":0,"173":13,"174":13,"175":9,"176":9,"177":9,"178":9,"179":9,"180":9,"181":1,"182":1,"183":1,"184":1},"branchMap":{"0":{"type":"branch","line":18,"loc":{"start":{"line":18,"column":4},"end":{"line":20,"column":5}},"locations":[{"start":{"line":18,"column":4},"end":{"line":20,"column":5}}]},"1":{"type":"branch","line":19,"loc":{"start":{"line":19,"column":46},"end":{"line":19,"column":57}},"locations":[{"start":{"line":19,"column":46},"end":{"line":19,"column":57}}]},"2":{"type":"branch","line":19,"loc":{"start":{"line":19,"column":58},"end":{"line":19,"column":75}},"locations":[{"start":{"line":19,"column":58},"end":{"line":19,"column":75}}]},"3":{"type":"branch","line":65,"loc":{"start":{"line":65,"column":11},"end":{"line":75,"column":5}},"locations":[{"start":{"line":65,"column":11},"end":{"line":75,"column":5}}]},"4":{"type":"branch","line":71,"loc":{"start":{"line":71,"column":67},"end":{"line":71,"column":79}},"locations":[{"start":{"line":71,"column":67},"end":{"line":71,"column":79}}]},"5":{"type":"branch","line":71,"loc":{"start":{"line":71,"column":80},"end":{"line":71,"column":83}},"locations":[{"start":{"line":71,"column":80},"end":{"line":71,"column":83}}]},"6":{"type":"branch","line":72,"loc":{"start":{"line":72,"column":65},"end":{"line":72,"column":77}},"locations":[{"start":{"line":72,"column":65},"end":{"line":72,"column":77}}]},"7":{"type":"branch","line":72,"loc":{"start":{"line":72,"column":78},"end":{"line":72,"column":81}},"locations":[{"start":{"line":72,"column":78},"end":{"line":72,"column":81}}]},"8":{"type":"branch","line":92,"loc":{"start":{"line":92,"column":11},"end":{"line":99,"column":5}},"locations":[{"start":{"line":92,"column":11},"end":{"line":99,"column":5}}]},"9":{"type":"branch","line":93,"loc":{"start":{"line":93,"column":57},"end":{"line":95,"column":9}},"locations":[{"start":{"line":93,"column":57},"end":{"line":95,"column":9}}]},"10":{"type":"branch","line":101,"loc":{"start":{"line":101,"column":11},"end":{"line":108,"column":5}},"locations":[{"start":{"line":101,"column":11},"end":{"line":108,"column":5}}]},"11":{"type":"branch","line":102,"loc":{"start":{"line":102,"column":58},"end":{"line":104,"column":9}},"locations":[{"start":{"line":102,"column":58},"end":{"line":104,"column":9}}]},"12":{"type":"branch","line":110,"loc":{"start":{"line":110,"column":17},"end":{"line":181,"column":5}},"locations":[{"start":{"line":110,"column":17},"end":{"line":181,"column":5}}]},"13":{"type":"branch","line":111,"loc":{"start":{"line":111,"column":32},"end":{"line":113,"column":9}},"locations":[{"start":{"line":111,"column":32},"end":{"line":113,"column":9}}]},"14":{"type":"branch","line":119,"loc":{"start":{"line":119,"column":23},"end":{"line":125,"column":9}},"locations":[{"start":{"line":119,"column":23},"end":{"line":125,"column":9}}]},"15":{"type":"branch","line":131,"loc":{"start":{"line":131,"column":22},"end":{"line":137,"column":9}},"locations":[{"start":{"line":131,"column":22},"end":{"line":137,"column":9}}]},"16":{"type":"branch","line":115,"loc":{"start":{"line":115,"column":29},"end":{"line":118,"column":9}},"locations":[{"start":{"line":115,"column":29},"end":{"line":118,"column":9}}]},"17":{"type":"branch","line":117,"loc":{"start":{"line":117,"column":16},"end":{"line":117,"column":32}},"locations":[{"start":{"line":117,"column":16},"end":{"line":117,"column":32}}]},"18":{"type":"branch","line":120,"loc":{"start":{"line":120,"column":44},"end":{"line":124,"column":13}},"locations":[{"start":{"line":120,"column":44},"end":{"line":124,"column":13}}]},"19":{"type":"branch","line":127,"loc":{"start":{"line":127,"column":29},"end":{"line":130,"column":9}},"locations":[{"start":{"line":127,"column":29},"end":{"line":130,"column":9}}]},"20":{"type":"branch","line":129,"loc":{"start":{"line":129,"column":16},"end":{"line":129,"column":31}},"locations":[{"start":{"line":129,"column":16},"end":{"line":129,"column":31}}]},"21":{"type":"branch","line":132,"loc":{"start":{"line":132,"column":44},"end":{"line":136,"column":13}},"locations":[{"start":{"line":132,"column":44},"end":{"line":136,"column":13}}]},"22":{"type":"branch","line":138,"loc":{"start":{"line":138,"column":40},"end":{"line":153,"column":9}},"locations":[{"start":{"line":138,"column":40},"end":{"line":153,"column":9}}]},"23":{"type":"branch","line":141,"loc":{"start":{"line":141,"column":33},"end":{"line":143,"column":13}},"locations":[{"start":{"line":141,"column":33},"end":{"line":143,"column":13}}]},"24":{"type":"branch","line":144,"loc":{"start":{"line":144,"column":34},"end":{"line":146,"column":13}},"locations":[{"start":{"line":144,"column":34},"end":{"line":146,"column":13}}]},"25":{"type":"branch","line":147,"loc":{"start":{"line":147,"column":56},"end":{"line":149,"column":13}},"locations":[{"start":{"line":147,"column":56},"end":{"line":149,"column":13}}]},"26":{"type":"branch","line":159,"loc":{"start":{"line":159,"column":45},"end":{"line":176,"column":9}},"locations":[{"start":{"line":159,"column":45},"end":{"line":176,"column":9}}]},"27":{"type":"branch","line":161,"loc":{"start":{"line":161,"column":33},"end":{"line":163,"column":13}},"locations":[{"start":{"line":161,"column":33},"end":{"line":163,"column":13}}]},"28":{"type":"branch","line":164,"loc":{"start":{"line":164,"column":34},"end":{"line":170,"column":13}},"locations":[{"start":{"line":164,"column":34},"end":{"line":170,"column":13}}]}},"b":{"0":[11],"1":[1],"2":[10],"3":[9],"4":[1],"5":[8],"6":[3],"7":[6],"8":[1],"9":[0],"10":[3],"11":[0],"12":[9],"13":[0],"14":[8],"15":[7],"16":[9],"17":[1],"18":[7],"19":[9],"20":[3],"21":[5],"22":[9],"23":[4],"24":[2],"25":[0],"26":[13],"27":[0],"28":[0]},"fnMap":{"0":{"name":"StrapiFindAll","decl":{"start":{"line":18,"column":4},"end":{"line":20,"column":5}},"loc":{"start":{"line":18,"column":4},"end":{"line":20,"column":5}},"line":18},"1":{"name":"page","decl":{"start":{"line":22,"column":11},"end":{"line":25,"column":5}},"loc":{"start":{"line":22,"column":11},"end":{"line":25,"column":5}},"line":22},"2":{"name":"populate","decl":{"start":{"line":27,"column":11},"end":{"line":30,"column":5}},"loc":{"start":{"line":27,"column":11},"end":{"line":30,"column":5}},"line":27},"3":{"name":"sort","decl":{"start":{"line":32,"column":11},"end":{"line":38,"column":5}},"loc":{"start":{"line":32,"column":11},"end":{"line":38,"column":5}},"line":32},"4":{"name":"field","decl":{"start":{"line":40,"column":11},"end":{"line":43,"column":5}},"loc":{"start":{"line":40,"column":11},"end":{"line":43,"column":5}},"line":40},"5":{"name":"pageSize","decl":{"start":{"line":45,"column":11},"end":{"line":48,"column":5}},"loc":{"start":{"line":45,"column":11},"end":{"line":48,"column":5}},"line":45},"6":{"name":"offsetStart","decl":{"start":{"line":50,"column":11},"end":{"line":53,"column":5}},"loc":{"start":{"line":50,"column":11},"end":{"line":53,"column":5}},"line":50},"7":{"name":"offsetLimit","decl":{"start":{"line":55,"column":11},"end":{"line":58,"column":5}},"loc":{"start":{"line":55,"column":11},"end":{"line":58,"column":5}},"line":55},"8":{"name":"withCount","decl":{"start":{"line":60,"column":11},"end":{"line":63,"column":5}},"loc":{"start":{"line":60,"column":11},"end":{"line":63,"column":5}},"line":60},"9":{"name":"filter","decl":{"start":{"line":65,"column":11},"end":{"line":75,"column":5}},"loc":{"start":{"line":65,"column":11},"end":{"line":75,"column":5}},"line":65},"10":{"name":"hideId","decl":{"start":{"line":77,"column":11},"end":{"line":80,"column":5}},"loc":{"start":{"line":77,"column":11},"end":{"line":80,"column":5}},"line":77},"11":{"name":"showOnlyId","decl":{"start":{"line":82,"column":11},"end":{"line":85,"column":5}},"loc":{"start":{"line":82,"column":11},"end":{"line":85,"column":5}},"line":82},"12":{"name":"rename","decl":{"start":{"line":87,"column":11},"end":{"line":90,"column":5}},"loc":{"start":{"line":87,"column":11},"end":{"line":90,"column":5}},"line":87},"13":{"name":"and","decl":{"start":{"line":92,"column":11},"end":{"line":99,"column":5}},"loc":{"start":{"line":92,"column":11},"end":{"line":99,"column":5}},"line":92},"14":{"name":"or","decl":{"start":{"line":101,"column":11},"end":{"line":108,"column":5}},"loc":{"start":{"line":101,"column":11},"end":{"line":108,"column":5}},"line":101},"15":{"name":"call","decl":{"start":{"line":110,"column":17},"end":{"line":181,"column":5}},"loc":{"start":{"line":110,"column":17},"end":{"line":181,"column":5}},"line":110}},"f":{"0":11,"1":0,"2":0,"3":0,"4":0,"5":0,"6":0,"7":0,"8":0,"9":9,"10":0,"11":0,"12":0,"13":1,"14":3,"15":9}}
,"/Users/luca.soda/Projects/strapi-handler/strapi-handler/lib/StrapiFindOne.ts": {"path":"/Users/luca.soda/Projects/strapi-handler/strapi-handler/lib/StrapiFindOne.ts","all":false,"statementMap":{"0":{"start":{"line":1,"column":0},"end":{"line":1,"column":46}},"1":{"start":{"line":2,"column":0},"end":{"line":2,"column":26}},"2":{"start":{"line":3,"column":0},"end":{"line":3,"column":71}},"3":{"start":{"line":4,"column":0},"end":{"line":4,"column":40}},"4":{"start":{"line":5,"column":0},"end":{"line":5,"column":0}},"5":{"start":{"line":6,"column":0},"end":{"line":6,"column":21}},"6":{"start":{"line":7,"column":0},"end":{"line":7,"column":24}},"7":{"start":{"line":8,"column":0},"end":{"line":8,"column":30}},"8":{"start":{"line":9,"column":0},"end":{"line":9,"column":37}},"9":{"start":{"line":10,"column":0},"end":{"line":10,"column":34}},"10":{"start":{"line":11,"column":0},"end":{"line":11,"column":51}},"11":{"start":{"line":12,"column":0},"end":{"line":12,"column":22}},"12":{"start":{"line":13,"column":0},"end":{"line":13,"column":31}},"13":{"start":{"line":14,"column":0},"end":{"line":14,"column":32}},"14":{"start":{"line":15,"column":0},"end":{"line":15,"column":60}},"15":{"start":{"line":16,"column":0},"end":{"line":16,"column":38}},"16":{"start":{"line":17,"column":0},"end":{"line":17,"column":0}},"17":{"start":{"line":18,"column":0},"end":{"line":18,"column":120}},"18":{"start":{"line":19,"column":0},"end":{"line":19,"column":93}},"19":{"start":{"line":20,"column":0},"end":{"line":20,"column":5}},"20":{"start":{"line":21,"column":0},"end":{"line":21,"column":0}},"21":{"start":{"line":22,"column":0},"end":{"line":22,"column":55}},"22":{"start":{"line":23,"column":0},"end":{"line":23,"column":50}},"23":{"start":{"line":24,"column":0},"end":{"line":24,"column":20}},"24":{"start":{"line":25,"column":0},"end":{"line":25,"column":5}},"25":{"start":{"line":26,"column":0},"end":{"line":26,"column":0}},"26":{"start":{"line":27,"column":0},"end":{"line":27,"column":55}},"27":{"start":{"line":28,"column":0},"end":{"line":28,"column":50}},"28":{"start":{"line":29,"column":0},"end":{"line":29,"column":20}},"29":{"start":{"line":30,"column":0},"end":{"line":30,"column":5}},"30":{"start":{"line":31,"column":0},"end":{"line":31,"column":0}},"31":{"start":{"line":32,"column":0},"end":{"line":32,"column":33}},"32":{"start":{"line":33,"column":0},"end":{"line":33,"column":33}},"33":{"start":{"line":34,"column":0},"end":{"line":34,"column":80}},"34":{"start":{"line":35,"column":0},"end":{"line":35,"column":5}},"35":{"start":{"line":36,"column":0},"end":{"line":36,"column":2}},"36":{"start":{"line":37,"column":0},"end":{"line":37,"column":109}},"37":{"start":{"line":38,"column":0},"end":{"line":38,"column":27}},"38":{"start":{"line":39,"column":0},"end":{"line":39,"column":18}},"39":{"start":{"line":40,"column":0},"end":{"line":40,"column":21}},"40":{"start":{"line":41,"column":0},"end":{"line":41,"column":18}},"41":{"start":{"line":42,"column":0},"end":{"line":42,"column":27}},"42":{"start":{"line":43,"column":0},"end":{"line":43,"column":84}},"43":{"start":{"line":44,"column":0},"end":{"line":44,"column":82}},"44":{"start":{"line":45,"column":0},"end":{"line":45,"column":11}},"45":{"start":{"line":46,"column":0},"end":{"line":46,"column":20}},"46":{"start":{"line":47,"column":0},"end":{"line":47,"column":5}},"47":{"start":{"line":48,"column":0},"end":{"line":48,"column":0}},"48":{"start":{"line":49,"column":0},"end":{"line":49,"column":50}},"49":{"start":{"line":50,"column":0},"end":{"line":50,"column":43}},"50":{"start":{"line":51,"column":0},"end":{"line":51,"column":20}},"51":{"start":{"line":52,"column":0},"end":{"line":52,"column":5}},"52":{"start":{"line":53,"column":0},"end":{"line":53,"column":0}},"53":{"start":{"line":54,"column":0},"end":{"line":54,"column":48}},"54":{"start":{"line":55,"column":0},"end":{"line":55,"column":64}},"55":{"start":{"line":56,"column":0},"end":{"line":56,"column":20}},"56":{"start":{"line":57,"column":0},"end":{"line":57,"column":5}},"57":{"start":{"line":58,"column":0},"end":{"line":58,"column":0}},"58":{"start":{"line":59,"column":0},"end":{"line":59,"column":106}},"59":{"start":{"line":60,"column":0},"end":{"line":60,"column":58}},"60":{"start":{"line":61,"column":0},"end":{"line":61,"column":89}},"61":{"start":{"line":62,"column":0},"end":{"line":62,"column":9}},"62":{"start":{"line":63,"column":0},"end":{"line":63,"column":51}},"63":{"start":{"line":64,"column":0},"end":{"line":64,"column":34}},"64":{"start":{"line":65,"column":0},"end":{"line":65,"column":67}},"65":{"start":{"line":66,"column":0},"end":{"line":66,"column":5}},"66":{"start":{"line":67,"column":0},"end":{"line":67,"column":0}},"67":{"start":{"line":68,"column":0},"end":{"line":68,"column":105}},"68":{"start":{"line":69,"column":0},"end":{"line":69,"column":59}},"69":{"start":{"line":70,"column":0},"end":{"line":70,"column":89}},"70":{"start":{"line":71,"column":0},"end":{"line":71,"column":9}},"71":{"start":{"line":72,"column":0},"end":{"line":72,"column":50}},"72":{"start":{"line":73,"column":0},"end":{"line":73,"column":34}},"73":{"start":{"line":74,"column":0},"end":{"line":74,"column":67}},"74":{"start":{"line":75,"column":0},"end":{"line":75,"column":5}},"75":{"start":{"line":76,"column":0},"end":{"line":76,"column":0}},"76":{"start":{"line":77,"column":0},"end":{"line":77,"column":64}},"77":{"start":{"line":78,"column":0},"end":{"line":78,"column":28}},"78":{"start":{"line":79,"column":0},"end":{"line":79,"column":28}},"79":{"start":{"line":80,"column":0},"end":{"line":80,"column":33}},"80":{"start":{"line":81,"column":0},"end":{"line":81,"column":63}},"81":{"start":{"line":82,"column":0},"end":{"line":82,"column":9}},"82":{"start":{"line":83,"column":0},"end":{"line":83,"column":29}},"83":{"start":{"line":84,"column":0},"end":{"line":84,"column":38}},"84":{"start":{"line":85,"column":0},"end":{"line":85,"column":34}},"85":{"start":{"line":86,"column":0},"end":{"line":86,"column":32}},"86":{"start":{"line":87,"column":0},"end":{"line":87,"column":11}},"87":{"start":{"line":88,"column":0},"end":{"line":88,"column":24}},"88":{"start":{"line":89,"column":0},"end":{"line":89,"column":53}},"89":{"start":{"line":90,"column":0},"end":{"line":90,"column":36}},"90":{"start":{"line":91,"column":0},"end":{"line":91,"column":36}},"91":{"start":{"line":92,"column":0},"end":{"line":92,"column":27}},"92":{"start":{"line":93,"column":0},"end":{"line":93,"column":15}},"93":{"start":{"line":94,"column":0},"end":{"line":94,"column":9}},"94":{"start":{"line":95,"column":0},"end":{"line":95,"column":28}},"95":{"start":{"line":96,"column":0},"end":{"line":96,"column":38}},"96":{"start":{"line":97,"column":0},"end":{"line":97,"column":33}},"97":{"start":{"line":98,"column":0},"end":{"line":98,"column":31}},"98":{"start":{"line":99,"column":0},"end":{"line":99,"column":11}},"99":{"start":{"line":100,"column":0},"end":{"line":100,"column":23}},"100":{"start":{"line":101,"column":0},"end":{"line":101,"column":53}},"101":{"start":{"line":102,"column":0},"end":{"line":102,"column":36}},"102":{"start":{"line":103,"column":0},"end":{"line":103,"column":35}},"103":{"start":{"line":104,"column":0},"end":{"line":104,"column":27}},"104":{"start":{"line":105,"column":0},"end":{"line":105,"column":14}},"105":{"start":{"line":106,"column":0},"end":{"line":106,"column":9}},"106":{"start":{"line":107,"column":0},"end":{"line":107,"column":88}},"107":{"start":{"line":108,"column":0},"end":{"line":108,"column":93}},"108":{"start":{"line":109,"column":0},"end":{"line":109,"column":36}},"109":{"start":{"line":110,"column":0},"end":{"line":110,"column":34}},"110":{"start":{"line":111,"column":0},"end":{"line":111,"column":54}},"111":{"start":{"line":112,"column":0},"end":{"line":112,"column":13}},"112":{"start":{"line":113,"column":0},"end":{"line":113,"column":35}},"113":{"start":{"line":114,"column":0},"end":{"line":114,"column":56}},"114":{"start":{"line":115,"column":0},"end":{"line":115,"column":13}},"115":{"start":{"line":116,"column":0},"end":{"line":116,"column":57}},"116":{"start":{"line":117,"column":0},"end":{"line":117,"column":154}},"117":{"start":{"line":118,"column":0},"end":{"line":118,"column":13}},"118":{"start":{"line":119,"column":0},"end":{"line":119,"column":18}},"119":{"start":{"line":120,"column":0},"end":{"line":120,"column":87}},"120":{"start":{"line":121,"column":0},"end":{"line":121,"column":13}},"121":{"start":{"line":122,"column":0},"end":{"line":122,"column":15}},"122":{"start":{"line":123,"column":0},"end":{"line":123,"column":66}},"123":{"start":{"line":124,"column":0},"end":{"line":124,"column":22}},"124":{"start":{"line":125,"column":0},"end":{"line":125,"column":56}},"125":{"start":{"line":126,"column":0},"end":{"line":126,"column":13}},"126":{"start":{"line":127,"column":0},"end":{"line":127,"column":11}},"127":{"start":{"line":128,"column":0},"end":{"line":128,"column":59}},"128":{"start":{"line":129,"column":0},"end":{"line":129,"column":32}},"129":{"start":{"line":130,"column":0},"end":{"line":130,"column":34}},"130":{"start":{"line":131,"column":0},"end":{"line":131,"column":30}},"131":{"start":{"line":132,"column":0},"end":{"line":132,"column":13}},"132":{"start":{"line":133,"column":0},"end":{"line":133,"column":35}},"133":{"start":{"line":134,"column":0},"end":{"line":134,"column":50}},"134":{"start":{"line":135,"column":0},"end":{"line":135,"column":39}},"135":{"start":{"line":136,"column":0},"end":{"line":136,"column":40}},"136":{"start":{"line":137,"column":0},"end":{"line":137,"column":21}},"137":{"start":{"line":138,"column":0},"end":{"line":138,"column":18}},"138":{"start":{"line":139,"column":0},"end":{"line":139,"column":13}},"139":{"start":{"line":140,"column":0},"end":{"line":140,"column":46}},"140":{"start":{"line":141,"column":0},"end":{"line":141,"column":55}},"141":{"start":{"line":142,"column":0},"end":{"line":142,"column":41}},"142":{"start":{"line":143,"column":0},"end":{"line":143,"column":14}},"143":{"start":{"line":144,"column":0},"end":{"line":144,"column":23}},"144":{"start":{"line":145,"column":0},"end":{"line":145,"column":10}},"145":{"start":{"line":146,"column":0},"end":{"line":146,"column":39}},"146":{"start":{"line":147,"column":0},"end":{"line":147,"column":20}},"147":{"start":{"line":148,"column":0},"end":{"line":148,"column":29}},"148":{"start":{"line":149,"column":0},"end":{"line":149,"column":20}},"149":{"start":{"line":150,"column":0},"end":{"line":150,"column":13}},"150":{"start":{"line":151,"column":0},"end":{"line":151,"column":9}},"151":{"start":{"line":152,"column":0},"end":{"line":152,"column":14}},"152":{"start":{"line":153,"column":0},"end":{"line":153,"column":29}},"153":{"start":{"line":154,"column":0},"end":{"line":154,"column":9}},"154":{"start":{"line":155,"column":0},"end":{"line":155,"column":5}},"155":{"start":{"line":156,"column":0},"end":{"line":156,"column":1}},"156":{"start":{"line":157,"column":0},"end":{"line":157,"column":0}},"157":{"start":{"line":158,"column":0},"end":{"line":158,"column":0}},"158":{"start":{"line":159,"column":0},"end":{"line":159,"column":29}}},"s":{"0":1,"1":1,"2":1,"3":1,"4":1,"5":1,"6":1,"7":1,"8":1,"9":1,"10":1,"11":1,"12":1,"13":1,"14":1,"15":1,"16":1,"17":1,"18":21,"19":21,"20":1,"21":1,"22":19,"23":19,"24":19,"25":1,"26":1,"27":19,"28":19,"29":19,"30":1,"31":1,"32":19,"33":19,"34":19,"35":1,"36":1,"37":13,"38":13,"39":13,"40":13,"41":13,"42":13,"43":13,"44":13,"45":13,"46":13,"47":1,"48":1,"49":1,"50":1,"51":1,"52":1,"53":1,"54":1,"55":1,"56":1,"57":1,"58":1,"59":4,"60":1,"61":1,"62":3,"63":3,"64":3,"65":3,"66":1,"67":1,"68":2,"69":1,"70":1,"71":1,"72":1,"73":1,"74":1,"75":1,"76":1,"77":19,"78":19,"79":19,"80":0,"81":0,"82":19,"83":19,"84":11,"85":11,"86":19,"87":19,"88":18,"89":9,"90":9,"91":9,"92":18,"93":18,"94":19,"95":19,"96":11,"97":11,"98":19,"99":19,"100":19,"101":11,"102":11,"103":11,"104":19,"105":19,"106":19,"107":11,"108":11,"109":11,"110":0,"111":0,"112":11,"113":2,"114":2,"115":11,"116":0,"117":0,"118":11,"119":11,"120":11,"121":19,"122":19,"123":19,"124":19,"125":19,"126":19,"127":19,"128":15,"129":15,"130":0,"131":0,"132":15,"133":0,"134":0,"135":0,"136":0,"137":0,"138":0,"139":15,"140":1,"141":1,"142":15,"143":15,"144":19,"145":19,"146":0,"147":0,"148":0,"149":0,"150":0,"151":19,"152":19,"153":19,"154":19,"155":1,"156":1,"157":1,"158":1},"branchMap":{"0":{"type":"branch","line":18,"loc":{"start":{"line":18,"column":4},"end":{"line":20,"column":5}},"locations":[{"start":{"line":18,"column":4},"end":{"line":20,"column":5}}]},"1":{"type":"branch","line":19,"loc":{"start":{"line":19,"column":46},"end":{"line":19,"column":57}},"locations":[{"start":{"line":19,"column":46},"end":{"line":19,"column":57}}]},"2":{"type":"branch","line":19,"loc":{"start":{"line":19,"column":58},"end":{"line":19,"column":75}},"locations":[{"start":{"line":19,"column":58},"end":{"line":19,"column":75}}]},"3":{"type":"branch","line":22,"loc":{"start":{"line":22,"column":12},"end":{"line":25,"column":5}},"locations":[{"start":{"line":22,"column":12},"end":{"line":25,"column":5}}]},"4":{"type":"branch","line":27,"loc":{"start":{"line":27,"column":12},"end":{"line":30,"column":5}},"locations":[{"start":{"line":27,"column":12},"end":{"line":30,"column":5}}]},"5":{"type":"branch","line":32,"loc":{"start":{"line":32,"column":11},"end":{"line":35,"column":5}},"locations":[{"start":{"line":32,"column":11},"end":{"line":35,"column":5}}]},"6":{"type":"branch","line":37,"loc":{"start":{"line":37,"column":11},"end":{"line":47,"column":5}},"locations":[{"start":{"line":37,"column":11},"end":{"line":47,"column":5}}]},"7":{"type":"branch","line":43,"loc":{"start":{"line":43,"column":67},"end":{"line":43,"column":79}},"locations":[{"start":{"line":43,"column":67},"end":{"line":43,"column":79}}]},"8":{"type":"branch","line":43,"loc":{"start":{"line":43,"column":80},"end":{"line":43,"column":83}},"locations":[{"start":{"line":43,"column":80},"end":{"line":43,"column":83}}]},"9":{"type":"branch","line":44,"loc":{"start":{"line":44,"column":65},"end":{"line":44,"column":77}},"locations":[{"start":{"line":44,"column":65},"end":{"line":44,"column":77}}]},"10":{"type":"branch","line":44,"loc":{"start":{"line":44,"column":78},"end":{"line":44,"column":81}},"locations":[{"start":{"line":44,"column":78},"end":{"line":44,"column":81}}]},"11":{"type":"branch","line":49,"loc":{"start":{"line":49,"column":11},"end":{"line":52,"column":5}},"locations":[{"start":{"line":49,"column":11},"end":{"line":52,"column":5}}]},"12":{"type":"branch","line":54,"loc":{"start":{"line":54,"column":11},"end":{"line":57,"column":5}},"locations":[{"start":{"line":54,"column":11},"end":{"line":57,"column":5}}]},"13":{"type":"branch","line":59,"loc":{"start":{"line":59,"column":11},"end":{"line":66,"column":5}},"locations":[{"start":{"line":59,"column":11},"end":{"line":66,"column":5}}]},"14":{"type":"branch","line":60,"loc":{"start":{"line":60,"column":57},"end":{"line":62,"column":9}},"locations":[{"start":{"line":60,"column":57},"end":{"line":62,"column":9}}]},"15":{"type":"branch","line":63,"loc":{"start":{"line":63,"column":-1},"end":{"line":66,"column":5}},"locations":[{"start":{"line":63,"column":-1},"end":{"line":66,"column":5}}]},"16":{"type":"branch","line":68,"loc":{"start":{"line":68,"column":11},"end":{"line":75,"column":5}},"locations":[{"start":{"line":68,"column":11},"end":{"line":75,"column":5}}]},"17":{"type":"branch","line":69,"loc":{"start":{"line":69,"column":58},"end":{"line":75,"column":5}},"locations":[{"start":{"line":69,"column":58},"end":{"line":75,"column":5}}]},"18":{"type":"branch","line":77,"loc":{"start":{"line":77,"column":18},"end":{"line":155,"column":5}},"locations":[{"start":{"line":77,"column":18},"end":{"line":155,"column":5}}]},"19":{"type":"branch","line":80,"loc":{"start":{"line":80,"column":32},"end":{"line":82,"column":9}},"locations":[{"start":{"line":80,"column":32},"end":{"line":82,"column":9}}]},"20":{"type":"branch","line":88,"loc":{"start":{"line":88,"column":23},"end":{"line":94,"column":9}},"locations":[{"start":{"line":88,"column":23},"end":{"line":94,"column":9}}]},"21":{"type":"branch","line":146,"loc":{"start":{"line":146,"column":38},"end":{"line":151,"column":9}},"locations":[{"start":{"line":146,"column":38},"end":{"line":151,"column":9}}]},"22":{"type":"branch","line":84,"loc":{"start":{"line":84,"column":29},"end":{"line":87,"column":9}},"locations":[{"start":{"line":84,"column":29},"end":{"line":87,"column":9}}]},"23":{"type":"branch","line":86,"loc":{"start":{"line":86,"column":16},"end":{"line":86,"column":32}},"locations":[{"start":{"line":86,"column":16},"end":{"line":86,"column":32}}]},"24":{"type":"branch","line":89,"loc":{"start":{"line":89,"column":44},"end":{"line":93,"column":13}},"locations":[{"start":{"line":89,"column":44},"end":{"line":93,"column":13}}]},"25":{"type":"branch","line":96,"loc":{"start":{"line":96,"column":29},"end":{"line":99,"column":9}},"locations":[{"start":{"line":96,"column":29},"end":{"line":99,"column":9}}]},"26":{"type":"branch","line":98,"loc":{"start":{"line":98,"column":16},"end":{"line":98,"column":31}},"locations":[{"start":{"line":98,"column":16},"end":{"line":98,"column":31}}]},"27":{"type":"branch","line":101,"loc":{"start":{"line":101,"column":44},"end":{"line":105,"column":13}},"locations":[{"start":{"line":101,"column":44},"end":{"line":105,"column":13}}]},"28":{"type":"branch","line":107,"loc":{"start":{"line":107,"column":40},"end":{"line":122,"column":9}},"locations":[{"start":{"line":107,"column":40},"end":{"line":122,"column":9}}]},"29":{"type":"branch","line":110,"loc":{"start":{"line":110,"column":33},"end":{"line":112,"column":13}},"locations":[{"start":{"line":110,"column":33},"end":{"line":112,"column":13}}]},"30":{"type":"branch","line":113,"loc":{"start":{"line":113,"column":34},"end":{"line":115,"column":13}},"locations":[{"start":{"line":113,"column":34},"end":{"line":115,"column":13}}]},"31":{"type":"branch","line":116,"loc":{"start":{"line":116,"column":56},"end":{"line":118,"column":13}},"locations":[{"start":{"line":116,"column":56},"end":{"line":118,"column":13}}]},"32":{"type":"branch","line":128,"loc":{"start":{"line":128,"column":45},"end":{"line":145,"column":9}},"locations":[{"start":{"line":128,"column":45},"end":{"line":145,"column":9}}]},"33":{"type":"branch","line":130,"loc":{"start":{"line":130,"column":33},"end":{"line":132,"column":13}},"locations":[{"start":{"line":130,"column":33},"end":{"line":132,"column":13}}]},"34":{"type":"branch","line":133,"loc":{"start":{"line":133,"column":34},"end":{"line":139,"column":13}},"locations":[{"start":{"line":133,"column":34},"end":{"line":139,"column":13}}]},"35":{"type":"branch","line":140,"loc":{"start":{"line":140,"column":33},"end":{"line":143,"column":13}},"locations":[{"start":{"line":140,"column":33},"end":{"line":143,"column":13}}]}},"b":{"0":[21],"1":[1],"2":[20],"3":[19],"4":[19],"5":[19],"6":[13],"7":[3],"8":[10],"9":[1],"10":[12],"11":[1],"12":[1],"13":[4],"14":[1],"15":[3],"16":[2],"17":[1],"18":[19],"19":[0],"20":[18],"21":[0],"22":[11],"23":[2],"24":[9],"25":[11],"26":[0],"27":[11],"28":[11],"29":[0],"30":[2],"31":[0],"32":[15],"33":[0],"34":[0],"35":[1]},"fnMap":{"0":{"name":"StrapiFindOne","decl":{"start":{"line":18,"column":4},"end":{"line":20,"column":5}},"loc":{"start":{"line":18,"column":4},"end":{"line":20,"column":5}},"line":18},"1":{"name":"offsetStart","decl":{"start":{"line":22,"column":12},"end":{"line":25,"column":5}},"loc":{"start":{"line":22,"column":12},"end":{"line":25,"column":5}},"line":22},"2":{"name":"offsetLimit","decl":{"start":{"line":27,"column":12},"end":{"line":30,"column":5}},"loc":{"start":{"line":27,"column":12},"end":{"line":30,"column":5}},"line":27},"3":{"name":"chain","decl":{"start":{"line":32,"column":11},"end":{"line":35,"column":5}},"loc":{"start":{"line":32,"column":11},"end":{"line":35,"column":5}},"line":32},"4":{"name":"filter","decl":{"start":{"line":37,"column":11},"end":{"line":47,"column":5}},"loc":{"start":{"line":37,"column":11},"end":{"line":47,"column":5}},"line":37},"5":{"name":"rename","decl":{"start":{"line":49,"column":11},"end":{"line":52,"column":5}},"loc":{"start":{"line":49,"column":11},"end":{"line":52,"column":5}},"line":49},"6":{"name":"field","decl":{"start":{"line":54,"column":11},"end":{"line":57,"column":5}},"loc":{"start":{"line":54,"column":11},"end":{"line":57,"column":5}},"line":54},"7":{"name":"and","decl":{"start":{"line":59,"column":11},"end":{"line":66,"column":5}},"loc":{"start":{"line":59,"column":11},"end":{"line":66,"column":5}},"line":59},"8":{"name":"or","decl":{"start":{"line":68,"column":11},"end":{"line":75,"column":5}},"loc":{"start":{"line":68,"column":11},"end":{"line":75,"column":5}},"line":68},"9":{"name":"call","decl":{"start":{"line":77,"column":18},"end":{"line":155,"column":5}},"loc":{"start":{"line":77,"column":18},"end":{"line":155,"column":5}},"line":77}},"f":{"0":21,"1":19,"2":19,"3":19,"4":13,"5":1,"6":1,"7":4,"8":2,"9":19}}
,"/Users/luca.soda/Projects/strapi-handler/strapi-handler/lib/StrapiHandler.ts": {"path":"/Users/luca.soda/Projects/strapi-handler/strapi-handler/lib/StrapiHandler.ts","all":false,"statementMap":{"0":{"start":{"line":1,"column":0},"end":{"line":1,"column":26}},"1":{"start":{"line":2,"column":0},"end":{"line":2,"column":44}},"2":{"start":{"line":3,"column":0},"end":{"line":3,"column":44}},"3":{"start":{"line":4,"column":0},"end":{"line":4,"column":0}},"4":{"start":{"line":5,"column":0},"end":{"line":5,"column":21}},"5":{"start":{"line":6,"column":0},"end":{"line":6,"column":92}},"6":{"start":{"line":7,"column":0},"end":{"line":7,"column":0}},"7":{"start":{"line":8,"column":0},"end":{"line":8,"column":37}},"8":{"start":{"line":9,"column":0},"end":{"line":9,"column":71}},"9":{"start":{"line":10,"column":0},"end":{"line":10,"column":5}},"10":{"start":{"line":11,"column":0},"end":{"line":11,"column":0}},"11":{"start":{"line":12,"column":0},"end":{"line":12,"column":37}},"12":{"start":{"line":13,"column":0},"end":{"line":13,"column":70}},"13":{"start":{"line":14,"column":0},"end":{"line":14,"column":5}},"14":{"start":{"line":15,"column":0},"end":{"line":15,"column":0}},"15":{"start":{"line":16,"column":0},"end":{"line":16,"column":74}},"16":{"start":{"line":17,"column":0},"end":{"line":17,"column":115}},"17":{"start":{"line":18,"column":0},"end":{"line":18,"column":15}},"18":{"start":{"line":19,"column":0},"end":{"line":19,"column":21}},"19":{"start":{"line":20,"column":0},"end":{"line":20,"column":10}},"20":{"start":{"line":21,"column":0},"end":{"line":21,"column":61}},"21":{"start":{"line":22,"column":0},"end":{"line":22,"column":22}},"22":{"start":{"line":23,"column":0},"end":{"line":23,"column":56}},"23":{"start":{"line":24,"column":0},"end":{"line":24,"column":13}},"24":{"start":{"line":25,"column":0},"end":{"line":25,"column":11}},"25":{"start":{"line":26,"column":0},"end":{"line":26,"column":36}},"26":{"start":{"line":27,"column":0},"end":{"line":27,"column":5}},"27":{"start":{"line":28,"column":0},"end":{"line":28,"column":1}},"28":{"start":{"line":29,"column":0},"end":{"line":29,"column":0}},"29":{"start":{"line":30,"column":0},"end":{"line":30,"column":41}},"30":{"start":{"line":31,"column":0},"end":{"line":31,"column":80}},"31":{"start":{"line":32,"column":0},"end":{"line":32,"column":1}},"32":{"start":{"line":33,"column":0},"end":{"line":33,"column":0}},"33":{"start":{"line":34,"column":0},"end":{"line":34,"column":36}},"34":{"start":{"line":35,"column":0},"end":{"line":35,"column":33}},"35":{"start":{"line":36,"column":0},"end":{"line":36,"column":34}},"36":{"start":{"line":37,"column":0},"end":{"line":37,"column":26}},"37":{"start":{"line":38,"column":0},"end":{"line":38,"column":9}},"38":{"start":{"line":39,"column":0},"end":{"line":39,"column":44}},"39":{"start":{"line":40,"column":0},"end":{"line":40,"column":21}},"40":{"start":{"line":41,"column":0},"end":{"line":41,"column":27}},"41":{"start":{"line":42,"column":0},"end":{"line":42,"column":12}},"42":{"start":{"line":43,"column":0},"end":{"line":43,"column":49}},"43":{"start":{"line":44,"column":0},"end":{"line":44,"column":32}},"44":{"start":{"line":45,"column":0},"end":{"line":45,"column":40}},"45":{"start":{"line":46,"column":0},"end":{"line":46,"column":35}},"46":{"start":{"line":47,"column":0},"end":{"line":47,"column":35}},"47":{"start":{"line":48,"column":0},"end":{"line":48,"column":54}},"48":{"start":{"line":49,"column":0},"end":{"line":49,"column":17}},"49":{"start":{"line":50,"column":0},"end":{"line":50,"column":44}},"50":{"start":{"line":51,"column":0},"end":{"line":51,"column":31}},"51":{"start":{"line":52,"column":0},"end":{"line":52,"column":17}},"52":{"start":{"line":53,"column":0},"end":{"line":53,"column":13}},"53":{"start":{"line":54,"column":0},"end":{"line":54,"column":9}},"54":{"start":{"line":55,"column":0},"end":{"line":55,"column":22}},"55":{"start":{"line":56,"column":0},"end":{"line":56,"column":5}},"56":{"start":{"line":57,"column":0},"end":{"line":57,"column":10}},"57":{"start":{"line":58,"column":0},"end":{"line":58,"column":20}},"58":{"start":{"line":59,"column":0},"end":{"line":59,"column":5}},"59":{"start":{"line":60,"column":0},"end":{"line":60,"column":1}},"60":{"start":{"line":61,"column":0},"end":{"line":61,"column":0}},"61":{"start":{"line":62,"column":0},"end":{"line":62,"column":29}},"62":{"start":{"line":63,"column":0},"end":{"line":63,"column":41}}},"s":{"0":1,"1":1,"2":1,"3":1,"4":1,"5":1,"6":1,"7":1,"8":11,"9":11,"10":1,"11":1,"12":21,"13":21,"14":1,"15":1,"16":3,"17":3,"18":3,"19":3,"20":3,"21":3,"22":3,"23":3,"24":3,"25":3,"26":3,"27":1,"28":1,"29":1,"30":42,"31":42,"32":1,"33":1,"34":42,"35":30,"36":7,"37":7,"38":30,"39":35,"40":35,"41":30,"42":30,"43":35,"44":35,"45":35,"46":172,"47":0,"48":0,"49":172,"50":0,"51":0,"52":172,"53":35,"54":30,"55":30,"56":12,"57":12,"58":12,"59":42,"60":1,"61":1,"62":1},"branchMap":{"0":{"type":"branch","line":6,"loc":{"start":{"line":6,"column":4},"end":{"line":6,"column":92}},"locations":[{"start":{"line":6,"column":4},"end":{"line":6,"column":92}}]},"1":{"type":"branch","line":8,"loc":{"start":{"line":8,"column":11},"end":{"line":10,"column":5}},"locations":[{"start":{"line":8,"column":11},"end":{"line":10,"column":5}}]},"2":{"type":"branch","line":12,"loc":{"start":{"line":12,"column":11},"end":{"line":14,"column":5}},"locations":[{"start":{"line":12,"column":11},"end":{"line":14,"column":5}}]},"3":{"type":"branch","line":16,"loc":{"start":{"line":16,"column":17},"end":{"line":27,"column":5}},"locations":[{"start":{"line":16,"column":17},"end":{"line":27,"column":5}}]},"4":{"type":"branch","line":17,"loc":{"start":{"line":17,"column":52},"end":{"line":17,"column":68}},"locations":[{"start":{"line":17,"column":52},"end":{"line":17,"column":68}}]},"5":{"type":"branch","line":30,"loc":{"start":{"line":30,"column":25},"end":{"line":32,"column":1}},"locations":[{"start":{"line":30,"column":25},"end":{"line":32,"column":1}}]},"6":{"type":"branch","line":31,"loc":{"start":{"line":31,"column":19},"end":{"line":31,"column":21}},"locations":[{"start":{"line":31,"column":19},"end":{"line":31,"column":21}}]},"7":{"type":"branch","line":31,"loc":{"start":{"line":31,"column":19},"end":{"line":31,"column":23}},"locations":[{"start":{"line":31,"column":19},"end":{"line":31,"column":23}}]},"8":{"type":"branch","line":31,"loc":{"start":{"line":31,"column":23},"end":{"line":31,"column":47}},"locations":[{"start":{"line":31,"column":23},"end":{"line":31,"column":47}}]},"9":{"type":"branch","line":31,"loc":{"start":{"line":31,"column":34},"end":{"line":31,"column":36}},"locations":[{"start":{"line":31,"column":34},"end":{"line":31,"column":36}}]},"10":{"type":"branch","line":31,"loc":{"start":{"line":31,"column":47},"end":{"line":31,"column":79}},"locations":[{"start":{"line":31,"column":47},"end":{"line":31,"column":79}}]},"11":{"type":"branch","line":31,"loc":{"start":{"line":31,"column":59},"end":{"line":31,"column":78}},"locations":[{"start":{"line":31,"column":59},"end":{"line":31,"column":78}}]},"12":{"type":"branch","line":34,"loc":{"start":{"line":34,"column":20},"end":{"line":60,"column":1}},"locations":[{"start":{"line":34,"column":20},"end":{"line":60,"column":1}}]},"13":{"type":"branch","line":35,"loc":{"start":{"line":35,"column":32},"end":{"line":56,"column":5}},"locations":[{"start":{"line":35,"column":32},"end":{"line":56,"column":5}}]},"14":{"type":"branch","line":36,"loc":{"start":{"line":36,"column":33},"end":{"line":38,"column":9}},"locations":[{"start":{"line":36,"column":33},"end":{"line":38,"column":9}}]},"15":{"type":"branch","line":43,"loc":{"start":{"line":43,"column":48},"end":{"line":54,"column":9}},"locations":[{"start":{"line":43,"column":48},"end":{"line":54,"column":9}}]},"16":{"type":"branch","line":46,"loc":{"start":{"line":46,"column":34},"end":{"line":53,"column":13}},"locations":[{"start":{"line":46,"column":34},"end":{"line":53,"column":13}}]},"17":{"type":"branch","line":47,"loc":{"start":{"line":47,"column":26},"end":{"line":47,"column":28}},"locations":[{"start":{"line":47,"column":26},"end":{"line":47,"column":28}}]},"18":{"type":"branch","line":47,"loc":{"start":{"line":47,"column":34},"end":{"line":49,"column":17}},"locations":[{"start":{"line":47,"column":34},"end":{"line":49,"column":17}}]},"19":{"type":"branch","line":50,"loc":{"start":{"line":50,"column":26},"end":{"line":50,"column":28}},"locations":[{"start":{"line":50,"column":26},"end":{"line":50,"column":28}}]},"20":{"type":"branch","line":50,"loc":{"start":{"line":50,"column":43},"end":{"line":52,"column":17}},"locations":[{"start":{"line":50,"column":43},"end":{"line":52,"column":17}}]},"21":{"type":"branch","line":57,"loc":{"start":{"line":57,"column":-1},"end":{"line":59,"column":5}},"locations":[{"start":{"line":57,"column":-1},"end":{"line":59,"column":5}}]},"22":{"type":"branch","line":39,"loc":{"start":{"line":39,"column":30},"end":{"line":41,"column":27}},"locations":[{"start":{"line":39,"column":30},"end":{"line":41,"column":27}}]}},"b":{"0":[7],"1":[11],"2":[21],"3":[3],"4":[0],"5":[42],"6":[19],"7":[23],"8":[23],"9":[0],"10":[19],"11":[14],"12":[42],"13":[30],"14":[7],"15":[35],"16":[172],"17":[0],"18":[0],"19":[0],"20":[0],"21":[12],"22":[35]},"fnMap":{"0":{"name":"StrapiHandler","decl":{"start":{"line":6,"column":4},"end":{"line":6,"column":92}},"loc":{"start":{"line":6,"column":4},"end":{"line":6,"column":92}},"line":6},"1":{"name":"findAll","decl":{"start":{"line":8,"column":11},"end":{"line":10,"column":5}},"loc":{"start":{"line":8,"column":11},"end":{"line":10,"column":5}},"line":8},"2":{"name":"findOne","decl":{"start":{"line":12,"column":11},"end":{"line":14,"column":5}},"loc":{"start":{"line":12,"column":11},"end":{"line":14,"column":5}},"line":12},"3":{"name":"create","decl":{"start":{"line":16,"column":17},"end":{"line":27,"column":5}},"loc":{"start":{"line":16,"column":17},"end":{"line":27,"column":5}},"line":16},"4":{"name":"isStrapiResponse","decl":{"start":{"line":30,"column":25},"end":{"line":32,"column":1}},"loc":{"start":{"line":30,"column":25},"end":{"line":32,"column":1}},"line":30},"5":{"name":"extractData","decl":{"start":{"line":34,"column":20},"end":{"line":60,"column":1}},"loc":{"start":{"line":34,"column":20},"end":{"line":60,"column":1}},"line":34}},"f":{"0":7,"1":11,"2":21,"3":3,"4":42,"5":42}}
}
