{"/Users/luca.soda/Projects/strapi-handler/strapi-handler/lib/Interfaces.ts": {"path":"/Users/luca.soda/Projects/strapi-handler/strapi-handler/lib/Interfaces.ts","all":false,"statementMap":{"0":{"start":{"line":1,"column":0},"end":{"line":1,"column":28}},"1":{"start":{"line":2,"column":0},"end":{"line":2,"column":24}},"2":{"start":{"line":3,"column":0},"end":{"line":3,"column":43}},"3":{"start":{"line":4,"column":0},"end":{"line":4,"column":28}},"4":{"start":{"line":5,"column":0},"end":{"line":5,"column":25}},"5":{"start":{"line":6,"column":0},"end":{"line":6,"column":38}},"6":{"start":{"line":7,"column":0},"end":{"line":7,"column":28}},"7":{"start":{"line":8,"column":0},"end":{"line":8,"column":41}},"8":{"start":{"line":9,"column":0},"end":{"line":9,"column":15}},"9":{"start":{"line":10,"column":0},"end":{"line":10,"column":22}},"10":{"start":{"line":11,"column":0},"end":{"line":11,"column":27}},"11":{"start":{"line":12,"column":0},"end":{"line":12,"column":34}},"12":{"start":{"line":13,"column":0},"end":{"line":13,"column":45}},"13":{"start":{"line":14,"column":0},"end":{"line":14,"column":52}},"14":{"start":{"line":15,"column":0},"end":{"line":15,"column":22}},"15":{"start":{"line":16,"column":0},"end":{"line":16,"column":29}},"16":{"start":{"line":17,"column":0},"end":{"line":17,"column":28}},"17":{"start":{"line":18,"column":0},"end":{"line":18,"column":32}},"18":{"start":{"line":19,"column":0},"end":{"line":19,"column":50}},"19":{"start":{"line":20,"column":0},"end":{"line":20,"column":1}},"20":{"start":{"line":21,"column":0},"end":{"line":21,"column":0}},"21":{"start":{"line":22,"column":0},"end":{"line":22,"column":29}},"22":{"start":{"line":23,"column":0},"end":{"line":23,"column":16}},"23":{"start":{"line":24,"column":0},"end":{"line":24,"column":14}},"24":{"start":{"line":25,"column":0},"end":{"line":25,"column":18}},"25":{"start":{"line":26,"column":0},"end":{"line":26,"column":17}},"26":{"start":{"line":27,"column":0},"end":{"line":27,"column":1}},"27":{"start":{"line":28,"column":0},"end":{"line":28,"column":0}},"28":{"start":{"line":29,"column":0},"end":{"line":29,"column":27}},"29":{"start":{"line":30,"column":0},"end":{"line":30,"column":8}},"30":{"start":{"line":31,"column":0},"end":{"line":31,"column":8}},"31":{"start":{"line":32,"column":0},"end":{"line":32,"column":1}},"32":{"start":{"line":33,"column":0},"end":{"line":33,"column":0}},"33":{"start":{"line":34,"column":0},"end":{"line":34,"column":25}},"34":{"start":{"line":35,"column":0},"end":{"line":35,"column":18}},"35":{"start":{"line":36,"column":0},"end":{"line":36,"column":15}},"36":{"start":{"line":37,"column":0},"end":{"line":37,"column":23}},"37":{"start":{"line":38,"column":0},"end":{"line":38,"column":29}},"38":{"start":{"line":39,"column":0},"end":{"line":39,"column":22}},"39":{"start":{"line":40,"column":0},"end":{"line":40,"column":20}},"40":{"start":{"line":41,"column":0},"end":{"line":41,"column":1}}},"s":{"0":1,"1":1,"2":1,"3":1,"4":1,"5":1,"6":1,"7":1,"8":1,"9":1,"10":1,"11":1,"12":1,"13":1,"14":1,"15":1,"16":1,"17":1,"18":1,"19":1,"20":1,"21":1,"22":1,"23":1,"24":1,"25":1,"26":1,"27":1,"28":1,"29":1,"30":1,"31":1,"32":1,"33":1,"34":1,"35":1,"36":1,"37":1,"38":1,"39":1,"40":1},"branchMap":{"0":{"type":"branch","line":1,"loc":{"start":{"line":1,"column":0},"end":{"line":20,"column":1}},"locations":[{"start":{"line":1,"column":0},"end":{"line":20,"column":1}}]},"1":{"type":"branch","line":22,"loc":{"start":{"line":22,"column":0},"end":{"line":27,"column":1}},"locations":[{"start":{"line":22,"column":0},"end":{"line":27,"column":1}}]},"2":{"type":"branch","line":29,"loc":{"start":{"line":29,"column":0},"end":{"line":32,"column":1}},"locations":[{"start":{"line":29,"column":0},"end":{"line":32,"column":1}}]}},"b":{"0":[1],"1":[1],"2":[1]},"fnMap":{},"f":{}}
,"/Users/luca.soda/Projects/strapi-handler/strapi-handler/lib/StrapiChain.ts": {"path":"/Users/luca.soda/Projects/strapi-handler/strapi-handler/lib/StrapiChain.ts","all":false,"statementMap":{"0":{"start":{"line":1,"column":0},"end":{"line":1,"column":26}},"1":{"start":{"line":2,"column":0},"end":{"line":2,"column":46}},"2":{"start":{"line":3,"column":0},"end":{"line":3,"column":0}},"3":{"start":{"line":4,"column":0},"end":{"line":4,"column":19}},"4":{"start":{"line":5,"column":0},"end":{"line":5,"column":29}},"5":{"start":{"line":6,"column":0},"end":{"line":6,"column":27}},"6":{"start":{"line":7,"column":0},"end":{"line":7,"column":0}},"7":{"start":{"line":8,"column":0},"end":{"line":8,"column":219}},"8":{"start":{"line":9,"column":0},"end":{"line":9,"column":33}},"9":{"start":{"line":10,"column":0},"end":{"line":10,"column":28}},"10":{"start":{"line":11,"column":0},"end":{"line":11,"column":107}},"11":{"start":{"line":12,"column":0},"end":{"line":12,"column":10}},"12":{"start":{"line":13,"column":0},"end":{"line":13,"column":5}},"13":{"start":{"line":14,"column":0},"end":{"line":14,"column":0}},"14":{"start":{"line":15,"column":0},"end":{"line":15,"column":49}},"15":{"start":{"line":16,"column":0},"end":{"line":16,"column":24}},"16":{"start":{"line":17,"column":0},"end":{"line":17,"column":36}},"17":{"start":{"line":18,"column":0},"end":{"line":18,"column":24}},"18":{"start":{"line":19,"column":0},"end":{"line":19,"column":9}},"19":{"start":{"line":20,"column":0},"end":{"line":20,"column":55}},"20":{"start":{"line":21,"column":0},"end":{"line":21,"column":22}},"21":{"start":{"line":22,"column":0},"end":{"line":22,"column":56}},"22":{"start":{"line":23,"column":0},"end":{"line":23,"column":13}},"23":{"start":{"line":24,"column":0},"end":{"line":24,"column":10}},"24":{"start":{"line":25,"column":0},"end":{"line":25,"column":41}},"25":{"start":{"line":26,"column":0},"end":{"line":26,"column":5}},"26":{"start":{"line":27,"column":0},"end":{"line":27,"column":0}},"27":{"start":{"line":28,"column":0},"end":{"line":28,"column":54}},"28":{"start":{"line":29,"column":0},"end":{"line":29,"column":24}},"29":{"start":{"line":30,"column":0},"end":{"line":30,"column":36}},"30":{"start":{"line":31,"column":0},"end":{"line":31,"column":29}},"31":{"start":{"line":32,"column":0},"end":{"line":32,"column":9}},"32":{"start":{"line":33,"column":0},"end":{"line":33,"column":52}},"33":{"start":{"line":34,"column":0},"end":{"line":34,"column":19}},"34":{"start":{"line":35,"column":0},"end":{"line":35,"column":22}},"35":{"start":{"line":36,"column":0},"end":{"line":36,"column":13}},"36":{"start":{"line":37,"column":0},"end":{"line":37,"column":12}},"37":{"start":{"line":38,"column":0},"end":{"line":38,"column":22}},"38":{"start":{"line":39,"column":0},"end":{"line":39,"column":56}},"39":{"start":{"line":40,"column":0},"end":{"line":40,"column":13}},"40":{"start":{"line":41,"column":0},"end":{"line":41,"column":11}},"41":{"start":{"line":42,"column":0},"end":{"line":42,"column":41}},"42":{"start":{"line":43,"column":0},"end":{"line":43,"column":5}},"43":{"start":{"line":44,"column":0},"end":{"line":44,"column":0}},"44":{"start":{"line":45,"column":0},"end":{"line":45,"column":47}},"45":{"start":{"line":46,"column":0},"end":{"line":46,"column":24}},"46":{"start":{"line":47,"column":0},"end":{"line":47,"column":36}},"47":{"start":{"line":48,"column":0},"end":{"line":48,"column":24}},"48":{"start":{"line":49,"column":0},"end":{"line":49,"column":9}},"49":{"start":{"line":50,"column":0},"end":{"line":50,"column":32}},"50":{"start":{"line":51,"column":0},"end":{"line":51,"column":32}},"51":{"start":{"line":52,"column":0},"end":{"line":52,"column":9}},"52":{"start":{"line":53,"column":0},"end":{"line":53,"column":40}},"53":{"start":{"line":54,"column":0},"end":{"line":54,"column":32}},"54":{"start":{"line":55,"column":0},"end":{"line":55,"column":9}},"55":{"start":{"line":56,"column":0},"end":{"line":56,"column":25}},"56":{"start":{"line":57,"column":0},"end":{"line":57,"column":5}},"57":{"start":{"line":58,"column":0},"end":{"line":58,"column":1}},"58":{"start":{"line":59,"column":0},"end":{"line":59,"column":0}},"59":{"start":{"line":60,"column":0},"end":{"line":60,"column":27}}},"s":{"0":1,"1":1,"2":1,"3":1,"4":1,"5":1,"6":1,"7":1,"8":323,"9":323,"10":323,"11":323,"12":323,"13":1,"14":1,"15":210,"16":210,"17":1,"18":1,"19":210,"20":210,"21":210,"22":210,"23":210,"24":210,"25":210,"26":1,"27":1,"28":5,"29":5,"30":1,"31":1,"32":5,"33":5,"34":5,"35":5,"36":5,"37":5,"38":5,"39":5,"40":5,"41":5,"42":5,"43":1,"44":1,"45":108,"46":108,"47":64,"48":64,"49":108,"50":1,"51":1,"52":108,"53":8,"54":8,"55":108,"56":108,"57":1,"58":1,"59":1},"branchMap":{"0":{"type":"branch","line":8,"loc":{"start":{"line":8,"column":4},"end":{"line":13,"column":5}},"locations":[{"start":{"line":8,"column":4},"end":{"line":13,"column":5}}]},"1":{"type":"branch","line":9,"loc":{"start":{"line":9,"column":18},"end":{"line":12,"column":9}},"locations":[{"start":{"line":9,"column":18},"end":{"line":12,"column":9}}]},"2":{"type":"branch","line":11,"loc":{"start":{"line":11,"column":50},"end":{"line":11,"column":61}},"locations":[{"start":{"line":11,"column":50},"end":{"line":11,"column":61}}]},"3":{"type":"branch","line":11,"loc":{"start":{"line":11,"column":62},"end":{"line":11,"column":79}},"locations":[{"start":{"line":11,"column":62},"end":{"line":11,"column":79}}]},"4":{"type":"branch","line":11,"loc":{"start":{"line":11,"column":100},"end":{"line":11,"column":102}},"locations":[{"start":{"line":11,"column":100},"end":{"line":11,"column":102}}]},"5":{"type":"branch","line":11,"loc":{"start":{"line":11,"column":100},"end":{"line":11,"column":104}},"locations":[{"start":{"line":11,"column":100},"end":{"line":11,"column":104}}]},"6":{"type":"branch","line":15,"loc":{"start":{"line":15,"column":17},"end":{"line":26,"column":5}},"locations":[{"start":{"line":15,"column":17},"end":{"line":26,"column":5}}]},"7":{"type":"branch","line":17,"loc":{"start":{"line":17,"column":21},"end":{"line":17,"column":23}},"locations":[{"start":{"line":17,"column":21},"end":{"line":17,"column":23}}]},"8":{"type":"branch","line":17,"loc":{"start":{"line":17,"column":21},"end":{"line":17,"column":25}},"locations":[{"start":{"line":17,"column":21},"end":{"line":17,"column":25}}]},"9":{"type":"branch","line":17,"loc":{"start":{"line":17,"column":35},"end":{"line":19,"column":9}},"locations":[{"start":{"line":17,"column":35},"end":{"line":19,"column":9}}]},"10":{"type":"branch","line":28,"loc":{"start":{"line":28,"column":17},"end":{"line":43,"column":5}},"locations":[{"start":{"line":28,"column":17},"end":{"line":43,"column":5}}]},"11":{"type":"branch","line":30,"loc":{"start":{"line":30,"column":21},"end":{"line":30,"column":23}},"locations":[{"start":{"line":30,"column":21},"end":{"line":30,"column":23}}]},"12":{"type":"branch","line":30,"loc":{"start":{"line":30,"column":21},"end":{"line":30,"column":25}},"locations":[{"start":{"line":30,"column":21},"end":{"line":30,"column":25}}]},"13":{"type":"branch","line":30,"loc":{"start":{"line":30,"column":35},"end":{"line":32,"column":9}},"locations":[{"start":{"line":30,"column":35},"end":{"line":32,"column":9}}]},"14":{"type":"branch","line":45,"loc":{"start":{"line":45,"column":17},"end":{"line":57,"column":5}},"locations":[{"start":{"line":45,"column":17},"end":{"line":57,"column":5}}]},"15":{"type":"branch","line":47,"loc":{"start":{"line":47,"column":21},"end":{"line":47,"column":23}},"locations":[{"start":{"line":47,"column":21},"end":{"line":47,"column":23}}]},"16":{"type":"branch","line":47,"loc":{"start":{"line":47,"column":21},"end":{"line":47,"column":25}},"locations":[{"start":{"line":47,"column":21},"end":{"line":47,"column":25}}]},"17":{"type":"branch","line":47,"loc":{"start":{"line":47,"column":35},"end":{"line":49,"column":9}},"locations":[{"start":{"line":47,"column":35},"end":{"line":49,"column":9}}]},"18":{"type":"branch","line":50,"loc":{"start":{"line":50,"column":-1},"end":{"line":50,"column":31}},"locations":[{"start":{"line":50,"column":-1},"end":{"line":50,"column":31}}]},"19":{"type":"branch","line":50,"loc":{"start":{"line":50,"column":31},"end":{"line":52,"column":9}},"locations":[{"start":{"line":50,"column":31},"end":{"line":52,"column":9}}]},"20":{"type":"branch","line":53,"loc":{"start":{"line":53,"column":-1},"end":{"line":53,"column":39}},"locations":[{"start":{"line":53,"column":-1},"end":{"line":53,"column":39}}]},"21":{"type":"branch","line":53,"loc":{"start":{"line":53,"column":39},"end":{"line":55,"column":9}},"locations":[{"start":{"line":53,"column":39},"end":{"line":55,"column":9}}]}},"b":{"0":[323],"1":[323],"2":[1],"3":[322],"4":[66],"5":[257],"6":[210],"7":[1],"8":[209],"9":[1],"10":[5],"11":[1],"12":[4],"13":[1],"14":[108],"15":[64],"16":[44],"17":[64],"18":[44],"19":[1],"20":[44],"21":[8]},"fnMap":{"0":{"name":"StrapiChain","decl":{"start":{"line":8,"column":4},"end":{"line":13,"column":5}},"loc":{"start":{"line":8,"column":4},"end":{"line":13,"column":5}},"line":8},"1":{"name":"delete","decl":{"start":{"line":15,"column":17},"end":{"line":26,"column":5}},"loc":{"start":{"line":15,"column":17},"end":{"line":26,"column":5}},"line":15},"2":{"name":"put","decl":{"start":{"line":28,"column":17},"end":{"line":43,"column":5}},"loc":{"start":{"line":28,"column":17},"end":{"line":43,"column":5}},"line":28},"3":{"name":"show","decl":{"start":{"line":45,"column":17},"end":{"line":57,"column":5}},"loc":{"start":{"line":45,"column":17},"end":{"line":57,"column":5}},"line":45}},"f":{"0":323,"1":210,"2":5,"3":108}}
,"/Users/luca.soda/Projects/strapi-handler/strapi-handler/lib/StrapiFindAll.ts": {"path":"/Users/luca.soda/Projects/strapi-handler/strapi-handler/lib/StrapiFindAll.ts","all":false,"statementMap":{"0":{"start":{"line":1,"column":0},"end":{"line":1,"column":46}},"1":{"start":{"line":2,"column":0},"end":{"line":2,"column":26}},"2":{"start":{"line":3,"column":0},"end":{"line":3,"column":86}},"3":{"start":{"line":4,"column":0},"end":{"line":4,"column":0}},"4":{"start":{"line":5,"column":0},"end":{"line":5,"column":0}},"5":{"start":{"line":6,"column":0},"end":{"line":6,"column":21}},"6":{"start":{"line":7,"column":0},"end":{"line":7,"column":24}},"7":{"start":{"line":8,"column":0},"end":{"line":8,"column":28}},"8":{"start":{"line":9,"column":0},"end":{"line":9,"column":30}},"9":{"start":{"line":10,"column":0},"end":{"line":10,"column":37}},"10":{"start":{"line":11,"column":0},"end":{"line":11,"column":51}},"11":{"start":{"line":12,"column":0},"end":{"line":12,"column":22}},"12":{"start":{"line":13,"column":0},"end":{"line":13,"column":31}},"13":{"start":{"line":14,"column":0},"end":{"line":14,"column":32}},"14":{"start":{"line":15,"column":0},"end":{"line":15,"column":62}},"15":{"start":{"line":16,"column":0},"end":{"line":16,"column":0}},"16":{"start":{"line":17,"column":0},"end":{"line":17,"column":86}},"17":{"start":{"line":18,"column":0},"end":{"line":18,"column":93}},"18":{"start":{"line":19,"column":0},"end":{"line":19,"column":5}},"19":{"start":{"line":20,"column":0},"end":{"line":20,"column":0}},"20":{"start":{"line":21,"column":0},"end":{"line":21,"column":46}},"21":{"start":{"line":22,"column":0},"end":{"line":22,"column":48}},"22":{"start":{"line":23,"column":0},"end":{"line":23,"column":20}},"23":{"start":{"line":24,"column":0},"end":{"line":24,"column":5}},"24":{"start":{"line":25,"column":0},"end":{"line":25,"column":0}},"25":{"start":{"line":26,"column":0},"end":{"line":26,"column":51}},"26":{"start":{"line":27,"column":0},"end":{"line":27,"column":41}},"27":{"start":{"line":28,"column":0},"end":{"line":28,"column":20}},"28":{"start":{"line":29,"column":0},"end":{"line":29,"column":5}},"29":{"start":{"line":30,"column":0},"end":{"line":30,"column":0}},"30":{"start":{"line":31,"column":0},"end":{"line":31,"column":78}},"31":{"start":{"line":32,"column":0},"end":{"line":32,"column":60}},"32":{"start":{"line":33,"column":0},"end":{"line":33,"column":36}},"33":{"start":{"line":34,"column":0},"end":{"line":34,"column":79}},"34":{"start":{"line":35,"column":0},"end":{"line":35,"column":9}},"35":{"start":{"line":36,"column":0},"end":{"line":36,"column":20}},"36":{"start":{"line":37,"column":0},"end":{"line":37,"column":5}},"37":{"start":{"line":38,"column":0},"end":{"line":38,"column":0}},"38":{"start":{"line":39,"column":0},"end":{"line":39,"column":48}},"39":{"start":{"line":40,"column":0},"end":{"line":40,"column":64}},"40":{"start":{"line":41,"column":0},"end":{"line":41,"column":20}},"41":{"start":{"line":42,"column":0},"end":{"line":42,"column":5}},"42":{"start":{"line":43,"column":0},"end":{"line":43,"column":0}},"43":{"start":{"line":44,"column":0},"end":{"line":44,"column":52}},"44":{"start":{"line":45,"column":0},"end":{"line":45,"column":51}},"45":{"start":{"line":46,"column":0},"end":{"line":46,"column":20}},"46":{"start":{"line":47,"column":0},"end":{"line":47,"column":5}},"47":{"start":{"line":48,"column":0},"end":{"line":48,"column":0}},"48":{"start":{"line":49,"column":0},"end":{"line":49,"column":54}},"49":{"start":{"line":50,"column":0},"end":{"line":50,"column":55}},"50":{"start":{"line":51,"column":0},"end":{"line":51,"column":20}},"51":{"start":{"line":52,"column":0},"end":{"line":52,"column":5}},"52":{"start":{"line":53,"column":0},"end":{"line":53,"column":0}},"53":{"start":{"line":54,"column":0},"end":{"line":54,"column":54}},"54":{"start":{"line":55,"column":0},"end":{"line":55,"column":50}},"55":{"start":{"line":56,"column":0},"end":{"line":56,"column":20}},"56":{"start":{"line":57,"column":0},"end":{"line":57,"column":5}},"57":{"start":{"line":58,"column":0},"end":{"line":58,"column":0}},"58":{"start":{"line":59,"column":0},"end":{"line":59,"column":54}},"59":{"start":{"line":60,"column":0},"end":{"line":60,"column":50}},"60":{"start":{"line":61,"column":0},"end":{"line":61,"column":20}},"61":{"start":{"line":62,"column":0},"end":{"line":62,"column":5}},"62":{"start":{"line":63,"column":0},"end":{"line":63,"column":0}},"63":{"start":{"line":64,"column":0},"end":{"line":64,"column":94}},"64":{"start":{"line":65,"column":0},"end":{"line":65,"column":27}},"65":{"start":{"line":66,"column":0},"end":{"line":66,"column":18}},"66":{"start":{"line":67,"column":0},"end":{"line":67,"column":21}},"67":{"start":{"line":68,"column":0},"end":{"line":68,"column":18}},"68":{"start":{"line":69,"column":0},"end":{"line":69,"column":27}},"69":{"start":{"line":70,"column":0},"end":{"line":70,"column":84}},"70":{"start":{"line":71,"column":0},"end":{"line":71,"column":82}},"71":{"start":{"line":72,"column":0},"end":{"line":72,"column":11}},"72":{"start":{"line":73,"column":0},"end":{"line":73,"column":20}},"73":{"start":{"line":74,"column":0},"end":{"line":74,"column":5}},"74":{"start":{"line":75,"column":0},"end":{"line":75,"column":0}},"75":{"start":{"line":76,"column":0},"end":{"line":76,"column":36}},"76":{"start":{"line":77,"column":0},"end":{"line":77,"column":31}},"77":{"start":{"line":78,"column":0},"end":{"line":78,"column":19}},"78":{"start":{"line":79,"column":0},"end":{"line":79,"column":5}},"79":{"start":{"line":80,"column":0},"end":{"line":80,"column":0}},"80":{"start":{"line":81,"column":0},"end":{"line":81,"column":69}},"81":{"start":{"line":82,"column":0},"end":{"line":82,"column":32}},"82":{"start":{"line":83,"column":0},"end":{"line":83,"column":46}},"83":{"start":{"line":84,"column":0},"end":{"line":84,"column":16}},"84":{"start":{"line":85,"column":0},"end":{"line":85,"column":46}},"85":{"start":{"line":86,"column":0},"end":{"line":86,"column":29}},"86":{"start":{"line":87,"column":0},"end":{"line":87,"column":9}},"87":{"start":{"line":88,"column":0},"end":{"line":88,"column":5}},"88":{"start":{"line":89,"column":0},"end":{"line":89,"column":0}},"89":{"start":{"line":90,"column":0},"end":{"line":90,"column":65}},"90":{"start":{"line":91,"column":0},"end":{"line":91,"column":45}},"91":{"start":{"line":92,"column":0},"end":{"line":92,"column":20}},"92":{"start":{"line":93,"column":0},"end":{"line":93,"column":5}},"93":{"start":{"line":94,"column":0},"end":{"line":94,"column":0}},"94":{"start":{"line":95,"column":0},"end":{"line":95,"column":106}},"95":{"start":{"line":96,"column":0},"end":{"line":96,"column":58}},"96":{"start":{"line":97,"column":0},"end":{"line":97,"column":89}},"97":{"start":{"line":98,"column":0},"end":{"line":98,"column":9}},"98":{"start":{"line":99,"column":0},"end":{"line":99,"column":51}},"99":{"start":{"line":100,"column":0},"end":{"line":100,"column":36}},"100":{"start":{"line":101,"column":0},"end":{"line":101,"column":67}},"101":{"start":{"line":102,"column":0},"end":{"line":102,"column":5}},"102":{"start":{"line":103,"column":0},"end":{"line":103,"column":0}},"103":{"start":{"line":104,"column":0},"end":{"line":104,"column":105}},"104":{"start":{"line":105,"column":0},"end":{"line":105,"column":59}},"105":{"start":{"line":106,"column":0},"end":{"line":106,"column":89}},"106":{"start":{"line":107,"column":0},"end":{"line":107,"column":9}},"107":{"start":{"line":108,"column":0},"end":{"line":108,"column":50}},"108":{"start":{"line":109,"column":0},"end":{"line":109,"column":36}},"109":{"start":{"line":110,"column":0},"end":{"line":110,"column":67}},"110":{"start":{"line":111,"column":0},"end":{"line":111,"column":5}},"111":{"start":{"line":112,"column":0},"end":{"line":112,"column":0}},"112":{"start":{"line":113,"column":0},"end":{"line":113,"column":61}},"113":{"start":{"line":114,"column":0},"end":{"line":114,"column":30}},"114":{"start":{"line":115,"column":0},"end":{"line":115,"column":5}},"115":{"start":{"line":116,"column":0},"end":{"line":116,"column":0}},"116":{"start":{"line":117,"column":0},"end":{"line":117,"column":64}},"117":{"start":{"line":118,"column":0},"end":{"line":118,"column":29}},"118":{"start":{"line":119,"column":0},"end":{"line":119,"column":38}},"119":{"start":{"line":120,"column":0},"end":{"line":120,"column":34}},"120":{"start":{"line":121,"column":0},"end":{"line":121,"column":32}},"121":{"start":{"line":122,"column":0},"end":{"line":122,"column":11}},"122":{"start":{"line":123,"column":0},"end":{"line":123,"column":24}},"123":{"start":{"line":124,"column":0},"end":{"line":124,"column":53}},"124":{"start":{"line":125,"column":0},"end":{"line":125,"column":38}},"125":{"start":{"line":126,"column":0},"end":{"line":126,"column":36}},"126":{"start":{"line":127,"column":0},"end":{"line":127,"column":27}},"127":{"start":{"line":128,"column":0},"end":{"line":128,"column":15}},"128":{"start":{"line":129,"column":0},"end":{"line":129,"column":9}},"129":{"start":{"line":130,"column":0},"end":{"line":130,"column":28}},"130":{"start":{"line":131,"column":0},"end":{"line":131,"column":38}},"131":{"start":{"line":132,"column":0},"end":{"line":132,"column":33}},"132":{"start":{"line":133,"column":0},"end":{"line":133,"column":31}},"133":{"start":{"line":134,"column":0},"end":{"line":134,"column":11}},"134":{"start":{"line":135,"column":0},"end":{"line":135,"column":23}},"135":{"start":{"line":136,"column":0},"end":{"line":136,"column":53}},"136":{"start":{"line":137,"column":0},"end":{"line":137,"column":38}},"137":{"start":{"line":138,"column":0},"end":{"line":138,"column":35}},"138":{"start":{"line":139,"column":0},"end":{"line":139,"column":27}},"139":{"start":{"line":140,"column":0},"end":{"line":140,"column":14}},"140":{"start":{"line":141,"column":0},"end":{"line":141,"column":9}},"141":{"start":{"line":142,"column":0},"end":{"line":142,"column":88}},"142":{"start":{"line":143,"column":0},"end":{"line":143,"column":95}},"143":{"start":{"line":144,"column":0},"end":{"line":144,"column":36}},"144":{"start":{"line":145,"column":0},"end":{"line":145,"column":34}},"145":{"start":{"line":146,"column":0},"end":{"line":146,"column":54}},"146":{"start":{"line":147,"column":0},"end":{"line":147,"column":13}},"147":{"start":{"line":148,"column":0},"end":{"line":148,"column":35}},"148":{"start":{"line":149,"column":0},"end":{"line":149,"column":56}},"149":{"start":{"line":150,"column":0},"end":{"line":150,"column":13}},"150":{"start":{"line":151,"column":0},"end":{"line":151,"column":57}},"151":{"start":{"line":152,"column":0},"end":{"line":152,"column":156}},"152":{"start":{"line":153,"column":0},"end":{"line":153,"column":13}},"153":{"start":{"line":154,"column":0},"end":{"line":154,"column":63}},"154":{"start":{"line":155,"column":0},"end":{"line":155,"column":86}},"155":{"start":{"line":156,"column":0},"end":{"line":156,"column":13}},"156":{"start":{"line":157,"column":0},"end":{"line":157,"column":59}},"157":{"start":{"line":158,"column":0},"end":{"line":158,"column":86}},"158":{"start":{"line":159,"column":0},"end":{"line":159,"column":13}},"159":{"start":{"line":160,"column":0},"end":{"line":160,"column":92}},"160":{"start":{"line":161,"column":0},"end":{"line":161,"column":29}},"161":{"start":{"line":162,"column":0},"end":{"line":162,"column":35}},"162":{"start":{"line":163,"column":0},"end":{"line":163,"column":39}},"163":{"start":{"line":164,"column":0},"end":{"line":164,"column":102}},"164":{"start":{"line":165,"column":0},"end":{"line":165,"column":17}},"165":{"start":{"line":166,"column":0},"end":{"line":166,"column":39}},"166":{"start":{"line":167,"column":0},"end":{"line":167,"column":13}},"167":{"start":{"line":168,"column":0},"end":{"line":168,"column":18}},"168":{"start":{"line":169,"column":0},"end":{"line":169,"column":89}},"169":{"start":{"line":170,"column":0},"end":{"line":170,"column":13}},"170":{"start":{"line":171,"column":0},"end":{"line":171,"column":15}},"171":{"start":{"line":172,"column":0},"end":{"line":172,"column":66}},"172":{"start":{"line":173,"column":0},"end":{"line":173,"column":22}},"173":{"start":{"line":174,"column":0},"end":{"line":174,"column":56}},"174":{"start":{"line":175,"column":0},"end":{"line":175,"column":13}},"175":{"start":{"line":176,"column":0},"end":{"line":176,"column":11}},"176":{"start":{"line":177,"column":0},"end":{"line":177,"column":59}},"177":{"start":{"line":178,"column":0},"end":{"line":178,"column":34}},"178":{"start":{"line":179,"column":0},"end":{"line":179,"column":34}},"179":{"start":{"line":180,"column":0},"end":{"line":180,"column":30}},"180":{"start":{"line":181,"column":0},"end":{"line":181,"column":13}},"181":{"start":{"line":182,"column":0},"end":{"line":182,"column":35}},"182":{"start":{"line":183,"column":0},"end":{"line":183,"column":50}},"183":{"start":{"line":184,"column":0},"end":{"line":184,"column":39}},"184":{"start":{"line":185,"column":0},"end":{"line":185,"column":40}},"185":{"start":{"line":186,"column":0},"end":{"line":186,"column":21}},"186":{"start":{"line":187,"column":0},"end":{"line":187,"column":18}},"187":{"start":{"line":188,"column":0},"end":{"line":188,"column":13}},"188":{"start":{"line":189,"column":0},"end":{"line":189,"column":46}},"189":{"start":{"line":190,"column":0},"end":{"line":190,"column":55}},"190":{"start":{"line":191,"column":0},"end":{"line":191,"column":41}},"191":{"start":{"line":192,"column":0},"end":{"line":192,"column":14}},"192":{"start":{"line":193,"column":0},"end":{"line":193,"column":23}},"193":{"start":{"line":194,"column":0},"end":{"line":194,"column":10}},"194":{"start":{"line":195,"column":0},"end":{"line":195,"column":16}},"195":{"start":{"line":196,"column":0},"end":{"line":196,"column":25}},"196":{"start":{"line":197,"column":0},"end":{"line":197,"column":16}},"197":{"start":{"line":198,"column":0},"end":{"line":198,"column":9}},"198":{"start":{"line":199,"column":0},"end":{"line":199,"column":5}},"199":{"start":{"line":200,"column":0},"end":{"line":200,"column":1}},"200":{"start":{"line":201,"column":0},"end":{"line":201,"column":0}},"201":{"start":{"line":202,"column":0},"end":{"line":202,"column":0}},"202":{"start":{"line":203,"column":0},"end":{"line":203,"column":29}}},"s":{"0":1,"1":1,"2":1,"3":1,"4":1,"5":1,"6":1,"7":1,"8":1,"9":1,"10":1,"11":1,"12":1,"13":1,"14":1,"15":1,"16":1,"17":100,"18":100,"19":1,"20":1,"21":2,"22":2,"23":2,"24":1,"25":1,"26":3,"27":3,"28":3,"29":1,"30":1,"31":4,"32":4,"33":4,"34":4,"35":4,"36":4,"37":1,"38":1,"39":2,"40":2,"41":2,"42":1,"43":1,"44":1,"45":1,"46":1,"47":1,"48":1,"49":2,"50":2,"51":2,"52":1,"53":1,"54":2,"55":2,"56":2,"57":1,"58":1,"59":1,"60":1,"61":1,"62":1,"63":1,"64":22,"65":22,"66":22,"67":22,"68":22,"69":22,"70":22,"71":22,"72":22,"73":22,"74":1,"75":1,"76":0,"77":0,"78":0,"79":1,"80":1,"81":69,"82":69,"83":69,"84":69,"85":69,"86":69,"87":69,"88":1,"89":1,"90":0,"91":0,"92":0,"93":1,"94":1,"95":1,"96":0,"97":0,"98":1,"99":1,"100":1,"101":1,"102":1,"103":1,"104":1,"105":0,"106":0,"107":1,"108":1,"109":1,"110":1,"111":1,"112":1,"113":30,"114":30,"115":1,"116":1,"117":99,"118":99,"119":22,"120":22,"121":99,"122":99,"123":98,"124":20,"125":20,"126":20,"127":98,"128":98,"129":99,"130":99,"131":22,"132":22,"133":99,"134":99,"135":98,"136":20,"137":20,"138":20,"139":98,"140":98,"141":99,"142":22,"143":22,"144":22,"145":2,"146":2,"147":22,"148":2,"149":2,"150":22,"151":1,"152":1,"153":21,"154":1,"155":1,"156":20,"157":1,"158":1,"159":19,"160":2,"161":2,"162":2,"163":5,"164":5,"165":2,"166":2,"167":17,"168":17,"169":17,"170":99,"171":99,"172":99,"173":99,"174":99,"175":99,"176":99,"177":380,"178":380,"179":0,"180":0,"181":380,"182":284,"183":1684,"184":1400,"185":1400,"186":284,"187":284,"188":380,"189":0,"190":0,"191":380,"192":380,"193":99,"194":99,"195":99,"196":99,"197":99,"198":99,"199":1,"200":1,"201":1,"202":1},"branchMap":{"0":{"type":"branch","line":17,"loc":{"start":{"line":17,"column":4},"end":{"line":19,"column":5}},"locations":[{"start":{"line":17,"column":4},"end":{"line":19,"column":5}}]},"1":{"type":"branch","line":18,"loc":{"start":{"line":18,"column":46},"end":{"line":18,"column":57}},"locations":[{"start":{"line":18,"column":46},"end":{"line":18,"column":57}}]},"2":{"type":"branch","line":21,"loc":{"start":{"line":21,"column":11},"end":{"line":24,"column":5}},"locations":[{"start":{"line":21,"column":11},"end":{"line":24,"column":5}}]},"3":{"type":"branch","line":26,"loc":{"start":{"line":26,"column":11},"end":{"line":29,"column":5}},"locations":[{"start":{"line":26,"column":11},"end":{"line":29,"column":5}}]},"4":{"type":"branch","line":31,"loc":{"start":{"line":31,"column":11},"end":{"line":37,"column":5}},"locations":[{"start":{"line":31,"column":11},"end":{"line":37,"column":5}}]},"5":{"type":"branch","line":34,"loc":{"start":{"line":34,"column":60},"end":{"line":34,"column":68}},"locations":[{"start":{"line":34,"column":60},"end":{"line":34,"column":68}}]},"6":{"type":"branch","line":34,"loc":{"start":{"line":34,"column":69},"end":{"line":34,"column":78}},"locations":[{"start":{"line":34,"column":69},"end":{"line":34,"column":78}}]},"7":{"type":"branch","line":39,"loc":{"start":{"line":39,"column":11},"end":{"line":42,"column":5}},"locations":[{"start":{"line":39,"column":11},"end":{"line":42,"column":5}}]},"8":{"type":"branch","line":44,"loc":{"start":{"line":44,"column":11},"end":{"line":47,"column":5}},"locations":[{"start":{"line":44,"column":11},"end":{"line":47,"column":5}}]},"9":{"type":"branch","line":45,"loc":{"start":{"line":45,"column":23},"end":{"line":45,"column":49}},"locations":[{"start":{"line":45,"column":23},"end":{"line":45,"column":49}}]},"10":{"type":"branch","line":49,"loc":{"start":{"line":49,"column":11},"end":{"line":52,"column":5}},"locations":[{"start":{"line":49,"column":11},"end":{"line":52,"column":5}}]},"11":{"type":"branch","line":54,"loc":{"start":{"line":54,"column":11},"end":{"line":57,"column":5}},"locations":[{"start":{"line":54,"column":11},"end":{"line":57,"column":5}}]},"12":{"type":"branch","line":59,"loc":{"start":{"line":59,"column":11},"end":{"line":62,"column":5}},"locations":[{"start":{"line":59,"column":11},"end":{"line":62,"column":5}}]},"13":{"type":"branch","line":64,"loc":{"start":{"line":64,"column":11},"end":{"line":74,"column":5}},"locations":[{"start":{"line":64,"column":11},"end":{"line":74,"column":5}}]},"14":{"type":"branch","line":70,"loc":{"start":{"line":70,"column":67},"end":{"line":70,"column":79}},"locations":[{"start":{"line":70,"column":67},"end":{"line":70,"column":79}}]},"15":{"type":"branch","line":70,"loc":{"start":{"line":70,"column":80},"end":{"line":70,"column":83}},"locations":[{"start":{"line":70,"column":80},"end":{"line":70,"column":83}}]},"16":{"type":"branch","line":71,"loc":{"start":{"line":71,"column":65},"end":{"line":71,"column":77}},"locations":[{"start":{"line":71,"column":65},"end":{"line":71,"column":77}}]},"17":{"type":"branch","line":71,"loc":{"start":{"line":71,"column":78},"end":{"line":71,"column":81}},"locations":[{"start":{"line":71,"column":78},"end":{"line":71,"column":81}}]},"18":{"type":"branch","line":81,"loc":{"start":{"line":81,"column":17},"end":{"line":88,"column":5}},"locations":[{"start":{"line":81,"column":17},"end":{"line":88,"column":5}}]},"19":{"type":"branch","line":85,"loc":{"start":{"line":85,"column":33},"end":{"line":85,"column":44}},"locations":[{"start":{"line":85,"column":33},"end":{"line":85,"column":44}}]},"20":{"type":"branch","line":95,"loc":{"start":{"line":95,"column":11},"end":{"line":102,"column":5}},"locations":[{"start":{"line":95,"column":11},"end":{"line":102,"column":5}}]},"21":{"type":"branch","line":96,"loc":{"start":{"line":96,"column":57},"end":{"line":98,"column":9}},"locations":[{"start":{"line":96,"column":57},"end":{"line":98,"column":9}}]},"22":{"type":"branch","line":104,"loc":{"start":{"line":104,"column":11},"end":{"line":111,"column":5}},"locations":[{"start":{"line":104,"column":11},"end":{"line":111,"column":5}}]},"23":{"type":"branch","line":105,"loc":{"start":{"line":105,"column":58},"end":{"line":107,"column":9}},"locations":[{"start":{"line":105,"column":58},"end":{"line":107,"column":9}}]},"24":{"type":"branch","line":113,"loc":{"start":{"line":113,"column":17},"end":{"line":115,"column":5}},"locations":[{"start":{"line":113,"column":17},"end":{"line":115,"column":5}}]},"25":{"type":"branch","line":117,"loc":{"start":{"line":117,"column":18},"end":{"line":199,"column":5}},"locations":[{"start":{"line":117,"column":18},"end":{"line":199,"column":5}}]},"26":{"type":"branch","line":123,"loc":{"start":{"line":123,"column":23},"end":{"line":129,"column":9}},"locations":[{"start":{"line":123,"column":23},"end":{"line":129,"column":9}}]},"27":{"type":"branch","line":135,"loc":{"start":{"line":135,"column":22},"end":{"line":141,"column":9}},"locations":[{"start":{"line":135,"column":22},"end":{"line":141,"column":9}}]},"28":{"type":"branch","line":119,"loc":{"start":{"line":119,"column":29},"end":{"line":122,"column":9}},"locations":[{"start":{"line":119,"column":29},"end":{"line":122,"column":9}}]},"29":{"type":"branch","line":121,"loc":{"start":{"line":121,"column":16},"end":{"line":121,"column":32}},"locations":[{"start":{"line":121,"column":16},"end":{"line":121,"column":32}}]},"30":{"type":"branch","line":124,"loc":{"start":{"line":124,"column":44},"end":{"line":128,"column":13}},"locations":[{"start":{"line":124,"column":44},"end":{"line":128,"column":13}}]},"31":{"type":"branch","line":131,"loc":{"start":{"line":131,"column":29},"end":{"line":134,"column":9}},"locations":[{"start":{"line":131,"column":29},"end":{"line":134,"column":9}}]},"32":{"type":"branch","line":133,"loc":{"start":{"line":133,"column":16},"end":{"line":133,"column":31}},"locations":[{"start":{"line":133,"column":16},"end":{"line":133,"column":31}}]},"33":{"type":"branch","line":136,"loc":{"start":{"line":136,"column":44},"end":{"line":140,"column":13}},"locations":[{"start":{"line":136,"column":44},"end":{"line":140,"column":13}}]},"34":{"type":"branch","line":142,"loc":{"start":{"line":142,"column":40},"end":{"line":171,"column":9}},"locations":[{"start":{"line":142,"column":40},"end":{"line":171,"column":9}}]},"35":{"type":"branch","line":145,"loc":{"start":{"line":145,"column":33},"end":{"line":147,"column":13}},"locations":[{"start":{"line":145,"column":33},"end":{"line":147,"column":13}}]},"36":{"type":"branch","line":148,"loc":{"start":{"line":148,"column":34},"end":{"line":150,"column":13}},"locations":[{"start":{"line":148,"column":34},"end":{"line":150,"column":13}}]},"37":{"type":"branch","line":151,"loc":{"start":{"line":151,"column":56},"end":{"line":153,"column":13}},"locations":[{"start":{"line":151,"column":56},"end":{"line":153,"column":13}}]},"38":{"type":"branch","line":154,"loc":{"start":{"line":154,"column":-1},"end":{"line":170,"column":13}},"locations":[{"start":{"line":154,"column":-1},"end":{"line":170,"column":13}}]},"39":{"type":"branch","line":154,"loc":{"start":{"line":154,"column":62},"end":{"line":156,"column":13}},"locations":[{"start":{"line":154,"column":62},"end":{"line":156,"column":13}}]},"40":{"type":"branch","line":157,"loc":{"start":{"line":157,"column":-1},"end":{"line":170,"column":13}},"locations":[{"start":{"line":157,"column":-1},"end":{"line":170,"column":13}}]},"41":{"type":"branch","line":157,"loc":{"start":{"line":157,"column":58},"end":{"line":159,"column":13}},"locations":[{"start":{"line":157,"column":58},"end":{"line":159,"column":13}}]},"42":{"type":"branch","line":160,"loc":{"start":{"line":160,"column":-1},"end":{"line":170,"column":13}},"locations":[{"start":{"line":160,"column":-1},"end":{"line":170,"column":13}}]},"43":{"type":"branch","line":160,"loc":{"start":{"line":160,"column":51},"end":{"line":160,"column":89}},"locations":[{"start":{"line":160,"column":51},"end":{"line":160,"column":89}}]},"44":{"type":"branch","line":160,"loc":{"start":{"line":160,"column":91},"end":{"line":167,"column":13}},"locations":[{"start":{"line":160,"column":91},"end":{"line":167,"column":13}}]},"45":{"type":"branch","line":163,"loc":{"start":{"line":163,"column":38},"end":{"line":165,"column":17}},"locations":[{"start":{"line":163,"column":38},"end":{"line":165,"column":17}}]},"46":{"type":"branch","line":168,"loc":{"start":{"line":168,"column":-1},"end":{"line":170,"column":13}},"locations":[{"start":{"line":168,"column":-1},"end":{"line":170,"column":13}}]},"47":{"type":"branch","line":177,"loc":{"start":{"line":177,"column":45},"end":{"line":194,"column":9}},"locations":[{"start":{"line":177,"column":45},"end":{"line":194,"column":9}}]},"48":{"type":"branch","line":179,"loc":{"start":{"line":179,"column":33},"end":{"line":181,"column":13}},"locations":[{"start":{"line":179,"column":33},"end":{"line":181,"column":13}}]},"49":{"type":"branch","line":182,"loc":{"start":{"line":182,"column":34},"end":{"line":188,"column":13}},"locations":[{"start":{"line":182,"column":34},"end":{"line":188,"column":13}}]},"50":{"type":"branch","line":183,"loc":{"start":{"line":183,"column":40},"end":{"line":187,"column":17}},"locations":[{"start":{"line":183,"column":40},"end":{"line":187,"column":17}}]},"51":{"type":"branch","line":184,"loc":{"start":{"line":184,"column":38},"end":{"line":186,"column":21}},"locations":[{"start":{"line":184,"column":38},"end":{"line":186,"column":21}}]}},"b":{"0":[100],"1":[0],"2":[2],"3":[3],"4":[4],"5":[3],"6":[1],"7":[2],"8":[1],"9":[2],"10":[2],"11":[2],"12":[1],"13":[22],"14":[1],"15":[21],"16":[1],"17":[21],"18":[69],"19":[284],"20":[1],"21":[0],"22":[1],"23":[0],"24":[30],"25":[99],"26":[98],"27":[98],"28":[22],"29":[1],"30":[20],"31":[22],"32":[1],"33":[20],"34":[22],"35":[2],"36":[2],"37":[1],"38":[21],"39":[1],"40":[20],"41":[1],"42":[19],"43":[18],"44":[2],"45":[5],"46":[17],"47":[380],"48":[0],"49":[284],"50":[1684],"51":[1400]},"fnMap":{"0":{"name":"StrapiFindAll","decl":{"start":{"line":17,"column":4},"end":{"line":19,"column":5}},"loc":{"start":{"line":17,"column":4},"end":{"line":19,"column":5}},"line":17},"1":{"name":"page","decl":{"start":{"line":21,"column":11},"end":{"line":24,"column":5}},"loc":{"start":{"line":21,"column":11},"end":{"line":24,"column":5}},"line":21},"2":{"name":"populate","decl":{"start":{"line":26,"column":11},"end":{"line":29,"column":5}},"loc":{"start":{"line":26,"column":11},"end":{"line":29,"column":5}},"line":26},"3":{"name":"sort","decl":{"start":{"line":31,"column":11},"end":{"line":37,"column":5}},"loc":{"start":{"line":31,"column":11},"end":{"line":37,"column":5}},"line":31},"4":{"name":"field","decl":{"start":{"line":39,"column":11},"end":{"line":42,"column":5}},"loc":{"start":{"line":39,"column":11},"end":{"line":42,"column":5}},"line":39},"5":{"name":"fields","decl":{"start":{"line":44,"column":11},"end":{"line":47,"column":5}},"loc":{"start":{"line":44,"column":11},"end":{"line":47,"column":5}},"line":44},"6":{"name":"pageSize","decl":{"start":{"line":49,"column":11},"end":{"line":52,"column":5}},"loc":{"start":{"line":49,"column":11},"end":{"line":52,"column":5}},"line":49},"7":{"name":"offsetStart","decl":{"start":{"line":54,"column":11},"end":{"line":57,"column":5}},"loc":{"start":{"line":54,"column":11},"end":{"line":57,"column":5}},"line":54},"8":{"name":"offsetLimit","decl":{"start":{"line":59,"column":11},"end":{"line":62,"column":5}},"loc":{"start":{"line":59,"column":11},"end":{"line":62,"column":5}},"line":59},"9":{"name":"filter","decl":{"start":{"line":64,"column":11},"end":{"line":74,"column":5}},"loc":{"start":{"line":64,"column":11},"end":{"line":74,"column":5}},"line":64},"10":{"name":"hideId","decl":{"start":{"line":76,"column":11},"end":{"line":79,"column":5}},"loc":{"start":{"line":76,"column":11},"end":{"line":79,"column":5}},"line":76},"11":{"name":"showOnlyIds","decl":{"start":{"line":81,"column":17},"end":{"line":88,"column":5}},"loc":{"start":{"line":81,"column":17},"end":{"line":88,"column":5}},"line":81},"12":{"name":"rename","decl":{"start":{"line":90,"column":11},"end":{"line":93,"column":5}},"loc":{"start":{"line":90,"column":11},"end":{"line":93,"column":5}},"line":90},"13":{"name":"and","decl":{"start":{"line":95,"column":11},"end":{"line":102,"column":5}},"loc":{"start":{"line":95,"column":11},"end":{"line":102,"column":5}},"line":95},"14":{"name":"or","decl":{"start":{"line":104,"column":11},"end":{"line":111,"column":5}},"loc":{"start":{"line":104,"column":11},"end":{"line":111,"column":5}},"line":104},"15":{"name":"show","decl":{"start":{"line":113,"column":17},"end":{"line":115,"column":5}},"loc":{"start":{"line":113,"column":17},"end":{"line":115,"column":5}},"line":113},"16":{"name":"call","decl":{"start":{"line":117,"column":18},"end":{"line":199,"column":5}},"loc":{"start":{"line":117,"column":18},"end":{"line":199,"column":5}},"line":117}},"f":{"0":100,"1":2,"2":3,"3":4,"4":2,"5":1,"6":2,"7":2,"8":1,"9":22,"10":0,"11":69,"12":0,"13":1,"14":1,"15":30,"16":99}}
,"/Users/luca.soda/Projects/strapi-handler/strapi-handler/lib/StrapiFindOne.ts": {"path":"/Users/luca.soda/Projects/strapi-handler/strapi-handler/lib/StrapiFindOne.ts","all":false,"statementMap":{"0":{"start":{"line":1,"column":0},"end":{"line":1,"column":46}},"1":{"start":{"line":2,"column":0},"end":{"line":2,"column":26}},"2":{"start":{"line":3,"column":0},"end":{"line":3,"column":71}},"3":{"start":{"line":4,"column":0},"end":{"line":4,"column":40}},"4":{"start":{"line":5,"column":0},"end":{"line":5,"column":34}},"5":{"start":{"line":6,"column":0},"end":{"line":6,"column":0}},"6":{"start":{"line":7,"column":0},"end":{"line":7,"column":21}},"7":{"start":{"line":8,"column":0},"end":{"line":8,"column":24}},"8":{"start":{"line":9,"column":0},"end":{"line":9,"column":30}},"9":{"start":{"line":10,"column":0},"end":{"line":10,"column":37}},"10":{"start":{"line":11,"column":0},"end":{"line":11,"column":51}},"11":{"start":{"line":12,"column":0},"end":{"line":12,"column":22}},"12":{"start":{"line":13,"column":0},"end":{"line":13,"column":33}},"13":{"start":{"line":14,"column":0},"end":{"line":14,"column":41}},"14":{"start":{"line":15,"column":0},"end":{"line":15,"column":60}},"15":{"start":{"line":16,"column":0},"end":{"line":16,"column":0}},"16":{"start":{"line":17,"column":0},"end":{"line":17,"column":120}},"17":{"start":{"line":18,"column":0},"end":{"line":18,"column":93}},"18":{"start":{"line":19,"column":0},"end":{"line":19,"column":5}},"19":{"start":{"line":20,"column":0},"end":{"line":20,"column":0}},"20":{"start":{"line":21,"column":0},"end":{"line":21,"column":55}},"21":{"start":{"line":22,"column":0},"end":{"line":22,"column":50}},"22":{"start":{"line":23,"column":0},"end":{"line":23,"column":20}},"23":{"start":{"line":24,"column":0},"end":{"line":24,"column":5}},"24":{"start":{"line":25,"column":0},"end":{"line":25,"column":0}},"25":{"start":{"line":26,"column":0},"end":{"line":26,"column":55}},"26":{"start":{"line":27,"column":0},"end":{"line":27,"column":50}},"27":{"start":{"line":28,"column":0},"end":{"line":28,"column":20}},"28":{"start":{"line":29,"column":0},"end":{"line":29,"column":5}},"29":{"start":{"line":30,"column":0},"end":{"line":30,"column":0}},"30":{"start":{"line":31,"column":0},"end":{"line":31,"column":34}},"31":{"start":{"line":32,"column":0},"end":{"line":32,"column":33}},"32":{"start":{"line":33,"column":0},"end":{"line":33,"column":126}},"33":{"start":{"line":34,"column":0},"end":{"line":34,"column":5}},"34":{"start":{"line":35,"column":0},"end":{"line":35,"column":0}},"35":{"start":{"line":36,"column":0},"end":{"line":36,"column":21}},"36":{"start":{"line":37,"column":0},"end":{"line":37,"column":33}},"37":{"start":{"line":38,"column":0},"end":{"line":38,"column":19}},"38":{"start":{"line":39,"column":0},"end":{"line":39,"column":5}},"39":{"start":{"line":40,"column":0},"end":{"line":40,"column":2}},"40":{"start":{"line":41,"column":0},"end":{"line":41,"column":109}},"41":{"start":{"line":42,"column":0},"end":{"line":42,"column":27}},"42":{"start":{"line":43,"column":0},"end":{"line":43,"column":18}},"43":{"start":{"line":44,"column":0},"end":{"line":44,"column":21}},"44":{"start":{"line":45,"column":0},"end":{"line":45,"column":18}},"45":{"start":{"line":46,"column":0},"end":{"line":46,"column":27}},"46":{"start":{"line":47,"column":0},"end":{"line":47,"column":84}},"47":{"start":{"line":48,"column":0},"end":{"line":48,"column":82}},"48":{"start":{"line":49,"column":0},"end":{"line":49,"column":11}},"49":{"start":{"line":50,"column":0},"end":{"line":50,"column":20}},"50":{"start":{"line":51,"column":0},"end":{"line":51,"column":5}},"51":{"start":{"line":52,"column":0},"end":{"line":52,"column":0}},"52":{"start":{"line":53,"column":0},"end":{"line":53,"column":51}},"53":{"start":{"line":54,"column":0},"end":{"line":54,"column":41}},"54":{"start":{"line":55,"column":0},"end":{"line":55,"column":20}},"55":{"start":{"line":56,"column":0},"end":{"line":56,"column":5}},"56":{"start":{"line":57,"column":0},"end":{"line":57,"column":0}},"57":{"start":{"line":58,"column":0},"end":{"line":58,"column":50}},"58":{"start":{"line":59,"column":0},"end":{"line":59,"column":43}},"59":{"start":{"line":60,"column":0},"end":{"line":60,"column":20}},"60":{"start":{"line":61,"column":0},"end":{"line":61,"column":5}},"61":{"start":{"line":62,"column":0},"end":{"line":62,"column":0}},"62":{"start":{"line":63,"column":0},"end":{"line":63,"column":48}},"63":{"start":{"line":64,"column":0},"end":{"line":64,"column":64}},"64":{"start":{"line":65,"column":0},"end":{"line":65,"column":20}},"65":{"start":{"line":66,"column":0},"end":{"line":66,"column":5}},"66":{"start":{"line":67,"column":0},"end":{"line":67,"column":0}},"67":{"start":{"line":68,"column":0},"end":{"line":68,"column":52}},"68":{"start":{"line":69,"column":0},"end":{"line":69,"column":51}},"69":{"start":{"line":70,"column":0},"end":{"line":70,"column":20}},"70":{"start":{"line":71,"column":0},"end":{"line":71,"column":5}},"71":{"start":{"line":72,"column":0},"end":{"line":72,"column":0}},"72":{"start":{"line":73,"column":0},"end":{"line":73,"column":35}},"73":{"start":{"line":74,"column":0},"end":{"line":74,"column":24}},"74":{"start":{"line":75,"column":0},"end":{"line":75,"column":5}},"75":{"start":{"line":76,"column":0},"end":{"line":76,"column":0}},"76":{"start":{"line":77,"column":0},"end":{"line":77,"column":49}},"77":{"start":{"line":78,"column":0},"end":{"line":78,"column":41}},"78":{"start":{"line":79,"column":0},"end":{"line":79,"column":43}},"79":{"start":{"line":80,"column":0},"end":{"line":80,"column":5}},"80":{"start":{"line":81,"column":0},"end":{"line":81,"column":0}},"81":{"start":{"line":82,"column":0},"end":{"line":82,"column":47}},"82":{"start":{"line":83,"column":0},"end":{"line":83,"column":44}},"83":{"start":{"line":84,"column":0},"end":{"line":84,"column":5}},"84":{"start":{"line":85,"column":0},"end":{"line":85,"column":0}},"85":{"start":{"line":86,"column":0},"end":{"line":86,"column":64}},"86":{"start":{"line":87,"column":0},"end":{"line":87,"column":43}},"87":{"start":{"line":88,"column":0},"end":{"line":88,"column":5}},"88":{"start":{"line":89,"column":0},"end":{"line":89,"column":0}},"89":{"start":{"line":90,"column":0},"end":{"line":90,"column":49}},"90":{"start":{"line":91,"column":0},"end":{"line":91,"column":46}},"91":{"start":{"line":92,"column":0},"end":{"line":92,"column":5}},"92":{"start":{"line":93,"column":0},"end":{"line":93,"column":0}},"93":{"start":{"line":94,"column":0},"end":{"line":94,"column":106}},"94":{"start":{"line":95,"column":0},"end":{"line":95,"column":58}},"95":{"start":{"line":96,"column":0},"end":{"line":96,"column":89}},"96":{"start":{"line":97,"column":0},"end":{"line":97,"column":9}},"97":{"start":{"line":98,"column":0},"end":{"line":98,"column":51}},"98":{"start":{"line":99,"column":0},"end":{"line":99,"column":34}},"99":{"start":{"line":100,"column":0},"end":{"line":100,"column":67}},"100":{"start":{"line":101,"column":0},"end":{"line":101,"column":5}},"101":{"start":{"line":102,"column":0},"end":{"line":102,"column":0}},"102":{"start":{"line":103,"column":0},"end":{"line":103,"column":105}},"103":{"start":{"line":104,"column":0},"end":{"line":104,"column":59}},"104":{"start":{"line":105,"column":0},"end":{"line":105,"column":89}},"105":{"start":{"line":106,"column":0},"end":{"line":106,"column":9}},"106":{"start":{"line":107,"column":0},"end":{"line":107,"column":50}},"107":{"start":{"line":108,"column":0},"end":{"line":108,"column":34}},"108":{"start":{"line":109,"column":0},"end":{"line":109,"column":67}},"109":{"start":{"line":110,"column":0},"end":{"line":110,"column":5}},"110":{"start":{"line":111,"column":0},"end":{"line":111,"column":0}},"111":{"start":{"line":112,"column":0},"end":{"line":112,"column":64}},"112":{"start":{"line":113,"column":0},"end":{"line":113,"column":25}},"113":{"start":{"line":114,"column":0},"end":{"line":114,"column":0}},"114":{"start":{"line":115,"column":0},"end":{"line":115,"column":28}},"115":{"start":{"line":116,"column":0},"end":{"line":116,"column":28}},"116":{"start":{"line":117,"column":0},"end":{"line":117,"column":0}},"117":{"start":{"line":118,"column":0},"end":{"line":118,"column":40}},"118":{"start":{"line":119,"column":0},"end":{"line":119,"column":39}},"119":{"start":{"line":120,"column":0},"end":{"line":120,"column":29}},"120":{"start":{"line":121,"column":0},"end":{"line":121,"column":9}},"121":{"start":{"line":122,"column":0},"end":{"line":122,"column":0}},"122":{"start":{"line":123,"column":0},"end":{"line":123,"column":29}},"123":{"start":{"line":124,"column":0},"end":{"line":124,"column":38}},"124":{"start":{"line":125,"column":0},"end":{"line":125,"column":34}},"125":{"start":{"line":126,"column":0},"end":{"line":126,"column":32}},"126":{"start":{"line":127,"column":0},"end":{"line":127,"column":11}},"127":{"start":{"line":128,"column":0},"end":{"line":128,"column":24}},"128":{"start":{"line":129,"column":0},"end":{"line":129,"column":53}},"129":{"start":{"line":130,"column":0},"end":{"line":130,"column":36}},"130":{"start":{"line":131,"column":0},"end":{"line":131,"column":36}},"131":{"start":{"line":132,"column":0},"end":{"line":132,"column":27}},"132":{"start":{"line":133,"column":0},"end":{"line":133,"column":15}},"133":{"start":{"line":134,"column":0},"end":{"line":134,"column":9}},"134":{"start":{"line":135,"column":0},"end":{"line":135,"column":28}},"135":{"start":{"line":136,"column":0},"end":{"line":136,"column":38}},"136":{"start":{"line":137,"column":0},"end":{"line":137,"column":33}},"137":{"start":{"line":138,"column":0},"end":{"line":138,"column":31}},"138":{"start":{"line":139,"column":0},"end":{"line":139,"column":11}},"139":{"start":{"line":140,"column":0},"end":{"line":140,"column":23}},"140":{"start":{"line":141,"column":0},"end":{"line":141,"column":53}},"141":{"start":{"line":142,"column":0},"end":{"line":142,"column":36}},"142":{"start":{"line":143,"column":0},"end":{"line":143,"column":35}},"143":{"start":{"line":144,"column":0},"end":{"line":144,"column":27}},"144":{"start":{"line":145,"column":0},"end":{"line":145,"column":14}},"145":{"start":{"line":146,"column":0},"end":{"line":146,"column":9}},"146":{"start":{"line":147,"column":0},"end":{"line":147,"column":88}},"147":{"start":{"line":148,"column":0},"end":{"line":148,"column":93}},"148":{"start":{"line":149,"column":0},"end":{"line":149,"column":36}},"149":{"start":{"line":150,"column":0},"end":{"line":150,"column":34}},"150":{"start":{"line":151,"column":0},"end":{"line":151,"column":54}},"151":{"start":{"line":152,"column":0},"end":{"line":152,"column":13}},"152":{"start":{"line":153,"column":0},"end":{"line":153,"column":35}},"153":{"start":{"line":154,"column":0},"end":{"line":154,"column":56}},"154":{"start":{"line":155,"column":0},"end":{"line":155,"column":13}},"155":{"start":{"line":156,"column":0},"end":{"line":156,"column":57}},"156":{"start":{"line":157,"column":0},"end":{"line":157,"column":154}},"157":{"start":{"line":158,"column":0},"end":{"line":158,"column":13}},"158":{"start":{"line":159,"column":0},"end":{"line":159,"column":63}},"159":{"start":{"line":160,"column":0},"end":{"line":160,"column":85}},"160":{"start":{"line":161,"column":0},"end":{"line":161,"column":13}},"161":{"start":{"line":162,"column":0},"end":{"line":162,"column":59}},"162":{"start":{"line":163,"column":0},"end":{"line":163,"column":86}},"163":{"start":{"line":164,"column":0},"end":{"line":164,"column":13}},"164":{"start":{"line":165,"column":0},"end":{"line":165,"column":92}},"165":{"start":{"line":166,"column":0},"end":{"line":166,"column":29}},"166":{"start":{"line":167,"column":0},"end":{"line":167,"column":35}},"167":{"start":{"line":168,"column":0},"end":{"line":168,"column":39}},"168":{"start":{"line":169,"column":0},"end":{"line":169,"column":102}},"169":{"start":{"line":170,"column":0},"end":{"line":170,"column":17}},"170":{"start":{"line":171,"column":0},"end":{"line":171,"column":39}},"171":{"start":{"line":172,"column":0},"end":{"line":172,"column":13}},"172":{"start":{"line":173,"column":0},"end":{"line":173,"column":18}},"173":{"start":{"line":174,"column":0},"end":{"line":174,"column":87}},"174":{"start":{"line":175,"column":0},"end":{"line":175,"column":13}},"175":{"start":{"line":176,"column":0},"end":{"line":176,"column":15}},"176":{"start":{"line":177,"column":0},"end":{"line":177,"column":60}},"177":{"start":{"line":178,"column":0},"end":{"line":178,"column":22}},"178":{"start":{"line":179,"column":0},"end":{"line":179,"column":56}},"179":{"start":{"line":180,"column":0},"end":{"line":180,"column":13}},"180":{"start":{"line":181,"column":0},"end":{"line":181,"column":11}},"181":{"start":{"line":182,"column":0},"end":{"line":182,"column":59}},"182":{"start":{"line":183,"column":0},"end":{"line":183,"column":32}},"183":{"start":{"line":184,"column":0},"end":{"line":184,"column":65}},"184":{"start":{"line":185,"column":0},"end":{"line":185,"column":33}},"185":{"start":{"line":186,"column":0},"end":{"line":186,"column":13}},"186":{"start":{"line":187,"column":0},"end":{"line":187,"column":46}},"187":{"start":{"line":188,"column":0},"end":{"line":188,"column":55}},"188":{"start":{"line":189,"column":0},"end":{"line":189,"column":41}},"189":{"start":{"line":190,"column":0},"end":{"line":190,"column":14}},"190":{"start":{"line":191,"column":0},"end":{"line":191,"column":23}},"191":{"start":{"line":192,"column":0},"end":{"line":192,"column":10}},"192":{"start":{"line":193,"column":0},"end":{"line":193,"column":25}},"193":{"start":{"line":194,"column":0},"end":{"line":194,"column":5}},"194":{"start":{"line":195,"column":0},"end":{"line":195,"column":1}},"195":{"start":{"line":196,"column":0},"end":{"line":196,"column":0}},"196":{"start":{"line":197,"column":0},"end":{"line":197,"column":0}},"197":{"start":{"line":198,"column":0},"end":{"line":198,"column":29}}},"s":{"0":1,"1":1,"2":1,"3":1,"4":1,"5":1,"6":1,"7":1,"8":1,"9":1,"10":1,"11":1,"12":1,"13":1,"14":1,"15":1,"16":1,"17":326,"18":326,"19":1,"20":1,"21":323,"22":323,"23":323,"24":1,"25":1,"26":323,"27":323,"28":323,"29":1,"30":1,"31":323,"32":323,"33":323,"34":1,"35":1,"36":1,"37":1,"38":1,"39":1,"40":1,"41":246,"42":246,"43":246,"44":246,"45":246,"46":246,"47":246,"48":246,"49":246,"50":246,"51":1,"52":1,"53":9,"54":9,"55":9,"56":1,"57":1,"58":1,"59":1,"60":1,"61":1,"62":1,"63":74,"64":74,"65":74,"66":1,"67":1,"68":1,"69":1,"70":1,"71":1,"72":1,"73":71,"74":71,"75":1,"76":1,"77":72,"78":72,"79":72,"80":1,"81":1,"82":36,"83":36,"84":1,"85":1,"86":5,"87":5,"88":1,"89":1,"90":210,"91":210,"92":1,"93":1,"94":3,"95":1,"96":1,"97":2,"98":2,"99":2,"100":2,"101":1,"102":1,"103":3,"104":1,"105":1,"106":2,"107":2,"108":2,"109":2,"110":1,"111":1,"112":323,"113":323,"114":323,"115":323,"116":323,"117":323,"118":72,"119":72,"120":72,"121":323,"122":323,"123":323,"124":244,"125":244,"126":323,"127":323,"128":322,"129":242,"130":242,"131":242,"132":322,"133":322,"134":323,"135":323,"136":244,"137":244,"138":323,"139":323,"140":322,"141":242,"142":242,"143":242,"144":322,"145":322,"146":323,"147":244,"148":244,"149":244,"150":2,"151":2,"152":244,"153":2,"154":2,"155":244,"156":1,"157":1,"158":243,"159":1,"160":1,"161":242,"162":1,"163":1,"164":241,"165":2,"166":2,"167":2,"168":5,"169":5,"170":2,"171":2,"172":239,"173":239,"174":239,"175":323,"176":323,"177":323,"178":323,"179":323,"180":323,"181":323,"182":257,"183":257,"184":1,"185":1,"186":257,"187":1,"188":1,"189":257,"190":257,"191":323,"192":323,"193":323,"194":1,"195":1,"196":1,"197":1},"branchMap":{"0":{"type":"branch","line":17,"loc":{"start":{"line":17,"column":4},"end":{"line":19,"column":5}},"locations":[{"start":{"line":17,"column":4},"end":{"line":19,"column":5}}]},"1":{"type":"branch","line":18,"loc":{"start":{"line":18,"column":46},"end":{"line":18,"column":57}},"locations":[{"start":{"line":18,"column":46},"end":{"line":18,"column":57}}]},"2":{"type":"branch","line":18,"loc":{"start":{"line":18,"column":58},"end":{"line":18,"column":75}},"locations":[{"start":{"line":18,"column":58},"end":{"line":18,"column":75}}]},"3":{"type":"branch","line":21,"loc":{"start":{"line":21,"column":12},"end":{"line":24,"column":5}},"locations":[{"start":{"line":21,"column":12},"end":{"line":24,"column":5}}]},"4":{"type":"branch","line":26,"loc":{"start":{"line":26,"column":12},"end":{"line":29,"column":5}},"locations":[{"start":{"line":26,"column":12},"end":{"line":29,"column":5}}]},"5":{"type":"branch","line":31,"loc":{"start":{"line":31,"column":12},"end":{"line":34,"column":5}},"locations":[{"start":{"line":31,"column":12},"end":{"line":34,"column":5}}]},"6":{"type":"branch","line":36,"loc":{"start":{"line":36,"column":11},"end":{"line":39,"column":5}},"locations":[{"start":{"line":36,"column":11},"end":{"line":39,"column":5}}]},"7":{"type":"branch","line":41,"loc":{"start":{"line":41,"column":11},"end":{"line":51,"column":5}},"locations":[{"start":{"line":41,"column":11},"end":{"line":51,"column":5}}]},"8":{"type":"branch","line":47,"loc":{"start":{"line":47,"column":67},"end":{"line":47,"column":79}},"locations":[{"start":{"line":47,"column":67},"end":{"line":47,"column":79}}]},"9":{"type":"branch","line":47,"loc":{"start":{"line":47,"column":80},"end":{"line":47,"column":83}},"locations":[{"start":{"line":47,"column":80},"end":{"line":47,"column":83}}]},"10":{"type":"branch","line":48,"loc":{"start":{"line":48,"column":65},"end":{"line":48,"column":77}},"locations":[{"start":{"line":48,"column":65},"end":{"line":48,"column":77}}]},"11":{"type":"branch","line":48,"loc":{"start":{"line":48,"column":78},"end":{"line":48,"column":81}},"locations":[{"start":{"line":48,"column":78},"end":{"line":48,"column":81}}]},"12":{"type":"branch","line":53,"loc":{"start":{"line":53,"column":11},"end":{"line":56,"column":5}},"locations":[{"start":{"line":53,"column":11},"end":{"line":56,"column":5}}]},"13":{"type":"branch","line":58,"loc":{"start":{"line":58,"column":11},"end":{"line":61,"column":5}},"locations":[{"start":{"line":58,"column":11},"end":{"line":61,"column":5}}]},"14":{"type":"branch","line":63,"loc":{"start":{"line":63,"column":11},"end":{"line":66,"column":5}},"locations":[{"start":{"line":63,"column":11},"end":{"line":66,"column":5}}]},"15":{"type":"branch","line":68,"loc":{"start":{"line":68,"column":11},"end":{"line":71,"column":5}},"locations":[{"start":{"line":68,"column":11},"end":{"line":71,"column":5}}]},"16":{"type":"branch","line":69,"loc":{"start":{"line":69,"column":23},"end":{"line":69,"column":49}},"locations":[{"start":{"line":69,"column":23},"end":{"line":69,"column":49}}]},"17":{"type":"branch","line":73,"loc":{"start":{"line":73,"column":11},"end":{"line":75,"column":5}},"locations":[{"start":{"line":73,"column":11},"end":{"line":75,"column":5}}]},"18":{"type":"branch","line":77,"loc":{"start":{"line":77,"column":11},"end":{"line":80,"column":5}},"locations":[{"start":{"line":77,"column":11},"end":{"line":80,"column":5}}]},"19":{"type":"branch","line":82,"loc":{"start":{"line":82,"column":17},"end":{"line":84,"column":5}},"locations":[{"start":{"line":82,"column":17},"end":{"line":84,"column":5}}]},"20":{"type":"branch","line":86,"loc":{"start":{"line":86,"column":17},"end":{"line":88,"column":5}},"locations":[{"start":{"line":86,"column":17},"end":{"line":88,"column":5}}]},"21":{"type":"branch","line":90,"loc":{"start":{"line":90,"column":17},"end":{"line":92,"column":5}},"locations":[{"start":{"line":90,"column":17},"end":{"line":92,"column":5}}]},"22":{"type":"branch","line":94,"loc":{"start":{"line":94,"column":11},"end":{"line":101,"column":5}},"locations":[{"start":{"line":94,"column":11},"end":{"line":101,"column":5}}]},"23":{"type":"branch","line":95,"loc":{"start":{"line":95,"column":57},"end":{"line":97,"column":9}},"locations":[{"start":{"line":95,"column":57},"end":{"line":97,"column":9}}]},"24":{"type":"branch","line":98,"loc":{"start":{"line":98,"column":-1},"end":{"line":101,"column":5}},"locations":[{"start":{"line":98,"column":-1},"end":{"line":101,"column":5}}]},"25":{"type":"branch","line":103,"loc":{"start":{"line":103,"column":11},"end":{"line":110,"column":5}},"locations":[{"start":{"line":103,"column":11},"end":{"line":110,"column":5}}]},"26":{"type":"branch","line":104,"loc":{"start":{"line":104,"column":58},"end":{"line":106,"column":9}},"locations":[{"start":{"line":104,"column":58},"end":{"line":106,"column":9}}]},"27":{"type":"branch","line":107,"loc":{"start":{"line":107,"column":-1},"end":{"line":110,"column":5}},"locations":[{"start":{"line":107,"column":-1},"end":{"line":110,"column":5}}]},"28":{"type":"branch","line":112,"loc":{"start":{"line":112,"column":18},"end":{"line":194,"column":5}},"locations":[{"start":{"line":112,"column":18},"end":{"line":194,"column":5}}]},"29":{"type":"branch","line":118,"loc":{"start":{"line":118,"column":39},"end":{"line":121,"column":9}},"locations":[{"start":{"line":118,"column":39},"end":{"line":121,"column":9}}]},"30":{"type":"branch","line":128,"loc":{"start":{"line":128,"column":23},"end":{"line":134,"column":9}},"locations":[{"start":{"line":128,"column":23},"end":{"line":134,"column":9}}]},"31":{"type":"branch","line":140,"loc":{"start":{"line":140,"column":22},"end":{"line":146,"column":9}},"locations":[{"start":{"line":140,"column":22},"end":{"line":146,"column":9}}]},"32":{"type":"branch","line":124,"loc":{"start":{"line":124,"column":29},"end":{"line":127,"column":9}},"locations":[{"start":{"line":124,"column":29},"end":{"line":127,"column":9}}]},"33":{"type":"branch","line":126,"loc":{"start":{"line":126,"column":16},"end":{"line":126,"column":32}},"locations":[{"start":{"line":126,"column":16},"end":{"line":126,"column":32}}]},"34":{"type":"branch","line":129,"loc":{"start":{"line":129,"column":44},"end":{"line":133,"column":13}},"locations":[{"start":{"line":129,"column":44},"end":{"line":133,"column":13}}]},"35":{"type":"branch","line":136,"loc":{"start":{"line":136,"column":29},"end":{"line":139,"column":9}},"locations":[{"start":{"line":136,"column":29},"end":{"line":139,"column":9}}]},"36":{"type":"branch","line":138,"loc":{"start":{"line":138,"column":16},"end":{"line":138,"column":31}},"locations":[{"start":{"line":138,"column":16},"end":{"line":138,"column":31}}]},"37":{"type":"branch","line":141,"loc":{"start":{"line":141,"column":44},"end":{"line":145,"column":13}},"locations":[{"start":{"line":141,"column":44},"end":{"line":145,"column":13}}]},"38":{"type":"branch","line":147,"loc":{"start":{"line":147,"column":40},"end":{"line":176,"column":9}},"locations":[{"start":{"line":147,"column":40},"end":{"line":176,"column":9}}]},"39":{"type":"branch","line":150,"loc":{"start":{"line":150,"column":33},"end":{"line":152,"column":13}},"locations":[{"start":{"line":150,"column":33},"end":{"line":152,"column":13}}]},"40":{"type":"branch","line":153,"loc":{"start":{"line":153,"column":34},"end":{"line":155,"column":13}},"locations":[{"start":{"line":153,"column":34},"end":{"line":155,"column":13}}]},"41":{"type":"branch","line":156,"loc":{"start":{"line":156,"column":56},"end":{"line":158,"column":13}},"locations":[{"start":{"line":156,"column":56},"end":{"line":158,"column":13}}]},"42":{"type":"branch","line":159,"loc":{"start":{"line":159,"column":-1},"end":{"line":175,"column":13}},"locations":[{"start":{"line":159,"column":-1},"end":{"line":175,"column":13}}]},"43":{"type":"branch","line":159,"loc":{"start":{"line":159,"column":62},"end":{"line":161,"column":13}},"locations":[{"start":{"line":159,"column":62},"end":{"line":161,"column":13}}]},"44":{"type":"branch","line":162,"loc":{"start":{"line":162,"column":-1},"end":{"line":175,"column":13}},"locations":[{"start":{"line":162,"column":-1},"end":{"line":175,"column":13}}]},"45":{"type":"branch","line":162,"loc":{"start":{"line":162,"column":58},"end":{"line":164,"column":13}},"locations":[{"start":{"line":162,"column":58},"end":{"line":164,"column":13}}]},"46":{"type":"branch","line":165,"loc":{"start":{"line":165,"column":-1},"end":{"line":175,"column":13}},"locations":[{"start":{"line":165,"column":-1},"end":{"line":175,"column":13}}]},"47":{"type":"branch","line":165,"loc":{"start":{"line":165,"column":51},"end":{"line":165,"column":89}},"locations":[{"start":{"line":165,"column":51},"end":{"line":165,"column":89}}]},"48":{"type":"branch","line":165,"loc":{"start":{"line":165,"column":91},"end":{"line":172,"column":13}},"locations":[{"start":{"line":165,"column":91},"end":{"line":172,"column":13}}]},"49":{"type":"branch","line":168,"loc":{"start":{"line":168,"column":38},"end":{"line":170,"column":17}},"locations":[{"start":{"line":168,"column":38},"end":{"line":170,"column":17}}]},"50":{"type":"branch","line":173,"loc":{"start":{"line":173,"column":-1},"end":{"line":175,"column":13}},"locations":[{"start":{"line":173,"column":-1},"end":{"line":175,"column":13}}]},"51":{"type":"branch","line":182,"loc":{"start":{"line":182,"column":45},"end":{"line":192,"column":9}},"locations":[{"start":{"line":182,"column":45},"end":{"line":192,"column":9}}]},"52":{"type":"branch","line":184,"loc":{"start":{"line":184,"column":41},"end":{"line":184,"column":62}},"locations":[{"start":{"line":184,"column":41},"end":{"line":184,"column":62}}]},"53":{"type":"branch","line":184,"loc":{"start":{"line":184,"column":64},"end":{"line":186,"column":13}},"locations":[{"start":{"line":184,"column":64},"end":{"line":186,"column":13}}]},"54":{"type":"branch","line":187,"loc":{"start":{"line":187,"column":33},"end":{"line":190,"column":13}},"locations":[{"start":{"line":187,"column":33},"end":{"line":190,"column":13}}]}},"b":{"0":[326],"1":[1],"2":[325],"3":[323],"4":[323],"5":[323],"6":[1],"7":[246],"8":[2],"9":[244],"10":[2],"11":[244],"12":[9],"13":[1],"14":[74],"15":[1],"16":[2],"17":[71],"18":[72],"19":[36],"20":[5],"21":[210],"22":[3],"23":[1],"24":[2],"25":[3],"26":[1],"27":[2],"28":[323],"29":[72],"30":[322],"31":[322],"32":[244],"33":[1],"34":[242],"35":[244],"36":[1],"37":[242],"38":[244],"39":[2],"40":[2],"41":[1],"42":[243],"43":[1],"44":[242],"45":[1],"46":[241],"47":[240],"48":[2],"49":[5],"50":[239],"51":[257],"52":[8],"53":[1],"54":[1]},"fnMap":{"0":{"name":"StrapiFindOne","decl":{"start":{"line":17,"column":4},"end":{"line":19,"column":5}},"loc":{"start":{"line":17,"column":4},"end":{"line":19,"column":5}},"line":17},"1":{"name":"offsetStart","decl":{"start":{"line":21,"column":12},"end":{"line":24,"column":5}},"loc":{"start":{"line":21,"column":12},"end":{"line":24,"column":5}},"line":21},"2":{"name":"offsetLimit","decl":{"start":{"line":26,"column":12},"end":{"line":29,"column":5}},"loc":{"start":{"line":26,"column":12},"end":{"line":29,"column":5}},"line":26},"3":{"name":"chain","decl":{"start":{"line":31,"column":12},"end":{"line":34,"column":5}},"loc":{"start":{"line":31,"column":12},"end":{"line":34,"column":5}},"line":31},"4":{"name":"hideId","decl":{"start":{"line":36,"column":11},"end":{"line":39,"column":5}},"loc":{"start":{"line":36,"column":11},"end":{"line":39,"column":5}},"line":36},"5":{"name":"filter","decl":{"start":{"line":41,"column":11},"end":{"line":51,"column":5}},"loc":{"start":{"line":41,"column":11},"end":{"line":51,"column":5}},"line":41},"6":{"name":"populate","decl":{"start":{"line":53,"column":11},"end":{"line":56,"column":5}},"loc":{"start":{"line":53,"column":11},"end":{"line":56,"column":5}},"line":53},"7":{"name":"rename","decl":{"start":{"line":58,"column":11},"end":{"line":61,"column":5}},"loc":{"start":{"line":58,"column":11},"end":{"line":61,"column":5}},"line":58},"8":{"name":"field","decl":{"start":{"line":63,"column":11},"end":{"line":66,"column":5}},"loc":{"start":{"line":63,"column":11},"end":{"line":66,"column":5}},"line":63},"9":{"name":"fields","decl":{"start":{"line":68,"column":11},"end":{"line":71,"column":5}},"loc":{"start":{"line":68,"column":11},"end":{"line":71,"column":5}},"line":68},"10":{"name":"generateUuid","decl":{"start":{"line":73,"column":11},"end":{"line":75,"column":5}},"loc":{"start":{"line":73,"column":11},"end":{"line":75,"column":5}},"line":73},"11":{"name":"showOnlyId","decl":{"start":{"line":77,"column":11},"end":{"line":80,"column":5}},"loc":{"start":{"line":77,"column":11},"end":{"line":80,"column":5}},"line":77},"12":{"name":"show","decl":{"start":{"line":82,"column":17},"end":{"line":84,"column":5}},"loc":{"start":{"line":82,"column":17},"end":{"line":84,"column":5}},"line":82},"13":{"name":"update","decl":{"start":{"line":86,"column":17},"end":{"line":88,"column":5}},"loc":{"start":{"line":86,"column":17},"end":{"line":88,"column":5}},"line":86},"14":{"name":"delete","decl":{"start":{"line":90,"column":17},"end":{"line":92,"column":5}},"loc":{"start":{"line":90,"column":17},"end":{"line":92,"column":5}},"line":90},"15":{"name":"and","decl":{"start":{"line":94,"column":11},"end":{"line":101,"column":5}},"loc":{"start":{"line":94,"column":11},"end":{"line":101,"column":5}},"line":94},"16":{"name":"or","decl":{"start":{"line":103,"column":11},"end":{"line":110,"column":5}},"loc":{"start":{"line":103,"column":11},"end":{"line":110,"column":5}},"line":103},"17":{"name":"call","decl":{"start":{"line":112,"column":18},"end":{"line":194,"column":5}},"loc":{"start":{"line":112,"column":18},"end":{"line":194,"column":5}},"line":112}},"f":{"0":326,"1":323,"2":323,"3":323,"4":1,"5":246,"6":9,"7":1,"8":74,"9":1,"10":71,"11":72,"12":36,"13":5,"14":210,"15":3,"16":3,"17":323}}
,"/Users/luca.soda/Projects/strapi-handler/strapi-handler/lib/StrapiHandler.ts": {"path":"/Users/luca.soda/Projects/strapi-handler/strapi-handler/lib/StrapiHandler.ts","all":false,"statementMap":{"0":{"start":{"line":1,"column":0},"end":{"line":1,"column":26}},"1":{"start":{"line":2,"column":0},"end":{"line":2,"column":44}},"2":{"start":{"line":3,"column":0},"end":{"line":3,"column":44}},"3":{"start":{"line":4,"column":0},"end":{"line":4,"column":0}},"4":{"start":{"line":5,"column":0},"end":{"line":5,"column":21}},"5":{"start":{"line":6,"column":0},"end":{"line":6,"column":92}},"6":{"start":{"line":7,"column":0},"end":{"line":7,"column":0}},"7":{"start":{"line":8,"column":0},"end":{"line":8,"column":37}},"8":{"start":{"line":9,"column":0},"end":{"line":9,"column":71}},"9":{"start":{"line":10,"column":0},"end":{"line":10,"column":5}},"10":{"start":{"line":11,"column":0},"end":{"line":11,"column":0}},"11":{"start":{"line":12,"column":0},"end":{"line":12,"column":37}},"12":{"start":{"line":13,"column":0},"end":{"line":13,"column":70}},"13":{"start":{"line":14,"column":0},"end":{"line":14,"column":5}},"14":{"start":{"line":15,"column":0},"end":{"line":15,"column":0}},"15":{"start":{"line":16,"column":0},"end":{"line":16,"column":81}},"16":{"start":{"line":17,"column":0},"end":{"line":17,"column":115}},"17":{"start":{"line":18,"column":0},"end":{"line":18,"column":20}},"18":{"start":{"line":19,"column":0},"end":{"line":19,"column":21}},"19":{"start":{"line":20,"column":0},"end":{"line":20,"column":10}},"20":{"start":{"line":21,"column":0},"end":{"line":21,"column":62}},"21":{"start":{"line":22,"column":0},"end":{"line":22,"column":22}},"22":{"start":{"line":23,"column":0},"end":{"line":23,"column":56}},"23":{"start":{"line":24,"column":0},"end":{"line":24,"column":13}},"24":{"start":{"line":25,"column":0},"end":{"line":25,"column":11}},"25":{"start":{"line":26,"column":0},"end":{"line":26,"column":36}},"26":{"start":{"line":27,"column":0},"end":{"line":27,"column":5}},"27":{"start":{"line":28,"column":0},"end":{"line":28,"column":0}},"28":{"start":{"line":29,"column":0},"end":{"line":29,"column":93}},"29":{"start":{"line":30,"column":0},"end":{"line":30,"column":32}},"30":{"start":{"line":31,"column":0},"end":{"line":31,"column":34}},"31":{"start":{"line":32,"column":0},"end":{"line":32,"column":64}},"32":{"start":{"line":33,"column":0},"end":{"line":33,"column":9}},"33":{"start":{"line":34,"column":0},"end":{"line":34,"column":23}},"34":{"start":{"line":35,"column":0},"end":{"line":35,"column":5}},"35":{"start":{"line":36,"column":0},"end":{"line":36,"column":1}},"36":{"start":{"line":37,"column":0},"end":{"line":37,"column":0}},"37":{"start":{"line":38,"column":0},"end":{"line":38,"column":41}},"38":{"start":{"line":39,"column":0},"end":{"line":39,"column":80}},"39":{"start":{"line":40,"column":0},"end":{"line":40,"column":1}},"40":{"start":{"line":41,"column":0},"end":{"line":41,"column":0}},"41":{"start":{"line":42,"column":0},"end":{"line":42,"column":36}},"42":{"start":{"line":43,"column":0},"end":{"line":43,"column":33}},"43":{"start":{"line":44,"column":0},"end":{"line":44,"column":34}},"44":{"start":{"line":45,"column":0},"end":{"line":45,"column":26}},"45":{"start":{"line":46,"column":0},"end":{"line":46,"column":9}},"46":{"start":{"line":47,"column":0},"end":{"line":47,"column":44}},"47":{"start":{"line":48,"column":0},"end":{"line":48,"column":21}},"48":{"start":{"line":49,"column":0},"end":{"line":49,"column":27}},"49":{"start":{"line":50,"column":0},"end":{"line":50,"column":12}},"50":{"start":{"line":51,"column":0},"end":{"line":51,"column":49}},"51":{"start":{"line":52,"column":0},"end":{"line":52,"column":32}},"52":{"start":{"line":53,"column":0},"end":{"line":53,"column":40}},"53":{"start":{"line":54,"column":0},"end":{"line":54,"column":35}},"54":{"start":{"line":55,"column":0},"end":{"line":55,"column":35}},"55":{"start":{"line":56,"column":0},"end":{"line":56,"column":54}},"56":{"start":{"line":57,"column":0},"end":{"line":57,"column":17}},"57":{"start":{"line":58,"column":0},"end":{"line":58,"column":44}},"58":{"start":{"line":59,"column":0},"end":{"line":59,"column":31}},"59":{"start":{"line":60,"column":0},"end":{"line":60,"column":17}},"60":{"start":{"line":61,"column":0},"end":{"line":61,"column":13}},"61":{"start":{"line":62,"column":0},"end":{"line":62,"column":9}},"62":{"start":{"line":63,"column":0},"end":{"line":63,"column":22}},"63":{"start":{"line":64,"column":0},"end":{"line":64,"column":5}},"64":{"start":{"line":65,"column":0},"end":{"line":65,"column":10}},"65":{"start":{"line":66,"column":0},"end":{"line":66,"column":20}},"66":{"start":{"line":67,"column":0},"end":{"line":67,"column":5}},"67":{"start":{"line":68,"column":0},"end":{"line":68,"column":1}},"68":{"start":{"line":69,"column":0},"end":{"line":69,"column":0}},"69":{"start":{"line":70,"column":0},"end":{"line":70,"column":29}},"70":{"start":{"line":71,"column":0},"end":{"line":71,"column":41}}},"s":{"0":1,"1":1,"2":1,"3":1,"4":1,"5":1,"6":1,"7":1,"8":100,"9":100,"10":1,"11":1,"12":326,"13":326,"14":1,"15":1,"16":209,"17":209,"18":209,"19":209,"20":209,"21":209,"22":209,"23":209,"24":209,"25":209,"26":209,"27":1,"28":1,"29":6,"30":6,"31":22,"32":22,"33":6,"34":6,"35":1,"36":1,"37":1,"38":864,"39":864,"40":1,"41":1,"42":864,"43":760,"44":432,"45":432,"46":760,"47":1089,"48":1089,"49":760,"50":760,"51":1089,"52":1089,"53":1089,"54":6357,"55":20,"56":20,"57":6357,"58":0,"59":0,"60":6357,"61":1089,"62":760,"63":760,"64":104,"65":104,"66":104,"67":864,"68":1,"69":1,"70":1},"branchMap":{"0":{"type":"branch","line":6,"loc":{"start":{"line":6,"column":4},"end":{"line":6,"column":92}},"locations":[{"start":{"line":6,"column":4},"end":{"line":6,"column":92}}]},"1":{"type":"branch","line":8,"loc":{"start":{"line":8,"column":11},"end":{"line":10,"column":5}},"locations":[{"start":{"line":8,"column":11},"end":{"line":10,"column":5}}]},"2":{"type":"branch","line":12,"loc":{"start":{"line":12,"column":11},"end":{"line":14,"column":5}},"locations":[{"start":{"line":12,"column":11},"end":{"line":14,"column":5}}]},"3":{"type":"branch","line":16,"loc":{"start":{"line":16,"column":17},"end":{"line":27,"column":5}},"locations":[{"start":{"line":16,"column":17},"end":{"line":27,"column":5}}]},"4":{"type":"branch","line":17,"loc":{"start":{"line":17,"column":52},"end":{"line":17,"column":68}},"locations":[{"start":{"line":17,"column":52},"end":{"line":17,"column":68}}]},"5":{"type":"branch","line":29,"loc":{"start":{"line":29,"column":17},"end":{"line":35,"column":5}},"locations":[{"start":{"line":29,"column":17},"end":{"line":35,"column":5}}]},"6":{"type":"branch","line":31,"loc":{"start":{"line":31,"column":33},"end":{"line":33,"column":9}},"locations":[{"start":{"line":31,"column":33},"end":{"line":33,"column":9}}]},"7":{"type":"branch","line":38,"loc":{"start":{"line":38,"column":25},"end":{"line":40,"column":1}},"locations":[{"start":{"line":38,"column":25},"end":{"line":40,"column":1}}]},"8":{"type":"branch","line":39,"loc":{"start":{"line":39,"column":19},"end":{"line":39,"column":21}},"locations":[{"start":{"line":39,"column":19},"end":{"line":39,"column":21}}]},"9":{"type":"branch","line":39,"loc":{"start":{"line":39,"column":19},"end":{"line":39,"column":23}},"locations":[{"start":{"line":39,"column":19},"end":{"line":39,"column":23}}]},"10":{"type":"branch","line":39,"loc":{"start":{"line":39,"column":23},"end":{"line":39,"column":47}},"locations":[{"start":{"line":39,"column":23},"end":{"line":39,"column":47}}]},"11":{"type":"branch","line":39,"loc":{"start":{"line":39,"column":34},"end":{"line":39,"column":36}},"locations":[{"start":{"line":39,"column":34},"end":{"line":39,"column":36}}]},"12":{"type":"branch","line":39,"loc":{"start":{"line":39,"column":47},"end":{"line":39,"column":79}},"locations":[{"start":{"line":39,"column":47},"end":{"line":39,"column":79}}]},"13":{"type":"branch","line":39,"loc":{"start":{"line":39,"column":59},"end":{"line":39,"column":78}},"locations":[{"start":{"line":39,"column":59},"end":{"line":39,"column":78}}]},"14":{"type":"branch","line":42,"loc":{"start":{"line":42,"column":20},"end":{"line":68,"column":1}},"locations":[{"start":{"line":42,"column":20},"end":{"line":68,"column":1}}]},"15":{"type":"branch","line":43,"loc":{"start":{"line":43,"column":32},"end":{"line":64,"column":5}},"locations":[{"start":{"line":43,"column":32},"end":{"line":64,"column":5}}]},"16":{"type":"branch","line":44,"loc":{"start":{"line":44,"column":33},"end":{"line":46,"column":9}},"locations":[{"start":{"line":44,"column":33},"end":{"line":46,"column":9}}]},"17":{"type":"branch","line":51,"loc":{"start":{"line":51,"column":48},"end":{"line":62,"column":9}},"locations":[{"start":{"line":51,"column":48},"end":{"line":62,"column":9}}]},"18":{"type":"branch","line":54,"loc":{"start":{"line":54,"column":34},"end":{"line":61,"column":13}},"locations":[{"start":{"line":54,"column":34},"end":{"line":61,"column":13}}]},"19":{"type":"branch","line":55,"loc":{"start":{"line":55,"column":26},"end":{"line":55,"column":28}},"locations":[{"start":{"line":55,"column":26},"end":{"line":55,"column":28}}]},"20":{"type":"branch","line":55,"loc":{"start":{"line":55,"column":26},"end":{"line":55,"column":28}},"locations":[{"start":{"line":55,"column":26},"end":{"line":55,"column":28}}]},"21":{"type":"branch","line":55,"loc":{"start":{"line":55,"column":26},"end":{"line":55,"column":32}},"locations":[{"start":{"line":55,"column":26},"end":{"line":55,"column":32}}]},"22":{"type":"branch","line":55,"loc":{"start":{"line":55,"column":34},"end":{"line":57,"column":17}},"locations":[{"start":{"line":55,"column":34},"end":{"line":57,"column":17}}]},"23":{"type":"branch","line":58,"loc":{"start":{"line":58,"column":26},"end":{"line":58,"column":28}},"locations":[{"start":{"line":58,"column":26},"end":{"line":58,"column":28}}]},"24":{"type":"branch","line":58,"loc":{"start":{"line":58,"column":26},"end":{"line":58,"column":28}},"locations":[{"start":{"line":58,"column":26},"end":{"line":58,"column":28}}]},"25":{"type":"branch","line":58,"loc":{"start":{"line":58,"column":26},"end":{"line":58,"column":32}},"locations":[{"start":{"line":58,"column":26},"end":{"line":58,"column":32}}]},"26":{"type":"branch","line":58,"loc":{"start":{"line":58,"column":43},"end":{"line":60,"column":17}},"locations":[{"start":{"line":58,"column":43},"end":{"line":60,"column":17}}]},"27":{"type":"branch","line":65,"loc":{"start":{"line":65,"column":-1},"end":{"line":67,"column":5}},"locations":[{"start":{"line":65,"column":-1},"end":{"line":67,"column":5}}]},"28":{"type":"branch","line":47,"loc":{"start":{"line":47,"column":30},"end":{"line":49,"column":27}},"locations":[{"start":{"line":47,"column":30},"end":{"line":49,"column":27}}]}},"b":{"0":[6],"1":[100],"2":[326],"3":[209],"4":[0],"5":[6],"6":[22],"7":[864],"8":[536],"9":[328],"10":[328],"11":[0],"12":[536],"13":[432],"14":[864],"15":[760],"16":[432],"17":[1089],"18":[6357],"19":[6119],"20":[238],"21":[6119],"22":[20],"23":[6119],"24":[238],"25":[6119],"26":[0],"27":[104],"28":[1089]},"fnMap":{"0":{"name":"StrapiHandler","decl":{"start":{"line":6,"column":4},"end":{"line":6,"column":92}},"loc":{"start":{"line":6,"column":4},"end":{"line":6,"column":92}},"line":6},"1":{"name":"findAll","decl":{"start":{"line":8,"column":11},"end":{"line":10,"column":5}},"loc":{"start":{"line":8,"column":11},"end":{"line":10,"column":5}},"line":8},"2":{"name":"findOne","decl":{"start":{"line":12,"column":11},"end":{"line":14,"column":5}},"loc":{"start":{"line":12,"column":11},"end":{"line":14,"column":5}},"line":12},"3":{"name":"create","decl":{"start":{"line":16,"column":17},"end":{"line":27,"column":5}},"loc":{"start":{"line":16,"column":17},"end":{"line":27,"column":5}},"line":16},"4":{"name":"createMany","decl":{"start":{"line":29,"column":17},"end":{"line":35,"column":5}},"loc":{"start":{"line":29,"column":17},"end":{"line":35,"column":5}},"line":29},"5":{"name":"isStrapiResponse","decl":{"start":{"line":38,"column":25},"end":{"line":40,"column":1}},"loc":{"start":{"line":38,"column":25},"end":{"line":40,"column":1}},"line":38},"6":{"name":"extractData","decl":{"start":{"line":42,"column":20},"end":{"line":68,"column":1}},"loc":{"start":{"line":42,"column":20},"end":{"line":68,"column":1}},"line":42}},"f":{"0":6,"1":100,"2":326,"3":209,"4":6,"5":864,"6":864}}
}
