TN:
SF:lib/Interfaces.ts
FNF:0
FNH:0
DA:1,1
DA:2,1
DA:3,1
DA:4,1
DA:5,1
DA:6,1
DA:7,1
DA:8,1
DA:9,1
DA:10,1
DA:11,1
DA:12,1
DA:13,1
DA:14,1
DA:15,1
DA:16,1
DA:17,1
DA:18,1
DA:19,1
DA:20,1
DA:21,1
DA:22,1
DA:23,1
DA:24,1
DA:25,1
DA:26,1
DA:27,1
DA:28,1
DA:29,1
DA:30,1
DA:31,1
DA:32,1
DA:33,1
DA:34,1
DA:35,1
DA:36,1
DA:37,1
DA:38,1
DA:39,1
DA:40,1
DA:41,1
LF:41
LH:41
BRDA:1,0,0,1
BRDA:22,1,0,1
BRDA:29,2,0,1
BRF:3
BRH:3
end_of_record
TN:
SF:lib/StrapiChain.ts
FN:8,StrapiChain
FN:15,delete
FN:28,put
FN:45,show
FNF:4
FNH:4
FNDA:323,StrapiChain
FNDA:210,delete
FNDA:5,put
FNDA:108,show
DA:1,1
DA:2,1
DA:3,1
DA:4,1
DA:5,1
DA:6,1
DA:7,1
DA:8,1
DA:9,323
DA:10,323
DA:11,323
DA:12,323
DA:13,323
DA:14,1
DA:15,1
DA:16,210
DA:17,210
DA:18,1
DA:19,1
DA:20,210
DA:21,210
DA:22,210
DA:23,210
DA:24,210
DA:25,210
DA:26,210
DA:27,1
DA:28,1
DA:29,5
DA:30,5
DA:31,1
DA:32,1
DA:33,5
DA:34,5
DA:35,5
DA:36,5
DA:37,5
DA:38,5
DA:39,5
DA:40,5
DA:41,5
DA:42,5
DA:43,5
DA:44,1
DA:45,1
DA:46,108
DA:47,108
DA:48,64
DA:49,64
DA:50,108
DA:51,1
DA:52,1
DA:53,108
DA:54,8
DA:55,8
DA:56,108
DA:57,108
DA:58,1
DA:59,1
DA:60,1
LF:60
LH:60
BRDA:8,0,0,323
BRDA:9,1,0,323
BRDA:11,2,0,1
BRDA:11,3,0,322
BRDA:11,4,0,66
BRDA:11,5,0,257
BRDA:15,6,0,210
BRDA:17,7,0,1
BRDA:17,8,0,209
BRDA:17,9,0,1
BRDA:28,10,0,5
BRDA:30,11,0,1
BRDA:30,12,0,4
BRDA:30,13,0,1
BRDA:45,14,0,108
BRDA:47,15,0,64
BRDA:47,16,0,44
BRDA:47,17,0,64
BRDA:50,18,0,44
BRDA:50,19,0,1
BRDA:53,20,0,44
BRDA:53,21,0,8
BRF:22
BRH:22
end_of_record
TN:
SF:lib/StrapiFindAll.ts
FN:17,StrapiFindAll
FN:21,page
FN:26,populate
FN:31,sort
FN:39,field
FN:44,fields
FN:49,pageSize
FN:54,offsetStart
FN:59,offsetLimit
FN:64,filter
FN:76,hideId
FN:81,showOnlyIds
FN:90,rename
FN:95,and
FN:104,or
FN:113,show
FN:117,call
FNF:17
FNH:15
FNDA:100,StrapiFindAll
FNDA:2,page
FNDA:3,populate
FNDA:4,sort
FNDA:2,field
FNDA:1,fields
FNDA:2,pageSize
FNDA:2,offsetStart
FNDA:1,offsetLimit
FNDA:22,filter
FNDA:0,hideId
FNDA:69,showOnlyIds
FNDA:0,rename
FNDA:1,and
FNDA:1,or
FNDA:30,show
FNDA:99,call
DA:1,1
DA:2,1
DA:3,1
DA:4,1
DA:5,1
DA:6,1
DA:7,1
DA:8,1
DA:9,1
DA:10,1
DA:11,1
DA:12,1
DA:13,1
DA:14,1
DA:15,1
DA:16,1
DA:17,1
DA:18,100
DA:19,100
DA:20,1
DA:21,1
DA:22,2
DA:23,2
DA:24,2
DA:25,1
DA:26,1
DA:27,3
DA:28,3
DA:29,3
DA:30,1
DA:31,1
DA:32,4
DA:33,4
DA:34,4
DA:35,4
DA:36,4
DA:37,4
DA:38,1
DA:39,1
DA:40,2
DA:41,2
DA:42,2
DA:43,1
DA:44,1
DA:45,1
DA:46,1
DA:47,1
DA:48,1
DA:49,1
DA:50,2
DA:51,2
DA:52,2
DA:53,1
DA:54,1
DA:55,2
DA:56,2
DA:57,2
DA:58,1
DA:59,1
DA:60,1
DA:61,1
DA:62,1
DA:63,1
DA:64,1
DA:65,22
DA:66,22
DA:67,22
DA:68,22
DA:69,22
DA:70,22
DA:71,22
DA:72,22
DA:73,22
DA:74,22
DA:75,1
DA:76,1
DA:77,0
DA:78,0
DA:79,0
DA:80,1
DA:81,1
DA:82,69
DA:83,69
DA:84,69
DA:85,69
DA:86,69
DA:87,69
DA:88,69
DA:89,1
DA:90,1
DA:91,0
DA:92,0
DA:93,0
DA:94,1
DA:95,1
DA:96,1
DA:97,0
DA:98,0
DA:99,1
DA:100,1
DA:101,1
DA:102,1
DA:103,1
DA:104,1
DA:105,1
DA:106,0
DA:107,0
DA:108,1
DA:109,1
DA:110,1
DA:111,1
DA:112,1
DA:113,1
DA:114,30
DA:115,30
DA:116,1
DA:117,1
DA:118,99
DA:119,99
DA:120,22
DA:121,22
DA:122,99
DA:123,99
DA:124,98
DA:125,20
DA:126,20
DA:127,20
DA:128,98
DA:129,98
DA:130,99
DA:131,99
DA:132,22
DA:133,22
DA:134,99
DA:135,99
DA:136,98
DA:137,20
DA:138,20
DA:139,20
DA:140,98
DA:141,98
DA:142,99
DA:143,22
DA:144,22
DA:145,22
DA:146,2
DA:147,2
DA:148,22
DA:149,2
DA:150,2
DA:151,22
DA:152,1
DA:153,1
DA:154,21
DA:155,1
DA:156,1
DA:157,20
DA:158,1
DA:159,1
DA:160,19
DA:161,2
DA:162,2
DA:163,2
DA:164,5
DA:165,5
DA:166,2
DA:167,2
DA:168,17
DA:169,17
DA:170,17
DA:171,99
DA:172,99
DA:173,99
DA:174,99
DA:175,99
DA:176,99
DA:177,99
DA:178,380
DA:179,380
DA:180,0
DA:181,0
DA:182,380
DA:183,284
DA:184,1684
DA:185,1400
DA:186,1400
DA:187,284
DA:188,284
DA:189,380
DA:190,0
DA:191,0
DA:192,380
DA:193,380
DA:194,99
DA:195,99
DA:196,99
DA:197,99
DA:198,99
DA:199,99
DA:200,1
DA:201,1
DA:202,1
DA:203,1
LF:203
LH:189
BRDA:17,0,0,100
BRDA:18,1,0,0
BRDA:21,2,0,2
BRDA:26,3,0,3
BRDA:31,4,0,4
BRDA:34,5,0,3
BRDA:34,6,0,1
BRDA:39,7,0,2
BRDA:44,8,0,1
BRDA:45,9,0,2
BRDA:49,10,0,2
BRDA:54,11,0,2
BRDA:59,12,0,1
BRDA:64,13,0,22
BRDA:70,14,0,1
BRDA:70,15,0,21
BRDA:71,16,0,1
BRDA:71,17,0,21
BRDA:81,18,0,69
BRDA:85,19,0,284
BRDA:95,20,0,1
BRDA:96,21,0,0
BRDA:104,22,0,1
BRDA:105,23,0,0
BRDA:113,24,0,30
BRDA:117,25,0,99
BRDA:123,26,0,98
BRDA:135,27,0,98
BRDA:119,28,0,22
BRDA:121,29,0,1
BRDA:124,30,0,20
BRDA:131,31,0,22
BRDA:133,32,0,1
BRDA:136,33,0,20
BRDA:142,34,0,22
BRDA:145,35,0,2
BRDA:148,36,0,2
BRDA:151,37,0,1
BRDA:154,38,0,21
BRDA:154,39,0,1
BRDA:157,40,0,20
BRDA:157,41,0,1
BRDA:160,42,0,19
BRDA:160,43,0,18
BRDA:160,44,0,2
BRDA:163,45,0,5
BRDA:168,46,0,17
BRDA:177,47,0,380
BRDA:179,48,0,0
BRDA:182,49,0,284
BRDA:183,50,0,1684
BRDA:184,51,0,1400
BRF:52
BRH:48
end_of_record
TN:
SF:lib/StrapiFindOne.ts
FN:17,StrapiFindOne
FN:21,offsetStart
FN:26,offsetLimit
FN:31,chain
FN:36,hideId
FN:41,filter
FN:53,populate
FN:58,rename
FN:63,field
FN:68,fields
FN:73,generateUuid
FN:77,showOnlyId
FN:82,show
FN:86,update
FN:90,delete
FN:94,and
FN:103,or
FN:112,call
FNF:18
FNH:18
FNDA:326,StrapiFindOne
FNDA:323,offsetStart
FNDA:323,offsetLimit
FNDA:323,chain
FNDA:1,hideId
FNDA:246,filter
FNDA:9,populate
FNDA:1,rename
FNDA:74,field
FNDA:1,fields
FNDA:71,generateUuid
FNDA:72,showOnlyId
FNDA:36,show
FNDA:5,update
FNDA:210,delete
FNDA:3,and
FNDA:3,or
FNDA:323,call
DA:1,1
DA:2,1
DA:3,1
DA:4,1
DA:5,1
DA:6,1
DA:7,1
DA:8,1
DA:9,1
DA:10,1
DA:11,1
DA:12,1
DA:13,1
DA:14,1
DA:15,1
DA:16,1
DA:17,1
DA:18,326
DA:19,326
DA:20,1
DA:21,1
DA:22,323
DA:23,323
DA:24,323
DA:25,1
DA:26,1
DA:27,323
DA:28,323
DA:29,323
DA:30,1
DA:31,1
DA:32,323
DA:33,323
DA:34,323
DA:35,1
DA:36,1
DA:37,1
DA:38,1
DA:39,1
DA:40,1
DA:41,1
DA:42,246
DA:43,246
DA:44,246
DA:45,246
DA:46,246
DA:47,246
DA:48,246
DA:49,246
DA:50,246
DA:51,246
DA:52,1
DA:53,1
DA:54,9
DA:55,9
DA:56,9
DA:57,1
DA:58,1
DA:59,1
DA:60,1
DA:61,1
DA:62,1
DA:63,1
DA:64,74
DA:65,74
DA:66,74
DA:67,1
DA:68,1
DA:69,1
DA:70,1
DA:71,1
DA:72,1
DA:73,1
DA:74,71
DA:75,71
DA:76,1
DA:77,1
DA:78,72
DA:79,72
DA:80,72
DA:81,1
DA:82,1
DA:83,36
DA:84,36
DA:85,1
DA:86,1
DA:87,5
DA:88,5
DA:89,1
DA:90,1
DA:91,210
DA:92,210
DA:93,1
DA:94,1
DA:95,3
DA:96,1
DA:97,1
DA:98,2
DA:99,2
DA:100,2
DA:101,2
DA:102,1
DA:103,1
DA:104,3
DA:105,1
DA:106,1
DA:107,2
DA:108,2
DA:109,2
DA:110,2
DA:111,1
DA:112,1
DA:113,323
DA:114,323
DA:115,323
DA:116,323
DA:117,323
DA:118,323
DA:119,72
DA:120,72
DA:121,72
DA:122,323
DA:123,323
DA:124,323
DA:125,244
DA:126,244
DA:127,323
DA:128,323
DA:129,322
DA:130,242
DA:131,242
DA:132,242
DA:133,322
DA:134,322
DA:135,323
DA:136,323
DA:137,244
DA:138,244
DA:139,323
DA:140,323
DA:141,322
DA:142,242
DA:143,242
DA:144,242
DA:145,322
DA:146,322
DA:147,323
DA:148,244
DA:149,244
DA:150,244
DA:151,2
DA:152,2
DA:153,244
DA:154,2
DA:155,2
DA:156,244
DA:157,1
DA:158,1
DA:159,243
DA:160,1
DA:161,1
DA:162,242
DA:163,1
DA:164,1
DA:165,241
DA:166,2
DA:167,2
DA:168,2
DA:169,5
DA:170,5
DA:171,2
DA:172,2
DA:173,239
DA:174,239
DA:175,239
DA:176,323
DA:177,323
DA:178,323
DA:179,323
DA:180,323
DA:181,323
DA:182,323
DA:183,257
DA:184,257
DA:185,1
DA:186,1
DA:187,257
DA:188,1
DA:189,1
DA:190,257
DA:191,257
DA:192,323
DA:193,323
DA:194,323
DA:195,1
DA:196,1
DA:197,1
DA:198,1
LF:198
LH:198
BRDA:17,0,0,326
BRDA:18,1,0,1
BRDA:18,2,0,325
BRDA:21,3,0,323
BRDA:26,4,0,323
BRDA:31,5,0,323
BRDA:36,6,0,1
BRDA:41,7,0,246
BRDA:47,8,0,2
BRDA:47,9,0,244
BRDA:48,10,0,2
BRDA:48,11,0,244
BRDA:53,12,0,9
BRDA:58,13,0,1
BRDA:63,14,0,74
BRDA:68,15,0,1
BRDA:69,16,0,2
BRDA:73,17,0,71
BRDA:77,18,0,72
BRDA:82,19,0,36
BRDA:86,20,0,5
BRDA:90,21,0,210
BRDA:94,22,0,3
BRDA:95,23,0,1
BRDA:98,24,0,2
BRDA:103,25,0,3
BRDA:104,26,0,1
BRDA:107,27,0,2
BRDA:112,28,0,323
BRDA:118,29,0,72
BRDA:128,30,0,322
BRDA:140,31,0,322
BRDA:124,32,0,244
BRDA:126,33,0,1
BRDA:129,34,0,242
BRDA:136,35,0,244
BRDA:138,36,0,1
BRDA:141,37,0,242
BRDA:147,38,0,244
BRDA:150,39,0,2
BRDA:153,40,0,2
BRDA:156,41,0,1
BRDA:159,42,0,243
BRDA:159,43,0,1
BRDA:162,44,0,242
BRDA:162,45,0,1
BRDA:165,46,0,241
BRDA:165,47,0,240
BRDA:165,48,0,2
BRDA:168,49,0,5
BRDA:173,50,0,239
BRDA:182,51,0,257
BRDA:184,52,0,8
BRDA:184,53,0,1
BRDA:187,54,0,1
BRF:55
BRH:55
end_of_record
TN:
SF:lib/StrapiHandler.ts
FN:6,StrapiHandler
FN:8,findAll
FN:12,findOne
FN:16,create
FN:29,createMany
FN:38,isStrapiResponse
FN:42,extractData
FNF:7
FNH:7
FNDA:6,StrapiHandler
FNDA:100,findAll
FNDA:326,findOne
FNDA:209,create
FNDA:6,createMany
FNDA:864,isStrapiResponse
FNDA:864,extractData
DA:1,1
DA:2,1
DA:3,1
DA:4,1
DA:5,1
DA:6,1
DA:7,1
DA:8,1
DA:9,100
DA:10,100
DA:11,1
DA:12,1
DA:13,326
DA:14,326
DA:15,1
DA:16,1
DA:17,209
DA:18,209
DA:19,209
DA:20,209
DA:21,209
DA:22,209
DA:23,209
DA:24,209
DA:25,209
DA:26,209
DA:27,209
DA:28,1
DA:29,1
DA:30,6
DA:31,6
DA:32,22
DA:33,22
DA:34,6
DA:35,6
DA:36,1
DA:37,1
DA:38,1
DA:39,864
DA:40,864
DA:41,1
DA:42,1
DA:43,864
DA:44,760
DA:45,432
DA:46,432
DA:47,760
DA:48,1089
DA:49,1089
DA:50,760
DA:51,760
DA:52,1089
DA:53,1089
DA:54,1089
DA:55,6357
DA:56,20
DA:57,20
DA:58,6357
DA:59,0
DA:60,0
DA:61,6357
DA:62,1089
DA:63,760
DA:64,760
DA:65,104
DA:66,104
DA:67,104
DA:68,864
DA:69,1
DA:70,1
DA:71,1
LF:71
LH:69
BRDA:6,0,0,6
BRDA:8,1,0,100
BRDA:12,2,0,326
BRDA:16,3,0,209
BRDA:17,4,0,0
BRDA:29,5,0,6
BRDA:31,6,0,22
BRDA:38,7,0,864
BRDA:39,8,0,536
BRDA:39,9,0,328
BRDA:39,10,0,328
BRDA:39,11,0,0
BRDA:39,12,0,536
BRDA:39,13,0,432
BRDA:42,14,0,864
BRDA:43,15,0,760
BRDA:44,16,0,432
BRDA:51,17,0,1089
BRDA:54,18,0,6357
BRDA:55,19,0,6119
BRDA:55,20,0,238
BRDA:55,21,0,6119
BRDA:55,22,0,20
BRDA:58,23,0,6119
BRDA:58,24,0,238
BRDA:58,25,0,6119
BRDA:58,26,0,0
BRDA:65,27,0,104
BRDA:47,28,0,1089
BRF:29
BRH:26
end_of_record
