TN:
SF:lib/Interfaces.ts
FNF:0
FNH:0
DA:1,1
DA:2,1
DA:3,1
DA:4,1
DA:5,1
DA:6,1
DA:7,1
DA:8,1
DA:9,1
DA:10,1
DA:11,1
DA:12,1
DA:13,1
DA:14,1
DA:15,1
DA:16,1
DA:17,1
DA:18,1
DA:19,1
DA:20,1
DA:21,1
DA:22,1
DA:23,1
DA:24,1
DA:25,1
DA:26,1
DA:27,1
DA:28,1
DA:29,1
DA:30,1
DA:31,1
DA:32,1
DA:33,1
DA:34,1
DA:35,1
DA:36,1
DA:37,1
DA:38,1
DA:39,1
DA:40,1
DA:41,1
LF:41
LH:41
BRDA:1,0,0,1
BRDA:22,1,0,1
BRDA:29,2,0,1
BRF:3
BRH:3
end_of_record
TN:
SF:lib/StrapiChain.ts
FN:8,StrapiChain
FN:15,delete
FN:28,put
FN:45,show
FNF:4
FNH:4
FNDA:30,StrapiChain
FNDA:10,delete
FNDA:2,put
FNDA:16,show
DA:1,1
DA:2,1
DA:3,1
DA:4,1
DA:5,1
DA:6,1
DA:7,1
DA:8,1
DA:9,30
DA:10,30
DA:11,30
DA:12,30
DA:13,30
DA:14,1
DA:15,1
DA:16,10
DA:17,10
DA:18,1
DA:19,1
DA:20,10
DA:21,10
DA:22,10
DA:23,10
DA:24,10
DA:25,10
DA:26,10
DA:27,1
DA:28,1
DA:29,2
DA:30,2
DA:31,2
DA:32,2
DA:33,2
DA:34,2
DA:35,2
DA:36,2
DA:37,2
DA:38,2
DA:39,2
DA:40,2
DA:41,2
DA:42,2
DA:43,2
DA:44,1
DA:45,1
DA:46,16
DA:47,16
DA:48,3
DA:49,3
DA:50,16
DA:51,2
DA:52,1
DA:53,1
DA:54,1
DA:55,1
DA:56,1
DA:57,5
DA:58,2
DA:59,2
DA:60,1
DA:61,1
DA:62,1
DA:63,2
DA:64,11
DA:65,11
DA:66,11
DA:67,16
DA:68,1
DA:69,1
DA:70,1
LF:70
LH:70
BRDA:8,0,0,30
BRDA:9,1,0,30
BRDA:11,2,0,1
BRDA:11,3,0,29
BRDA:11,4,0,4
BRDA:11,5,0,26
BRDA:15,6,0,10
BRDA:17,7,0,1
BRDA:17,8,0,9
BRDA:17,9,0,1
BRDA:28,10,0,2
BRDA:30,11,0,1
BRDA:30,12,0,1
BRDA:45,13,0,16
BRDA:47,14,0,2
BRDA:47,15,0,14
BRDA:47,16,0,3
BRDA:50,17,0,13
BRDA:50,18,0,2
BRDA:51,19,0,1
BRDA:64,20,0,11
BRDA:56,21,0,5
BRDA:57,22,0,2
BRF:23
BRH:23
end_of_record
TN:
SF:lib/StrapiFindAll.ts
FN:18,StrapiFindAll
FN:22,page
FN:27,populate
FN:32,sort
FN:40,field
FN:45,pageSize
FN:50,offsetStart
FN:55,offsetLimit
FN:60,withCount
FN:65,filter
FN:77,hideId
FN:82,showOnlyId
FN:87,rename
FN:92,and
FN:101,or
FN:110,call
FNF:16
FNH:5
FNDA:14,StrapiFindAll
FNDA:0,page
FNDA:0,populate
FNDA:0,sort
FNDA:0,field
FNDA:0,pageSize
FNDA:0,offsetStart
FNDA:0,offsetLimit
FNDA:0,withCount
FNDA:10,filter
FNDA:0,hideId
FNDA:0,showOnlyId
FNDA:0,rename
FNDA:1,and
FNDA:3,or
FNDA:12,call
DA:1,1
DA:2,1
DA:3,1
DA:4,1
DA:5,1
DA:6,1
DA:7,1
DA:8,1
DA:9,1
DA:10,1
DA:11,1
DA:12,1
DA:13,1
DA:14,1
DA:15,1
DA:16,1
DA:17,1
DA:18,1
DA:19,14
DA:20,14
DA:21,1
DA:22,1
DA:23,0
DA:24,0
DA:25,0
DA:26,1
DA:27,1
DA:28,0
DA:29,0
DA:30,0
DA:31,1
DA:32,1
DA:33,0
DA:34,0
DA:35,0
DA:36,0
DA:37,0
DA:38,0
DA:39,1
DA:40,1
DA:41,0
DA:42,0
DA:43,0
DA:44,1
DA:45,1
DA:46,0
DA:47,0
DA:48,0
DA:49,1
DA:50,1
DA:51,0
DA:52,0
DA:53,0
DA:54,1
DA:55,1
DA:56,0
DA:57,0
DA:58,0
DA:59,1
DA:60,1
DA:61,0
DA:62,0
DA:63,0
DA:64,1
DA:65,1
DA:66,10
DA:67,10
DA:68,10
DA:69,10
DA:70,10
DA:71,10
DA:72,10
DA:73,10
DA:74,10
DA:75,10
DA:76,1
DA:77,1
DA:78,0
DA:79,0
DA:80,0
DA:81,1
DA:82,1
DA:83,0
DA:84,0
DA:85,0
DA:86,1
DA:87,1
DA:88,0
DA:89,0
DA:90,0
DA:91,1
DA:92,1
DA:93,1
DA:94,0
DA:95,0
DA:96,1
DA:97,1
DA:98,1
DA:99,1
DA:100,1
DA:101,1
DA:102,3
DA:103,0
DA:104,0
DA:105,3
DA:106,3
DA:107,3
DA:108,3
DA:109,1
DA:110,1
DA:111,12
DA:112,0
DA:113,0
DA:114,12
DA:115,12
DA:116,10
DA:117,10
DA:118,12
DA:119,12
DA:120,11
DA:121,8
DA:122,8
DA:123,8
DA:124,11
DA:125,11
DA:126,12
DA:127,12
DA:128,10
DA:129,10
DA:130,12
DA:131,12
DA:132,10
DA:133,6
DA:134,6
DA:135,6
DA:136,10
DA:137,10
DA:138,12
DA:139,10
DA:140,10
DA:141,10
DA:142,4
DA:143,4
DA:144,10
DA:145,2
DA:146,2
DA:147,10
DA:148,1
DA:149,1
DA:150,9
DA:151,9
DA:152,9
DA:153,12
DA:154,12
DA:155,12
DA:156,12
DA:157,12
DA:158,12
DA:159,12
DA:160,21
DA:161,21
DA:162,0
DA:163,0
DA:164,21
DA:165,0
DA:166,0
DA:167,0
DA:168,0
DA:169,0
DA:170,0
DA:171,21
DA:172,0
DA:173,0
DA:174,21
DA:175,21
DA:176,12
DA:177,12
DA:178,12
DA:179,12
DA:180,12
DA:181,12
DA:182,1
DA:183,1
DA:184,1
DA:185,1
LF:185
LH:133
BRDA:18,0,0,14
BRDA:19,1,0,1
BRDA:19,2,0,13
BRDA:65,3,0,10
BRDA:71,4,0,1
BRDA:71,5,0,9
BRDA:72,6,0,3
BRDA:72,7,0,7
BRDA:92,8,0,1
BRDA:93,9,0,0
BRDA:101,10,0,3
BRDA:102,11,0,0
BRDA:110,12,0,12
BRDA:111,13,0,0
BRDA:119,14,0,11
BRDA:131,15,0,10
BRDA:115,16,0,10
BRDA:117,17,0,1
BRDA:120,18,0,8
BRDA:127,19,0,10
BRDA:129,20,0,3
BRDA:132,21,0,6
BRDA:138,22,0,10
BRDA:141,23,0,4
BRDA:144,24,0,2
BRDA:147,25,0,1
BRDA:150,26,0,9
BRDA:159,27,0,21
BRDA:161,28,0,0
BRDA:164,29,0,0
BRF:30
BRH:25
end_of_record
TN:
SF:lib/StrapiFindOne.ts
FN:16,StrapiFindOne
FN:20,offsetStart
FN:25,offsetLimit
FN:30,chain
FN:35,hideId
FN:40,filter
FN:52,rename
FN:57,field
FN:62,showOnlyId
FN:67,and
FN:76,or
FN:85,call
FNF:12
FNH:12
FNDA:32,StrapiFindOne
FNDA:30,offsetStart
FNDA:30,offsetLimit
FNDA:30,chain
FNDA:1,hideId
FNDA:22,filter
FNDA:1,rename
FNDA:1,field
FNDA:1,showOnlyId
FNDA:4,and
FNDA:4,or
FNDA:30,call
DA:1,1
DA:2,1
DA:3,1
DA:4,1
DA:5,1
DA:6,1
DA:7,1
DA:8,1
DA:9,1
DA:10,1
DA:11,1
DA:12,1
DA:13,1
DA:14,1
DA:15,1
DA:16,1
DA:17,32
DA:18,32
DA:19,1
DA:20,1
DA:21,30
DA:22,30
DA:23,30
DA:24,1
DA:25,1
DA:26,30
DA:27,30
DA:28,30
DA:29,1
DA:30,1
DA:31,30
DA:32,30
DA:33,30
DA:34,1
DA:35,1
DA:36,1
DA:37,1
DA:38,1
DA:39,1
DA:40,1
DA:41,22
DA:42,22
DA:43,22
DA:44,22
DA:45,22
DA:46,22
DA:47,22
DA:48,22
DA:49,22
DA:50,22
DA:51,1
DA:52,1
DA:53,1
DA:54,1
DA:55,1
DA:56,1
DA:57,1
DA:58,1
DA:59,1
DA:60,1
DA:61,1
DA:62,1
DA:63,1
DA:64,1
DA:65,1
DA:66,1
DA:67,1
DA:68,4
DA:69,1
DA:70,1
DA:71,3
DA:72,3
DA:73,3
DA:74,3
DA:75,1
DA:76,1
DA:77,4
DA:78,1
DA:79,1
DA:80,3
DA:81,3
DA:82,3
DA:83,3
DA:84,1
DA:85,1
DA:86,30
DA:87,30
DA:88,30
DA:89,30
DA:90,20
DA:91,20
DA:92,30
DA:93,30
DA:94,29
DA:95,18
DA:96,18
DA:97,18
DA:98,29
DA:99,29
DA:100,30
DA:101,30
DA:102,20
DA:103,20
DA:104,30
DA:105,30
DA:106,29
DA:107,18
DA:108,18
DA:109,18
DA:110,29
DA:111,29
DA:112,30
DA:113,20
DA:114,20
DA:115,20
DA:116,2
DA:117,2
DA:118,20
DA:119,2
DA:120,2
DA:121,20
DA:122,1
DA:123,1
DA:124,19
DA:125,19
DA:126,19
DA:127,30
DA:128,30
DA:129,30
DA:130,30
DA:131,30
DA:132,30
DA:133,30
DA:134,26
DA:135,26
DA:136,1
DA:137,1
DA:138,26
DA:139,1
DA:140,5
DA:141,4
DA:142,4
DA:143,1
DA:144,1
DA:145,26
DA:146,1
DA:147,1
DA:148,26
DA:149,26
DA:150,30
DA:151,30
DA:152,30
DA:153,1
DA:154,1
DA:155,1
DA:156,1
LF:156
LH:156
BRDA:16,0,0,32
BRDA:17,1,0,1
BRDA:17,2,0,31
BRDA:20,3,0,30
BRDA:25,4,0,30
BRDA:30,5,0,30
BRDA:35,6,0,1
BRDA:40,7,0,22
BRDA:46,8,0,3
BRDA:46,9,0,19
BRDA:47,10,0,3
BRDA:47,11,0,19
BRDA:52,12,0,1
BRDA:57,13,0,1
BRDA:62,14,0,1
BRDA:67,15,0,4
BRDA:68,16,0,1
BRDA:71,17,0,3
BRDA:76,18,0,4
BRDA:77,19,0,1
BRDA:80,20,0,3
BRDA:85,21,0,30
BRDA:93,22,0,29
BRDA:105,23,0,29
BRDA:89,24,0,20
BRDA:91,25,0,2
BRDA:94,26,0,18
BRDA:101,27,0,20
BRDA:103,28,0,2
BRDA:106,29,0,18
BRDA:112,30,0,20
BRDA:115,31,0,2
BRDA:118,32,0,2
BRDA:121,33,0,1
BRDA:124,34,0,19
BRDA:133,35,0,26
BRDA:135,36,0,1
BRDA:138,37,0,1
BRDA:139,38,0,5
BRDA:140,39,0,4
BRDA:145,40,0,1
BRF:41
BRH:41
end_of_record
TN:
SF:lib/StrapiHandler.ts
FN:6,StrapiHandler
FN:8,findAll
FN:12,findOne
FN:16,create
FN:30,isStrapiResponse
FN:34,extractData
FNF:6
FNH:6
FNDA:7,StrapiHandler
FNDA:14,findAll
FNDA:32,findOne
FNDA:9,create
FNDA:72,isStrapiResponse
FNDA:72,extractData
DA:1,1
DA:2,1
DA:3,1
DA:4,1
DA:5,1
DA:6,1
DA:7,1
DA:8,1
DA:9,14
DA:10,14
DA:11,1
DA:12,1
DA:13,32
DA:14,32
DA:15,1
DA:16,1
DA:17,9
DA:18,9
DA:19,9
DA:20,9
DA:21,9
DA:22,9
DA:23,9
DA:24,9
DA:25,9
DA:26,9
DA:27,9
DA:28,1
DA:29,1
DA:30,1
DA:31,72
DA:32,72
DA:33,1
DA:34,1
DA:35,72
DA:36,56
DA:37,19
DA:38,19
DA:39,56
DA:40,66
DA:41,66
DA:42,56
DA:43,56
DA:44,66
DA:45,66
DA:46,66
DA:47,327
DA:48,0
DA:49,0
DA:50,327
DA:51,0
DA:52,0
DA:53,327
DA:54,66
DA:55,56
DA:56,56
DA:57,16
DA:58,16
DA:59,16
DA:60,72
DA:61,1
DA:62,1
DA:63,1
LF:63
LH:59
BRDA:6,0,0,7
BRDA:8,1,0,14
BRDA:12,2,0,32
BRDA:16,3,0,9
BRDA:17,4,0,0
BRDA:30,5,0,72
BRDA:31,6,0,35
BRDA:31,7,0,37
BRDA:31,8,0,37
BRDA:31,9,0,0
BRDA:31,10,0,35
BRDA:31,11,0,30
BRDA:34,12,0,72
BRDA:35,13,0,56
BRDA:36,14,0,19
BRDA:43,15,0,66
BRDA:46,16,0,327
BRDA:47,17,0,0
BRDA:47,18,0,0
BRDA:50,19,0,0
BRDA:50,20,0,0
BRDA:57,21,0,16
BRDA:39,22,0,66
BRF:23
BRH:17
end_of_record
